[ 2018-06-05T20:30:47+08:00 ] 127.0.0.1 /final_work2/index.php?_ijt=jvuu50m44rpdru4cle0t85l5ml
INFO: [ app_init ] --START--
INFO: Run Behavior\BuildLiteBehavior [ RunTime:0.000020s ]
INFO: [ app_init ] --END-- [ RunTime:0.000788s ]
INFO: [ app_begin ] --START--
INFO: Run Behavior\ReadHtmlCacheBehavior [ RunTime:0.001074s ]
INFO: [ app_begin ] --END-- [ RunTime:0.001166s ]
NOTIC: [2048] Declaration of Home\Controller\IndexController::show() should be compatible with Think\Controller::show($content, $charset = '', $contentType = '', $prefix = '') C:\Users\Administrator\Desktop\final_work2\Home\Home\Controller\IndexController.class.php 第 110 行.
INFO: [ view_parse ] --START--
INFO: [ template_filter ] --START--
INFO: Run Behavior\ContentReplaceBehavior [ RunTime:0.000067s ]
INFO: [ template_filter ] --END-- [ RunTime:0.000153s ]
INFO: Run Behavior\ParseTemplateBehavior [ RunTime:0.012616s ]
INFO: [ view_parse ] --END-- [ RunTime:0.012709s ]
INFO: [ view_filter ] --START--
INFO: Run Behavior\WriteHtmlCacheBehavior [ RunTime:0.000668s ]
INFO: [ view_filter ] --END-- [ RunTime:0.000730s ]
INFO: [ app_end ] --START--
INFO: Run Behavior\ShowPageTraceBehavior [ RunTime:0.000986s ]
INFO: [ app_end ] --END-- [ RunTime:0.001055s ]

[ 2018-06-05T20:30:54+08:00 ] 127.0.0.1 /final_work2/index.php?s=/Home/Index/check
INFO: [ app_init ] --START--
INFO: Run Behavior\BuildLiteBehavior [ RunTime:0.000020s ]
INFO: [ app_init ] --END-- [ RunTime:0.000548s ]
INFO: [ app_begin ] --START--
INFO: Run Behavior\ReadHtmlCacheBehavior [ RunTime:0.000838s ]
INFO: [ app_begin ] --END-- [ RunTime:0.000932s ]
NOTIC: [2048] Declaration of Home\Controller\IndexController::show() should be compatible with Think\Controller::show($content, $charset = '', $contentType = '', $prefix = '') C:\Users\Administrator\Desktop\final_work2\Home\Home\Controller\IndexController.class.php 第 110 行.
SQL: SHOW COLUMNS FROM `user` [ RunTime:0.0032s ]
SQL: SELECT * FROM `user` WHERE `password` = '16272215' AND `name` = '龚正阳' LIMIT 1   [ RunTime:0.0007s ]
SQL: SHOW COLUMNS FROM `collect` [ RunTime:0.0012s ]
SQL: SELECT * FROM `collect` WHERE ( user='龚正阳' )  [ RunTime:0.0005s ]
INFO: [ view_parse ] --START--
INFO: [ template_filter ] --START--
INFO: Run Behavior\ContentReplaceBehavior [ RunTime:0.000062s ]
INFO: [ template_filter ] --END-- [ RunTime:0.000145s ]
INFO: Run Behavior\ParseTemplateBehavior [ RunTime:0.013313s ]
INFO: [ view_parse ] --END-- [ RunTime:0.013413s ]
INFO: [ view_filter ] --START--
INFO: Run Behavior\WriteHtmlCacheBehavior [ RunTime:0.000467s ]
INFO: [ view_filter ] --END-- [ RunTime:0.000526s ]
INFO: [ app_end ] --START--
INFO: Run Behavior\ShowPageTraceBehavior [ RunTime:0.000787s ]
INFO: [ app_end ] --END-- [ RunTime:0.000852s ]

[ 2018-06-05T20:30:58+08:00 ] 127.0.0.1 /final_work2/index.php?s=/Home/Index/search
INFO: [ app_init ] --START--
INFO: Run Behavior\BuildLiteBehavior [ RunTime:0.000019s ]
INFO: [ app_init ] --END-- [ RunTime:0.000545s ]
INFO: [ app_begin ] --START--
INFO: Run Behavior\ReadHtmlCacheBehavior [ RunTime:0.000795s ]
INFO: [ app_begin ] --END-- [ RunTime:0.000881s ]
NOTIC: [2048] Declaration of Home\Controller\IndexController::show() should be compatible with Think\Controller::show($content, $charset = '', $contentType = '', $prefix = '') C:\Users\Administrator\Desktop\final_work2\Home\Home\Controller\IndexController.class.php 第 110 行.
SQL: SHOW COLUMNS FROM `search_man` [ RunTime:0.0015s ]
SQL: SHOW COLUMNS FROM `search_song` [ RunTime:0.0009s ]
SQL: SHOW COLUMNS FROM `search_zuanji` [ RunTime:0.0009s ]
SQL: SELECT * FROM `search_man` WHERE ( name='许嵩' )  [ RunTime:0.0004s ]
INFO: [ view_parse ] --START--
INFO: [ template_filter ] --START--
INFO: Run Behavior\ContentReplaceBehavior [ RunTime:0.000057s ]
INFO: [ template_filter ] --END-- [ RunTime:0.000132s ]
INFO: Run Behavior\ParseTemplateBehavior [ RunTime:0.014431s ]
INFO: [ view_parse ] --END-- [ RunTime:0.014523s ]
INFO: [ view_filter ] --START--
INFO: Run Behavior\WriteHtmlCacheBehavior [ RunTime:0.001835s ]
INFO: [ view_filter ] --END-- [ RunTime:0.001894s ]
SQL: SELECT * FROM `search_song` WHERE ( song='许嵩' )  [ RunTime:0.0006s ]
SQL: SELECT * FROM `search_zuanji` WHERE ( zuanji='许嵩' )  [ RunTime:0.0005s ]
INFO: [ app_end ] --START--
INFO: Run Behavior\ShowPageTraceBehavior [ RunTime:0.000891s ]
INFO: [ app_end ] --END-- [ RunTime:0.000961s ]

[ 2018-06-05T20:31:01+08:00 ] 127.0.0.1 /final_work2/index.php?s=/Home/Index/collect/key/man/value/%E8%AE%B8%E5%B5%A9.html
INFO: [ app_init ] --START--
INFO: Run Behavior\BuildLiteBehavior [ RunTime:0.000035s ]
INFO: [ app_init ] --END-- [ RunTime:0.000592s ]
INFO: [ app_begin ] --START--
INFO: Run Behavior\ReadHtmlCacheBehavior [ RunTime:0.000941s ]
INFO: [ app_begin ] --END-- [ RunTime:0.001028s ]
NOTIC: [2048] Declaration of Home\Controller\IndexController::show() should be compatible with Think\Controller::show($content, $charset = '', $contentType = '', $prefix = '') C:\Users\Administrator\Desktop\final_work2\Home\Home\Controller\IndexController.class.php 第 110 行.
SQL: SHOW COLUMNS FROM `collect` [ RunTime:0.0011s ]
SQL: INSERT INTO `collect` (`user`,`man`) VALUES ('龚正阳','许嵩') [ RunTime:0.0010s ]
NOTIC: [8] Use of undefined constant console - assumed 'console' C:\Users\Administrator\Desktop\final_work2\Home\Home\Controller\IndexController.class.php 第 90 行.
NOTIC: [2] log() expects parameter 1 to be double, string given C:\Users\Administrator\Desktop\final_work2\Home\Home\Controller\IndexController.class.php 第 90 行.
INFO: [ view_parse ] --START--
INFO: [ template_filter ] --START--
INFO: Run Behavior\ContentReplaceBehavior [ RunTime:0.000061s ]
INFO: [ template_filter ] --END-- [ RunTime:0.000143s ]
INFO: Run Behavior\ParseTemplateBehavior [ RunTime:0.024787s ]
INFO: [ view_parse ] --END-- [ RunTime:0.024876s ]
INFO: [ view_filter ] --START--
INFO: Run Behavior\WriteHtmlCacheBehavior [ RunTime:0.000465s ]
INFO: [ view_filter ] --END-- [ RunTime:0.000524s ]

[ 2018-06-05T20:31:06+08:00 ] 127.0.0.1 /final_work2/index.php?s=/Home/Index/collect/key/man/value/%E8%AE%B8%E5%B5%A9.html
INFO: [ app_init ] --START--
INFO: Run Behavior\BuildLiteBehavior [ RunTime:0.000027s ]
INFO: [ app_init ] --END-- [ RunTime:0.000795s ]
INFO: [ app_begin ] --START--
INFO: Run Behavior\ReadHtmlCacheBehavior [ RunTime:0.001151s ]
INFO: [ app_begin ] --END-- [ RunTime:0.001264s ]
NOTIC: [2048] Declaration of Home\Controller\IndexController::show() should be compatible with Think\Controller::show($content, $charset = '', $contentType = '', $prefix = '') C:\Users\Administrator\Desktop\final_work2\Home\Home\Controller\IndexController.class.php 第 110 行.
SQL: SHOW COLUMNS FROM `collect` [ RunTime:0.0016s ]
SQL: INSERT INTO `collect` (`user`,`man`) VALUES ('龚正阳','许嵩') [ RunTime:0.0005s ]
NOTIC: [8] Use of undefined constant console - assumed 'console' C:\Users\Administrator\Desktop\final_work2\Home\Home\Controller\IndexController.class.php 第 90 行.
NOTIC: [2] log() expects parameter 1 to be double, string given C:\Users\Administrator\Desktop\final_work2\Home\Home\Controller\IndexController.class.php 第 90 行.
INFO: [ view_parse ] --START--
INFO: [ template_filter ] --START--
INFO: Run Behavior\ContentReplaceBehavior [ RunTime:0.000062s ]
INFO: [ template_filter ] --END-- [ RunTime:0.000138s ]
INFO: Run Behavior\ParseTemplateBehavior [ RunTime:0.011541s ]
INFO: [ view_parse ] --END-- [ RunTime:0.011660s ]
INFO: [ view_filter ] --START--
INFO: Run Behavior\WriteHtmlCacheBehavior [ RunTime:0.000712s ]
INFO: [ view_filter ] --END-- [ RunTime:0.000811s ]

