[ 2018-06-07T08:20:50+08:00 ] 127.0.0.1 /final_work2/admin.php?_ijt=972fgf8ijjjrvju6m5nbgvso9b
INFO: [ app_init ] --START--
INFO: Run Behavior\BuildLiteBehavior [ RunTime:0.000027s ]
INFO: [ app_init ] --END-- [ RunTime:0.019694s ]
INFO: [ app_begin ] --START--
INFO: Run Behavior\ReadHtmlCacheBehavior [ RunTime:0.001106s ]
INFO: [ app_begin ] --END-- [ RunTime:0.001154s ]
INFO: [ view_parse ] --START--
INFO: [ template_filter ] --START--
INFO: Run Behavior\ContentReplaceBehavior [ RunTime:0.032165s ]
INFO: [ template_filter ] --END-- [ RunTime:0.032283s ]
INFO: Run Behavior\ParseTemplateBehavior [ RunTime:0.111359s ]
INFO: [ view_parse ] --END-- [ RunTime:0.111424s ]
INFO: [ view_filter ] --START--
INFO: Run Behavior\WriteHtmlCacheBehavior [ RunTime:0.004266s ]
INFO: [ view_filter ] --END-- [ RunTime:0.004302s ]
INFO: [ app_end ] --START--
INFO: Run Behavior\ShowPageTraceBehavior [ RunTime:0.007254s ]
INFO: [ app_end ] --END-- [ RunTime:0.007320s ]

[ 2018-06-07T08:21:04+08:00 ] 127.0.0.1 /final_work2/admin.php?s=/Home/Index/check
INFO: [ app_init ] --START--
INFO: Run Behavior\BuildLiteBehavior [ RunTime:0.000015s ]
INFO: [ app_init ] --END-- [ RunTime:0.000414s ]
INFO: [ app_begin ] --START--
INFO: Run Behavior\ReadHtmlCacheBehavior [ RunTime:0.000557s ]
INFO: [ app_begin ] --END-- [ RunTime:0.000615s ]
SQL: SHOW COLUMNS FROM `admin_user` [ RunTime:0.0047s ]
SQL: SELECT * FROM `admin_user` WHERE `name` = 'gongg' AND `password` = '16272215' LIMIT 1   [ RunTime:0.0013s ]
INFO: [ view_parse ] --START--
INFO: [ template_filter ] --START--
INFO: Run Behavior\ContentReplaceBehavior [ RunTime:0.000034s ]
INFO: [ template_filter ] --END-- [ RunTime:0.000074s ]
INFO: Run Behavior\ParseTemplateBehavior [ RunTime:0.026310s ]
INFO: [ view_parse ] --END-- [ RunTime:0.026390s ]
INFO: [ view_filter ] --START--
INFO: Run Behavior\WriteHtmlCacheBehavior [ RunTime:0.000222s ]
INFO: [ view_filter ] --END-- [ RunTime:0.000248s ]

[ 2018-06-07T08:21:05+08:00 ] 127.0.0.1 /final_work2/admin.php?s=/Home/Index/check
INFO: [ app_init ] --START--
INFO: Run Behavior\BuildLiteBehavior [ RunTime:0.000008s ]
INFO: [ app_init ] --END-- [ RunTime:0.000240s ]
INFO: [ app_begin ] --START--
INFO: Run Behavior\ReadHtmlCacheBehavior [ RunTime:0.000334s ]
INFO: [ app_begin ] --END-- [ RunTime:0.000370s ]
SQL: SHOW COLUMNS FROM `admin_user` [ RunTime:0.0006s ]
SQL: SELECT * FROM `admin_user` WHERE `name` = 'gongg' AND `password` = '16272215' LIMIT 1   [ RunTime:0.0002s ]
INFO: [ view_parse ] --START--
INFO: [ template_filter ] --START--
INFO: Run Behavior\ContentReplaceBehavior [ RunTime:0.000030s ]
INFO: [ template_filter ] --END-- [ RunTime:0.000063s ]
INFO: Run Behavior\ParseTemplateBehavior [ RunTime:0.004831s ]
INFO: [ view_parse ] --END-- [ RunTime:0.004874s ]
INFO: [ view_filter ] --START--
INFO: Run Behavior\WriteHtmlCacheBehavior [ RunTime:0.000216s ]
INFO: [ view_filter ] --END-- [ RunTime:0.000241s ]

[ 2018-06-07T08:22:40+08:00 ] 127.0.0.1 /final_work2/admin.php?s=/Home/Index/check
INFO: [ app_init ] --START--
INFO: Run Behavior\BuildLiteBehavior [ RunTime:0.000009s ]
INFO: [ app_init ] --END-- [ RunTime:0.000277s ]
INFO: [ app_begin ] --START--
INFO: Run Behavior\ReadHtmlCacheBehavior [ RunTime:0.000401s ]
INFO: [ app_begin ] --END-- [ RunTime:0.000439s ]
SQL: SHOW COLUMNS FROM `admin_user` [ RunTime:0.0005s ]
SQL: SELECT * FROM `admin_user` WHERE `name` = 'gong' AND `password` = '16272215' LIMIT 1   [ RunTime:0.0002s ]
INFO: [ view_parse ] --START--
INFO: [ template_filter ] --START--
INFO: Run Behavior\ContentReplaceBehavior [ RunTime:0.000106s ]
INFO: [ template_filter ] --END-- [ RunTime:0.000154s ]
NOTIC: [8] Undefined index: table C:\Users\Administrator\Desktop\final_work2\Admin\Runtime\Cache\Home\b8ffd7f82f0f8c5b9527f277382d136a.php 第 43 行.
NOTIC: [8] Undefined index: table C:\Users\Administrator\Desktop\final_work2\Admin\Runtime\Cache\Home\b8ffd7f82f0f8c5b9527f277382d136a.php 第 203 行.
NOTIC: [8] Undefined index: table C:\Users\Administrator\Desktop\final_work2\Admin\Runtime\Cache\Home\b8ffd7f82f0f8c5b9527f277382d136a.php 第 228 行.
NOTIC: [8] Undefined index: table C:\Users\Administrator\Desktop\final_work2\Admin\Runtime\Cache\Home\b8ffd7f82f0f8c5b9527f277382d136a.php 第 249 行.
NOTIC: [8] Undefined index: table C:\Users\Administrator\Desktop\final_work2\Admin\Runtime\Cache\Home\b8ffd7f82f0f8c5b9527f277382d136a.php 第 274 行.
NOTIC: [8] Undefined index: table C:\Users\Administrator\Desktop\final_work2\Admin\Runtime\Cache\Home\b8ffd7f82f0f8c5b9527f277382d136a.php 第 305 行.
INFO: Run Behavior\ParseTemplateBehavior [ RunTime:0.714833s ]
INFO: [ view_parse ] --END-- [ RunTime:0.714886s ]
INFO: [ view_filter ] --START--
INFO: Run Behavior\WriteHtmlCacheBehavior [ RunTime:0.000300s ]
INFO: [ view_filter ] --END-- [ RunTime:0.000334s ]
INFO: [ app_end ] --START--
INFO: Run Behavior\ShowPageTraceBehavior [ RunTime:0.000343s ]
INFO: [ app_end ] --END-- [ RunTime:0.000370s ]

[ 2018-06-07T08:22:42+08:00 ] 127.0.0.1 /final_work2/admin.php?s=/Home/Index/read
INFO: [ app_init ] --START--
INFO: Run Behavior\BuildLiteBehavior [ RunTime:0.000008s ]
INFO: [ app_init ] --END-- [ RunTime:0.000251s ]
INFO: [ app_begin ] --START--
INFO: Run Behavior\ReadHtmlCacheBehavior [ RunTime:0.000357s ]
INFO: [ app_begin ] --END-- [ RunTime:0.000392s ]
SQL: SHOW COLUMNS FROM `admin_user` [ RunTime:0.0005s ]
SQL: SELECT * FROM `admin_user`  [ RunTime:0.0002s ]
INFO: [ view_parse ] --START--
INFO: [ template_filter ] --START--
INFO: Run Behavior\ContentReplaceBehavior [ RunTime:0.000045s ]
INFO: [ template_filter ] --END-- [ RunTime:0.000075s ]
INFO: Run Behavior\ParseTemplateBehavior [ RunTime:0.005699s ]
INFO: [ view_parse ] --END-- [ RunTime:0.005738s ]
INFO: [ view_filter ] --START--
INFO: Run Behavior\WriteHtmlCacheBehavior [ RunTime:0.000194s ]
INFO: [ view_filter ] --END-- [ RunTime:0.000216s ]
INFO: [ app_end ] --START--
INFO: Run Behavior\ShowPageTraceBehavior [ RunTime:0.000330s ]
INFO: [ app_end ] --END-- [ RunTime:0.000357s ]

[ 2018-06-07T08:22:48+08:00 ] 127.0.0.1 /final_work2/admin.php?s=/Home/CURD/delete
INFO: [ app_init ] --START--
INFO: Run Behavior\BuildLiteBehavior [ RunTime:0.000007s ]
INFO: [ app_init ] --END-- [ RunTime:0.000244s ]
INFO: [ app_begin ] --START--
INFO: Run Behavior\ReadHtmlCacheBehavior [ RunTime:0.000457s ]
INFO: [ app_begin ] --END-- [ RunTime:0.000489s ]
SQL: SHOW COLUMNS FROM `admin_user` [ RunTime:0.0005s ]
SQL: DELETE FROM `admin_user` WHERE ( id=1 ) [ RunTime:0.0145s ]
SQL: SELECT * FROM `admin_user`  [ RunTime:0.0003s ]
INFO: [ view_parse ] --START--
INFO: [ template_filter ] --START--
INFO: Run Behavior\ContentReplaceBehavior [ RunTime:0.000045s ]
INFO: [ template_filter ] --END-- [ RunTime:0.000074s ]
INFO: Run Behavior\ParseTemplateBehavior [ RunTime:0.006009s ]
INFO: [ view_parse ] --END-- [ RunTime:0.006048s ]
INFO: [ view_filter ] --START--
INFO: Run Behavior\WriteHtmlCacheBehavior [ RunTime:0.000262s ]
INFO: [ view_filter ] --END-- [ RunTime:0.000284s ]
INFO: [ app_end ] --START--
INFO: Run Behavior\ShowPageTraceBehavior [ RunTime:0.000401s ]
INFO: [ app_end ] --END-- [ RunTime:0.000428s ]

[ 2018-06-07T08:23:01+08:00 ] 127.0.0.1 /final_work2/admin.php?s=/Home/CURD/insert
INFO: [ app_init ] --START--
INFO: Run Behavior\BuildLiteBehavior [ RunTime:0.000023s ]
INFO: [ app_init ] --END-- [ RunTime:0.000393s ]
INFO: [ app_begin ] --START--
INFO: Run Behavior\ReadHtmlCacheBehavior [ RunTime:0.000442s ]
INFO: [ app_begin ] --END-- [ RunTime:0.000476s ]
SQL: SHOW COLUMNS FROM `admin_user` [ RunTime:0.0008s ]
SQL: INSERT INTO `admin_user` (`name`,`password`) VALUES ('gong','16272215') [ RunTime:0.0003s ]
SQL: SELECT * FROM `admin_user`  [ RunTime:0.0001s ]
INFO: [ view_parse ] --START--
INFO: [ template_filter ] --START--
INFO: Run Behavior\ContentReplaceBehavior [ RunTime:0.000044s ]
INFO: [ template_filter ] --END-- [ RunTime:0.000075s ]
INFO: Run Behavior\ParseTemplateBehavior [ RunTime:0.005879s ]
INFO: [ view_parse ] --END-- [ RunTime:0.005914s ]
INFO: [ view_filter ] --START--
INFO: Run Behavior\WriteHtmlCacheBehavior [ RunTime:0.000273s ]
INFO: [ view_filter ] --END-- [ RunTime:0.000296s ]
INFO: [ app_end ] --START--
INFO: Run Behavior\ShowPageTraceBehavior [ RunTime:0.000398s ]
INFO: [ app_end ] --END-- [ RunTime:0.000427s ]

[ 2018-06-07T08:33:58+08:00 ] 127.0.0.1 /final_work2/admin.php?s=/Home/Index/check
INFO: [ app_init ] --START--
INFO: Run Behavior\BuildLiteBehavior [ RunTime:0.000023s ]
INFO: [ app_init ] --END-- [ RunTime:0.000605s ]
INFO: [ app_begin ] --START--
INFO: Run Behavior\ReadHtmlCacheBehavior [ RunTime:0.000816s ]
INFO: [ app_begin ] --END-- [ RunTime:0.000898s ]
SQL: SHOW COLUMNS FROM `admin_user` [ RunTime:0.0021s ]
SQL: SELECT * FROM `admin_user` WHERE `name` = 'gong' AND `password` = '16272215' LIMIT 1   [ RunTime:0.0007s ]
INFO: [ view_parse ] --START--
INFO: [ template_filter ] --START--
INFO: Run Behavior\ContentReplaceBehavior [ RunTime:0.000189s ]
INFO: [ template_filter ] --END-- [ RunTime:0.000266s ]
NOTIC: [8] Undefined index: table C:\Users\Administrator\Desktop\final_work2\Admin\Runtime\Cache\Home\b8ffd7f82f0f8c5b9527f277382d136a.php 第 43 行.
NOTIC: [8] Undefined index: table C:\Users\Administrator\Desktop\final_work2\Admin\Runtime\Cache\Home\b8ffd7f82f0f8c5b9527f277382d136a.php 第 204 行.
NOTIC: [8] Undefined index: table C:\Users\Administrator\Desktop\final_work2\Admin\Runtime\Cache\Home\b8ffd7f82f0f8c5b9527f277382d136a.php 第 229 行.
NOTIC: [8] Undefined index: table C:\Users\Administrator\Desktop\final_work2\Admin\Runtime\Cache\Home\b8ffd7f82f0f8c5b9527f277382d136a.php 第 250 行.
NOTIC: [8] Undefined index: table C:\Users\Administrator\Desktop\final_work2\Admin\Runtime\Cache\Home\b8ffd7f82f0f8c5b9527f277382d136a.php 第 275 行.
NOTIC: [8] Undefined index: table C:\Users\Administrator\Desktop\final_work2\Admin\Runtime\Cache\Home\b8ffd7f82f0f8c5b9527f277382d136a.php 第 306 行.
INFO: Run Behavior\ParseTemplateBehavior [ RunTime:0.022639s ]
INFO: [ view_parse ] --END-- [ RunTime:0.022693s ]
INFO: [ view_filter ] --START--
INFO: Run Behavior\WriteHtmlCacheBehavior [ RunTime:0.000538s ]
INFO: [ view_filter ] --END-- [ RunTime:0.000591s ]
INFO: [ app_end ] --START--
INFO: Run Behavior\ShowPageTraceBehavior [ RunTime:0.001144s ]
INFO: [ app_end ] --END-- [ RunTime:0.001214s ]

[ 2018-06-07T08:35:41+08:00 ] 127.0.0.1 /final_work2/admin.php?s=/Home/Index/check
INFO: [ app_init ] --START--
INFO: Run Behavior\BuildLiteBehavior [ RunTime:0.000028s ]
INFO: [ app_init ] --END-- [ RunTime:0.000527s ]
INFO: [ app_begin ] --START--
INFO: Run Behavior\ReadHtmlCacheBehavior [ RunTime:0.000531s ]
INFO: [ app_begin ] --END-- [ RunTime:0.000581s ]
SQL: SHOW COLUMNS FROM `admin_user` [ RunTime:0.0009s ]
SQL: SELECT * FROM `admin_user` WHERE `name` = 'gong' AND `password` = '16272215' LIMIT 1   [ RunTime:0.0004s ]
INFO: [ view_parse ] --START--
INFO: [ template_filter ] --START--
INFO: Run Behavior\ContentReplaceBehavior [ RunTime:0.000119s ]
INFO: [ template_filter ] --END-- [ RunTime:0.000167s ]
NOTIC: [8] Undefined index: table C:\Users\Administrator\Desktop\final_work2\Admin\Runtime\Cache\Home\b8ffd7f82f0f8c5b9527f277382d136a.php 第 43 行.
NOTIC: [8] Undefined index: table C:\Users\Administrator\Desktop\final_work2\Admin\Runtime\Cache\Home\b8ffd7f82f0f8c5b9527f277382d136a.php 第 204 行.
NOTIC: [8] Undefined index: table C:\Users\Administrator\Desktop\final_work2\Admin\Runtime\Cache\Home\b8ffd7f82f0f8c5b9527f277382d136a.php 第 229 行.
NOTIC: [8] Undefined index: table C:\Users\Administrator\Desktop\final_work2\Admin\Runtime\Cache\Home\b8ffd7f82f0f8c5b9527f277382d136a.php 第 250 行.
NOTIC: [8] Undefined index: table C:\Users\Administrator\Desktop\final_work2\Admin\Runtime\Cache\Home\b8ffd7f82f0f8c5b9527f277382d136a.php 第 275 行.
NOTIC: [8] Undefined index: table C:\Users\Administrator\Desktop\final_work2\Admin\Runtime\Cache\Home\b8ffd7f82f0f8c5b9527f277382d136a.php 第 306 行.
INFO: Run Behavior\ParseTemplateBehavior [ RunTime:0.017468s ]
INFO: [ view_parse ] --END-- [ RunTime:0.017564s ]
INFO: [ view_filter ] --START--
INFO: Run Behavior\WriteHtmlCacheBehavior [ RunTime:0.000369s ]
INFO: [ view_filter ] --END-- [ RunTime:0.000402s ]
INFO: [ app_end ] --START--
INFO: Run Behavior\ShowPageTraceBehavior [ RunTime:0.000516s ]
INFO: [ app_end ] --END-- [ RunTime:0.000554s ]

[ 2018-06-07T08:41:19+08:00 ] 127.0.0.1 /final_work2/admin.php?s=/Home/Index/check
INFO: [ app_init ] --START--
INFO: Run Behavior\BuildLiteBehavior [ RunTime:0.000026s ]
INFO: [ app_init ] --END-- [ RunTime:0.000456s ]
INFO: [ app_begin ] --START--
INFO: Run Behavior\ReadHtmlCacheBehavior [ RunTime:0.000511s ]
INFO: [ app_begin ] --END-- [ RunTime:0.000554s ]
SQL: SHOW COLUMNS FROM `admin_user` [ RunTime:0.0012s ]
SQL: SELECT * FROM `admin_user` WHERE `name` = 'gong' AND `password` = '16272215' LIMIT 1   [ RunTime:0.0003s ]
INFO: [ view_parse ] --START--
INFO: [ template_filter ] --START--
INFO: Run Behavior\ContentReplaceBehavior [ RunTime:0.000120s ]
INFO: [ template_filter ] --END-- [ RunTime:0.000167s ]
NOTIC: [8] Undefined index: table C:\Users\Administrator\Desktop\final_work2\Admin\Runtime\Cache\Home\b8ffd7f82f0f8c5b9527f277382d136a.php 第 86 行.
NOTIC: [8] Undefined index: table C:\Users\Administrator\Desktop\final_work2\Admin\Runtime\Cache\Home\b8ffd7f82f0f8c5b9527f277382d136a.php 第 247 行.
NOTIC: [8] Undefined index: table C:\Users\Administrator\Desktop\final_work2\Admin\Runtime\Cache\Home\b8ffd7f82f0f8c5b9527f277382d136a.php 第 272 行.
NOTIC: [8] Undefined index: table C:\Users\Administrator\Desktop\final_work2\Admin\Runtime\Cache\Home\b8ffd7f82f0f8c5b9527f277382d136a.php 第 293 行.
NOTIC: [8] Undefined index: table C:\Users\Administrator\Desktop\final_work2\Admin\Runtime\Cache\Home\b8ffd7f82f0f8c5b9527f277382d136a.php 第 318 行.
NOTIC: [8] Undefined index: table C:\Users\Administrator\Desktop\final_work2\Admin\Runtime\Cache\Home\b8ffd7f82f0f8c5b9527f277382d136a.php 第 349 行.
INFO: Run Behavior\ParseTemplateBehavior [ RunTime:0.018765s ]
INFO: [ view_parse ] --END-- [ RunTime:0.018815s ]
INFO: [ view_filter ] --START--
INFO: Run Behavior\WriteHtmlCacheBehavior [ RunTime:0.000459s ]
INFO: [ view_filter ] --END-- [ RunTime:0.000492s ]
INFO: [ app_end ] --START--
INFO: Run Behavior\ShowPageTraceBehavior [ RunTime:0.000548s ]
INFO: [ app_end ] --END-- [ RunTime:0.000582s ]

[ 2018-06-07T08:41:39+08:00 ] 127.0.0.1 /final_work2/admin.php?s=/Home/Index/read
INFO: [ app_init ] --START--
INFO: Run Behavior\BuildLiteBehavior [ RunTime:0.000008s ]
INFO: [ app_init ] --END-- [ RunTime:0.000268s ]
INFO: [ app_begin ] --START--
INFO: Run Behavior\ReadHtmlCacheBehavior [ RunTime:0.000777s ]
INFO: [ app_begin ] --END-- [ RunTime:0.000854s ]
SQL: SHOW COLUMNS FROM `admin_user` [ RunTime:0.0007s ]
SQL: SELECT * FROM `admin_user`  [ RunTime:0.0002s ]
INFO: [ view_parse ] --START--
INFO: [ template_filter ] --START--
INFO: Run Behavior\ContentReplaceBehavior [ RunTime:0.000052s ]
INFO: [ template_filter ] --END-- [ RunTime:0.000095s ]
INFO: Run Behavior\ParseTemplateBehavior [ RunTime:0.007401s ]
INFO: [ view_parse ] --END-- [ RunTime:0.007448s ]
INFO: [ view_filter ] --START--
INFO: Run Behavior\WriteHtmlCacheBehavior [ RunTime:0.000300s ]
INFO: [ view_filter ] --END-- [ RunTime:0.000338s ]
INFO: [ app_end ] --START--
INFO: Run Behavior\ShowPageTraceBehavior [ RunTime:0.000685s ]
INFO: [ app_end ] --END-- [ RunTime:0.000724s ]

[ 2018-06-07T08:41:41+08:00 ] 127.0.0.1 /final_work2/admin.php?s=/Home/Index/read
INFO: [ app_init ] --START--
INFO: Run Behavior\BuildLiteBehavior [ RunTime:0.000008s ]
INFO: [ app_init ] --END-- [ RunTime:0.000276s ]
INFO: [ app_begin ] --START--
INFO: Run Behavior\ReadHtmlCacheBehavior [ RunTime:0.000395s ]
INFO: [ app_begin ] --END-- [ RunTime:0.000443s ]
SQL: SHOW COLUMNS FROM `admin_user` [ RunTime:0.0007s ]
SQL: SELECT * FROM `admin_user`  [ RunTime:0.0002s ]
INFO: [ view_parse ] --START--
INFO: [ template_filter ] --START--
INFO: Run Behavior\ContentReplaceBehavior [ RunTime:0.000057s ]
INFO: [ template_filter ] --END-- [ RunTime:0.000098s ]
INFO: Run Behavior\ParseTemplateBehavior [ RunTime:0.007613s ]
INFO: [ view_parse ] --END-- [ RunTime:0.007661s ]
INFO: [ view_filter ] --START--
INFO: Run Behavior\WriteHtmlCacheBehavior [ RunTime:0.000308s ]
INFO: [ view_filter ] --END-- [ RunTime:0.000339s ]
INFO: [ app_end ] --START--
INFO: Run Behavior\ShowPageTraceBehavior [ RunTime:0.000467s ]
INFO: [ app_end ] --END-- [ RunTime:0.000501s ]

[ 2018-06-07T08:42:12+08:00 ] 127.0.0.1 /final_work2/admin.php?s=/Home/Index/check
INFO: [ app_init ] --START--
INFO: Run Behavior\BuildLiteBehavior [ RunTime:0.000011s ]
INFO: [ app_init ] --END-- [ RunTime:0.000321s ]
INFO: [ app_begin ] --START--
INFO: Run Behavior\ReadHtmlCacheBehavior [ RunTime:0.000442s ]
INFO: [ app_begin ] --END-- [ RunTime:0.000490s ]
SQL: SHOW COLUMNS FROM `admin_user` [ RunTime:0.0009s ]
SQL: SELECT * FROM `admin_user` WHERE `name` = 'gong' AND `password` = '16272215' LIMIT 1   [ RunTime:0.0005s ]
INFO: [ view_parse ] --START--
INFO: [ template_filter ] --START--
INFO: Run Behavior\ContentReplaceBehavior [ RunTime:0.000119s ]
INFO: [ template_filter ] --END-- [ RunTime:0.000170s ]
NOTIC: [8] Undefined index: table C:\Users\Administrator\Desktop\final_work2\Admin\Runtime\Cache\Home\b8ffd7f82f0f8c5b9527f277382d136a.php 第 86 行.
NOTIC: [8] Undefined index: table C:\Users\Administrator\Desktop\final_work2\Admin\Runtime\Cache\Home\b8ffd7f82f0f8c5b9527f277382d136a.php 第 247 行.
NOTIC: [8] Undefined index: table C:\Users\Administrator\Desktop\final_work2\Admin\Runtime\Cache\Home\b8ffd7f82f0f8c5b9527f277382d136a.php 第 272 行.
NOTIC: [8] Undefined index: table C:\Users\Administrator\Desktop\final_work2\Admin\Runtime\Cache\Home\b8ffd7f82f0f8c5b9527f277382d136a.php 第 293 行.
NOTIC: [8] Undefined index: table C:\Users\Administrator\Desktop\final_work2\Admin\Runtime\Cache\Home\b8ffd7f82f0f8c5b9527f277382d136a.php 第 318 行.
NOTIC: [8] Undefined index: table C:\Users\Administrator\Desktop\final_work2\Admin\Runtime\Cache\Home\b8ffd7f82f0f8c5b9527f277382d136a.php 第 349 行.
INFO: Run Behavior\ParseTemplateBehavior [ RunTime:0.017949s ]
INFO: [ view_parse ] --END-- [ RunTime:0.017999s ]
INFO: [ view_filter ] --START--
INFO: Run Behavior\WriteHtmlCacheBehavior [ RunTime:0.000314s ]
INFO: [ view_filter ] --END-- [ RunTime:0.000348s ]
INFO: [ app_end ] --START--
INFO: Run Behavior\ShowPageTraceBehavior [ RunTime:0.000445s ]
INFO: [ app_end ] --END-- [ RunTime:0.000488s ]

[ 2018-06-07T08:48:21+08:00 ] 127.0.0.1 /final_work2/admin.php?s=/Home/Index/check
INFO: [ app_init ] --START--
INFO: Run Behavior\BuildLiteBehavior [ RunTime:0.000012s ]
INFO: [ app_init ] --END-- [ RunTime:0.000543s ]
INFO: [ app_begin ] --START--
INFO: Run Behavior\ReadHtmlCacheBehavior [ RunTime:0.000620s ]
INFO: [ app_begin ] --END-- [ RunTime:0.000672s ]
SQL: SHOW COLUMNS FROM `admin_user` [ RunTime:0.0007s ]
SQL: SELECT * FROM `admin_user` WHERE `name` = 'gong' AND `password` = '16272215' LIMIT 1   [ RunTime:0.0003s ]
INFO: [ view_parse ] --START--
INFO: [ template_filter ] --START--
INFO: Run Behavior\ContentReplaceBehavior [ RunTime:0.000127s ]
INFO: [ template_filter ] --END-- [ RunTime:0.000173s ]
NOTIC: [8] Undefined index: table C:\Users\Administrator\Desktop\final_work2\Admin\Runtime\Cache\Home\b8ffd7f82f0f8c5b9527f277382d136a.php 第 97 行.
NOTIC: [8] Undefined index: table C:\Users\Administrator\Desktop\final_work2\Admin\Runtime\Cache\Home\b8ffd7f82f0f8c5b9527f277382d136a.php 第 258 行.
NOTIC: [8] Undefined index: table C:\Users\Administrator\Desktop\final_work2\Admin\Runtime\Cache\Home\b8ffd7f82f0f8c5b9527f277382d136a.php 第 283 行.
NOTIC: [8] Undefined index: table C:\Users\Administrator\Desktop\final_work2\Admin\Runtime\Cache\Home\b8ffd7f82f0f8c5b9527f277382d136a.php 第 304 行.
NOTIC: [8] Undefined index: table C:\Users\Administrator\Desktop\final_work2\Admin\Runtime\Cache\Home\b8ffd7f82f0f8c5b9527f277382d136a.php 第 329 行.
NOTIC: [8] Undefined index: table C:\Users\Administrator\Desktop\final_work2\Admin\Runtime\Cache\Home\b8ffd7f82f0f8c5b9527f277382d136a.php 第 360 行.
INFO: Run Behavior\ParseTemplateBehavior [ RunTime:0.017837s ]
INFO: [ view_parse ] --END-- [ RunTime:0.017884s ]
INFO: [ view_filter ] --START--
INFO: Run Behavior\WriteHtmlCacheBehavior [ RunTime:0.000422s ]
INFO: [ view_filter ] --END-- [ RunTime:0.000453s ]
INFO: [ app_end ] --START--
INFO: Run Behavior\ShowPageTraceBehavior [ RunTime:0.000551s ]
INFO: [ app_end ] --END-- [ RunTime:0.000584s ]

[ 2018-06-07T08:48:28+08:00 ] 127.0.0.1 /final_work2/admin.php?s=/Home/Index/read
INFO: [ app_init ] --START--
INFO: Run Behavior\BuildLiteBehavior [ RunTime:0.000010s ]
INFO: [ app_init ] --END-- [ RunTime:0.000340s ]
INFO: [ app_begin ] --START--
INFO: Run Behavior\ReadHtmlCacheBehavior [ RunTime:0.000382s ]
INFO: [ app_begin ] --END-- [ RunTime:0.000420s ]
SQL: SHOW COLUMNS FROM `admin_user` [ RunTime:0.0011s ]
SQL: SELECT * FROM `admin_user`  [ RunTime:0.0002s ]
INFO: [ view_parse ] --START--
INFO: [ template_filter ] --START--
INFO: Run Behavior\ContentReplaceBehavior [ RunTime:0.000050s ]
INFO: [ template_filter ] --END-- [ RunTime:0.000084s ]
INFO: Run Behavior\ParseTemplateBehavior [ RunTime:0.006684s ]
INFO: [ view_parse ] --END-- [ RunTime:0.006724s ]
INFO: [ view_filter ] --START--
INFO: Run Behavior\WriteHtmlCacheBehavior [ RunTime:0.000225s ]
INFO: [ view_filter ] --END-- [ RunTime:0.000250s ]
INFO: [ app_end ] --START--
INFO: Run Behavior\ShowPageTraceBehavior [ RunTime:0.000501s ]
INFO: [ app_end ] --END-- [ RunTime:0.000546s ]

[ 2018-06-07T08:49:04+08:00 ] 127.0.0.1 /final_work2/admin.php?s=/Home/Index/check
INFO: [ app_init ] --START--
INFO: Run Behavior\BuildLiteBehavior [ RunTime:0.000011s ]
INFO: [ app_init ] --END-- [ RunTime:0.000366s ]
INFO: [ app_begin ] --START--
INFO: Run Behavior\ReadHtmlCacheBehavior [ RunTime:0.000465s ]
INFO: [ app_begin ] --END-- [ RunTime:0.000506s ]
SQL: SHOW COLUMNS FROM `admin_user` [ RunTime:0.0007s ]
SQL: SELECT * FROM `admin_user` WHERE `name` = 'gong' AND `password` = '16272215' LIMIT 1   [ RunTime:0.0003s ]
INFO: [ view_parse ] --START--
INFO: [ template_filter ] --START--
INFO: Run Behavior\ContentReplaceBehavior [ RunTime:0.000126s ]
INFO: [ template_filter ] --END-- [ RunTime:0.000172s ]
NOTIC: [8] Undefined index: table C:\Users\Administrator\Desktop\final_work2\Admin\Runtime\Cache\Home\b8ffd7f82f0f8c5b9527f277382d136a.php 第 97 行.
NOTIC: [8] Undefined index: table C:\Users\Administrator\Desktop\final_work2\Admin\Runtime\Cache\Home\b8ffd7f82f0f8c5b9527f277382d136a.php 第 258 行.
NOTIC: [8] Undefined index: table C:\Users\Administrator\Desktop\final_work2\Admin\Runtime\Cache\Home\b8ffd7f82f0f8c5b9527f277382d136a.php 第 283 行.
NOTIC: [8] Undefined index: table C:\Users\Administrator\Desktop\final_work2\Admin\Runtime\Cache\Home\b8ffd7f82f0f8c5b9527f277382d136a.php 第 304 行.
NOTIC: [8] Undefined index: table C:\Users\Administrator\Desktop\final_work2\Admin\Runtime\Cache\Home\b8ffd7f82f0f8c5b9527f277382d136a.php 第 329 行.
NOTIC: [8] Undefined index: table C:\Users\Administrator\Desktop\final_work2\Admin\Runtime\Cache\Home\b8ffd7f82f0f8c5b9527f277382d136a.php 第 360 行.
INFO: Run Behavior\ParseTemplateBehavior [ RunTime:0.027943s ]
INFO: [ view_parse ] --END-- [ RunTime:0.027992s ]
INFO: [ view_filter ] --START--
INFO: Run Behavior\WriteHtmlCacheBehavior [ RunTime:0.000286s ]
INFO: [ view_filter ] --END-- [ RunTime:0.000320s ]
INFO: [ app_end ] --START--
INFO: Run Behavior\ShowPageTraceBehavior [ RunTime:0.000530s ]
INFO: [ app_end ] --END-- [ RunTime:0.000578s ]

[ 2018-06-07T08:49:11+08:00 ] 127.0.0.1 /final_work2/admin.php?s=/Home/Index/read
INFO: [ app_init ] --START--
INFO: Run Behavior\BuildLiteBehavior [ RunTime:0.000017s ]
INFO: [ app_init ] --END-- [ RunTime:0.000380s ]
INFO: [ app_begin ] --START--
INFO: Run Behavior\ReadHtmlCacheBehavior [ RunTime:0.000734s ]
INFO: [ app_begin ] --END-- [ RunTime:0.000798s ]
SQL: SHOW COLUMNS FROM `admin_user` [ RunTime:0.0007s ]
SQL: SELECT * FROM `admin_user`  [ RunTime:0.0003s ]
INFO: [ view_parse ] --START--
INFO: [ template_filter ] --START--
INFO: Run Behavior\ContentReplaceBehavior [ RunTime:0.000094s ]
INFO: [ template_filter ] --END-- [ RunTime:0.000157s ]
INFO: Run Behavior\ParseTemplateBehavior [ RunTime:0.008146s ]
INFO: [ view_parse ] --END-- [ RunTime:0.008204s ]
INFO: [ view_filter ] --START--
INFO: Run Behavior\WriteHtmlCacheBehavior [ RunTime:0.000283s ]
INFO: [ view_filter ] --END-- [ RunTime:0.000314s ]
INFO: [ app_end ] --START--
INFO: Run Behavior\ShowPageTraceBehavior [ RunTime:0.000450s ]
INFO: [ app_end ] --END-- [ RunTime:0.000487s ]

[ 2018-06-07T08:49:30+08:00 ] 127.0.0.1 /final_work2/admin.php?s=/Home/Index/check
INFO: [ app_init ] --START--
INFO: Run Behavior\BuildLiteBehavior [ RunTime:0.000011s ]
INFO: [ app_init ] --END-- [ RunTime:0.000318s ]
INFO: [ app_begin ] --START--
INFO: Run Behavior\ReadHtmlCacheBehavior [ RunTime:0.000426s ]
INFO: [ app_begin ] --END-- [ RunTime:0.000482s ]
SQL: SHOW COLUMNS FROM `admin_user` [ RunTime:0.0008s ]
SQL: SELECT * FROM `admin_user` WHERE `name` = 'gong' AND `password` = '16272215' LIMIT 1   [ RunTime:0.0003s ]
INFO: [ view_parse ] --START--
INFO: [ template_filter ] --START--
INFO: Run Behavior\ContentReplaceBehavior [ RunTime:0.000142s ]
INFO: [ template_filter ] --END-- [ RunTime:0.000203s ]
NOTIC: [8] Undefined index: table C:\Users\Administrator\Desktop\final_work2\Admin\Runtime\Cache\Home\b8ffd7f82f0f8c5b9527f277382d136a.php 第 97 行.
NOTIC: [8] Undefined index: table C:\Users\Administrator\Desktop\final_work2\Admin\Runtime\Cache\Home\b8ffd7f82f0f8c5b9527f277382d136a.php 第 258 行.
NOTIC: [8] Undefined index: table C:\Users\Administrator\Desktop\final_work2\Admin\Runtime\Cache\Home\b8ffd7f82f0f8c5b9527f277382d136a.php 第 283 行.
NOTIC: [8] Undefined index: table C:\Users\Administrator\Desktop\final_work2\Admin\Runtime\Cache\Home\b8ffd7f82f0f8c5b9527f277382d136a.php 第 304 行.
NOTIC: [8] Undefined index: table C:\Users\Administrator\Desktop\final_work2\Admin\Runtime\Cache\Home\b8ffd7f82f0f8c5b9527f277382d136a.php 第 329 行.
NOTIC: [8] Undefined index: table C:\Users\Administrator\Desktop\final_work2\Admin\Runtime\Cache\Home\b8ffd7f82f0f8c5b9527f277382d136a.php 第 360 行.
INFO: Run Behavior\ParseTemplateBehavior [ RunTime:0.017196s ]
INFO: [ view_parse ] --END-- [ RunTime:0.017244s ]
INFO: [ view_filter ] --START--
INFO: Run Behavior\WriteHtmlCacheBehavior [ RunTime:0.000280s ]
INFO: [ view_filter ] --END-- [ RunTime:0.000339s ]
INFO: [ app_end ] --START--
INFO: Run Behavior\ShowPageTraceBehavior [ RunTime:0.000433s ]
INFO: [ app_end ] --END-- [ RunTime:0.000468s ]

[ 2018-06-07T08:49:34+08:00 ] 127.0.0.1 /final_work2/admin.php?s=/Home/Index/read
INFO: [ app_init ] --START--
INFO: Run Behavior\BuildLiteBehavior [ RunTime:0.000009s ]
INFO: [ app_init ] --END-- [ RunTime:0.000268s ]
INFO: [ app_begin ] --START--
INFO: Run Behavior\ReadHtmlCacheBehavior [ RunTime:0.000375s ]
INFO: [ app_begin ] --END-- [ RunTime:0.000413s ]
SQL: SHOW COLUMNS FROM `admin_user` [ RunTime:0.0010s ]
SQL: SELECT * FROM `admin_user`  [ RunTime:0.0004s ]
INFO: [ view_parse ] --START--
INFO: [ template_filter ] --START--
INFO: Run Behavior\ContentReplaceBehavior [ RunTime:0.000050s ]
INFO: [ template_filter ] --END-- [ RunTime:0.000084s ]
INFO: Run Behavior\ParseTemplateBehavior [ RunTime:0.006581s ]
INFO: [ view_parse ] --END-- [ RunTime:0.006625s ]
INFO: [ view_filter ] --START--
INFO: Run Behavior\WriteHtmlCacheBehavior [ RunTime:0.000221s ]
INFO: [ view_filter ] --END-- [ RunTime:0.000245s ]
INFO: [ app_end ] --START--
INFO: Run Behavior\ShowPageTraceBehavior [ RunTime:0.000593s ]
INFO: [ app_end ] --END-- [ RunTime:0.000655s ]

[ 2018-06-07T08:50:46+08:00 ] 127.0.0.1 /final_work2/admin.php?s=/Home/Index/check
INFO: [ app_init ] --START--
INFO: Run Behavior\BuildLiteBehavior [ RunTime:0.000028s ]
INFO: [ app_init ] --END-- [ RunTime:0.000660s ]
INFO: [ app_begin ] --START--
INFO: Run Behavior\ReadHtmlCacheBehavior [ RunTime:0.000602s ]
INFO: [ app_begin ] --END-- [ RunTime:0.000652s ]
SQL: SHOW COLUMNS FROM `admin_user` [ RunTime:0.0008s ]
SQL: SELECT * FROM `admin_user` WHERE `name` = 'gong' AND `password` = '16272215' LIMIT 1   [ RunTime:0.0004s ]
INFO: [ view_parse ] --START--
INFO: [ template_filter ] --START--
INFO: Run Behavior\ContentReplaceBehavior [ RunTime:0.000137s ]
INFO: [ template_filter ] --END-- [ RunTime:0.000186s ]
NOTIC: [8] Undefined index: table C:\Users\Administrator\Desktop\final_work2\Admin\Runtime\Cache\Home\b8ffd7f82f0f8c5b9527f277382d136a.php 第 97 行.
NOTIC: [8] Undefined index: table C:\Users\Administrator\Desktop\final_work2\Admin\Runtime\Cache\Home\b8ffd7f82f0f8c5b9527f277382d136a.php 第 258 行.
NOTIC: [8] Undefined index: table C:\Users\Administrator\Desktop\final_work2\Admin\Runtime\Cache\Home\b8ffd7f82f0f8c5b9527f277382d136a.php 第 283 行.
NOTIC: [8] Undefined index: table C:\Users\Administrator\Desktop\final_work2\Admin\Runtime\Cache\Home\b8ffd7f82f0f8c5b9527f277382d136a.php 第 304 行.
NOTIC: [8] Undefined index: table C:\Users\Administrator\Desktop\final_work2\Admin\Runtime\Cache\Home\b8ffd7f82f0f8c5b9527f277382d136a.php 第 329 行.
NOTIC: [8] Undefined index: table C:\Users\Administrator\Desktop\final_work2\Admin\Runtime\Cache\Home\b8ffd7f82f0f8c5b9527f277382d136a.php 第 360 行.
INFO: Run Behavior\ParseTemplateBehavior [ RunTime:0.020378s ]
INFO: [ view_parse ] --END-- [ RunTime:0.020467s ]
INFO: [ view_filter ] --START--
INFO: Run Behavior\WriteHtmlCacheBehavior [ RunTime:0.000613s ]
INFO: [ view_filter ] --END-- [ RunTime:0.000686s ]
INFO: [ app_end ] --START--
INFO: Run Behavior\ShowPageTraceBehavior [ RunTime:0.000901s ]
INFO: [ app_end ] --END-- [ RunTime:0.001014s ]

[ 2018-06-07T08:50:52+08:00 ] 127.0.0.1 /final_work2/admin.php?s=/Home/Index/read
INFO: [ app_init ] --START--
INFO: Run Behavior\BuildLiteBehavior [ RunTime:0.000011s ]
INFO: [ app_init ] --END-- [ RunTime:0.000339s ]
INFO: [ app_begin ] --START--
INFO: Run Behavior\ReadHtmlCacheBehavior [ RunTime:0.000712s ]
INFO: [ app_begin ] --END-- [ RunTime:0.000812s ]
SQL: SHOW COLUMNS FROM `admin_user` [ RunTime:0.0006s ]
SQL: SELECT * FROM `admin_user`  [ RunTime:0.0002s ]
INFO: [ view_parse ] --START--
INFO: [ template_filter ] --START--
INFO: Run Behavior\ContentReplaceBehavior [ RunTime:0.000056s ]
INFO: [ template_filter ] --END-- [ RunTime:0.000098s ]
INFO: Run Behavior\ParseTemplateBehavior [ RunTime:0.007842s ]
INFO: [ view_parse ] --END-- [ RunTime:0.007921s ]
INFO: [ view_filter ] --START--
INFO: Run Behavior\WriteHtmlCacheBehavior [ RunTime:0.000336s ]
INFO: [ view_filter ] --END-- [ RunTime:0.000369s ]
INFO: [ app_end ] --START--
INFO: Run Behavior\ShowPageTraceBehavior [ RunTime:0.000485s ]
INFO: [ app_end ] --END-- [ RunTime:0.000525s ]

[ 2018-06-07T08:53:57+08:00 ] 127.0.0.1 /final_work2/admin.php?s=/Home/Index/check
INFO: [ app_init ] --START--
INFO: Run Behavior\BuildLiteBehavior [ RunTime:0.000010s ]
INFO: [ app_init ] --END-- [ RunTime:0.000374s ]
INFO: [ app_begin ] --START--
INFO: Run Behavior\ReadHtmlCacheBehavior [ RunTime:0.000460s ]
INFO: [ app_begin ] --END-- [ RunTime:0.000500s ]
SQL: SHOW COLUMNS FROM `admin_user` [ RunTime:0.0005s ]
SQL: SELECT * FROM `admin_user` WHERE `name` = 'gong' AND `password` = '16272215' LIMIT 1   [ RunTime:0.0003s ]
INFO: [ view_parse ] --START--
INFO: [ template_filter ] --START--
INFO: Run Behavior\ContentReplaceBehavior [ RunTime:0.000110s ]
INFO: [ template_filter ] --END-- [ RunTime:0.000145s ]
NOTIC: [8] Undefined index: table C:\Users\Administrator\Desktop\final_work2\Admin\Runtime\Cache\Home\b8ffd7f82f0f8c5b9527f277382d136a.php 第 147 行.
NOTIC: [8] Undefined index: table C:\Users\Administrator\Desktop\final_work2\Admin\Runtime\Cache\Home\b8ffd7f82f0f8c5b9527f277382d136a.php 第 308 行.
NOTIC: [8] Undefined index: table C:\Users\Administrator\Desktop\final_work2\Admin\Runtime\Cache\Home\b8ffd7f82f0f8c5b9527f277382d136a.php 第 333 行.
NOTIC: [8] Undefined index: table C:\Users\Administrator\Desktop\final_work2\Admin\Runtime\Cache\Home\b8ffd7f82f0f8c5b9527f277382d136a.php 第 354 行.
NOTIC: [8] Undefined index: table C:\Users\Administrator\Desktop\final_work2\Admin\Runtime\Cache\Home\b8ffd7f82f0f8c5b9527f277382d136a.php 第 379 行.
NOTIC: [8] Undefined index: table C:\Users\Administrator\Desktop\final_work2\Admin\Runtime\Cache\Home\b8ffd7f82f0f8c5b9527f277382d136a.php 第 410 行.
INFO: Run Behavior\ParseTemplateBehavior [ RunTime:0.013839s ]
INFO: [ view_parse ] --END-- [ RunTime:0.013877s ]
INFO: [ view_filter ] --START--
INFO: Run Behavior\WriteHtmlCacheBehavior [ RunTime:0.000298s ]
INFO: [ view_filter ] --END-- [ RunTime:0.000323s ]
INFO: [ app_end ] --START--
INFO: Run Behavior\ShowPageTraceBehavior [ RunTime:0.000411s ]
INFO: [ app_end ] --END-- [ RunTime:0.000439s ]

[ 2018-06-07T08:54:00+08:00 ] 127.0.0.1 /final_work2/admin.php?s=/Home/Index/read
INFO: [ app_init ] --START--
INFO: Run Behavior\BuildLiteBehavior [ RunTime:0.000007s ]
INFO: [ app_init ] --END-- [ RunTime:0.000251s ]
INFO: [ app_begin ] --START--
INFO: Run Behavior\ReadHtmlCacheBehavior [ RunTime:0.000339s ]
INFO: [ app_begin ] --END-- [ RunTime:0.000373s ]
SQL: SHOW COLUMNS FROM `admin_user` [ RunTime:0.0007s ]
SQL: SELECT * FROM `admin_user`  [ RunTime:0.0003s ]
INFO: [ view_parse ] --START--
INFO: [ template_filter ] --START--
INFO: Run Behavior\ContentReplaceBehavior [ RunTime:0.000046s ]
INFO: [ template_filter ] --END-- [ RunTime:0.000081s ]
INFO: Run Behavior\ParseTemplateBehavior [ RunTime:0.006426s ]
INFO: [ view_parse ] --END-- [ RunTime:0.006468s ]
INFO: [ view_filter ] --START--
INFO: Run Behavior\WriteHtmlCacheBehavior [ RunTime:0.000209s ]
INFO: [ view_filter ] --END-- [ RunTime:0.000231s ]
INFO: [ app_end ] --START--
INFO: Run Behavior\ShowPageTraceBehavior [ RunTime:0.000346s ]
INFO: [ app_end ] --END-- [ RunTime:0.000374s ]

[ 2018-06-07T08:54:04+08:00 ] 127.0.0.1 /final_work2/admin.php?s=/Home/Index/read
INFO: [ app_init ] --START--
INFO: Run Behavior\BuildLiteBehavior [ RunTime:0.000008s ]
INFO: [ app_init ] --END-- [ RunTime:0.000244s ]
INFO: [ app_begin ] --START--
INFO: Run Behavior\ReadHtmlCacheBehavior [ RunTime:0.000430s ]
INFO: [ app_begin ] --END-- [ RunTime:0.000464s ]
SQL: SHOW COLUMNS FROM `user` [ RunTime:0.4494s ]
SQL: SELECT * FROM `user`  [ RunTime:0.0189s ]
INFO: [ view_parse ] --START--
INFO: [ template_filter ] --START--
INFO: Run Behavior\ContentReplaceBehavior [ RunTime:0.000028s ]
INFO: [ template_filter ] --END-- [ RunTime:0.000057s ]
INFO: Run Behavior\ParseTemplateBehavior [ RunTime:0.006623s ]
INFO: [ view_parse ] --END-- [ RunTime:0.006665s ]
INFO: [ view_filter ] --START--
INFO: Run Behavior\WriteHtmlCacheBehavior [ RunTime:0.000208s ]
INFO: [ view_filter ] --END-- [ RunTime:0.000274s ]
INFO: [ app_end ] --START--
INFO: Run Behavior\ShowPageTraceBehavior [ RunTime:0.000348s ]
INFO: [ app_end ] --END-- [ RunTime:0.000375s ]

[ 2018-06-07T08:54:09+08:00 ] 127.0.0.1 /final_work2/admin.php?s=/Home/Index/read
INFO: [ app_init ] --START--
INFO: Run Behavior\BuildLiteBehavior [ RunTime:0.000010s ]
INFO: [ app_init ] --END-- [ RunTime:0.000250s ]
INFO: [ app_begin ] --START--
INFO: Run Behavior\ReadHtmlCacheBehavior [ RunTime:0.000347s ]
INFO: [ app_begin ] --END-- [ RunTime:0.000381s ]
SQL: SHOW COLUMNS FROM `collect` [ RunTime:0.0172s ]
SQL: SELECT * FROM `collect`  [ RunTime:0.0003s ]
INFO: [ view_parse ] --START--
INFO: [ template_filter ] --START--
INFO: Run Behavior\ContentReplaceBehavior [ RunTime:0.000032s ]
INFO: [ template_filter ] --END-- [ RunTime:0.000068s ]
NOTIC: [8] Undefined index: name C:\Users\Administrator\Desktop\final_work2\Admin\Runtime\Cache\Home\d718aaa6d0b3a4c443afce000ec1de36.php 第 18 行.
NOTIC: [8] Undefined index: name C:\Users\Administrator\Desktop\final_work2\Admin\Runtime\Cache\Home\d718aaa6d0b3a4c443afce000ec1de36.php 第 18 行.
NOTIC: [8] Undefined index: name C:\Users\Administrator\Desktop\final_work2\Admin\Runtime\Cache\Home\d718aaa6d0b3a4c443afce000ec1de36.php 第 18 行.
NOTIC: [8] Undefined index: name C:\Users\Administrator\Desktop\final_work2\Admin\Runtime\Cache\Home\d718aaa6d0b3a4c443afce000ec1de36.php 第 18 行.
NOTIC: [8] Undefined index: name C:\Users\Administrator\Desktop\final_work2\Admin\Runtime\Cache\Home\d718aaa6d0b3a4c443afce000ec1de36.php 第 18 行.
NOTIC: [8] Undefined index: name C:\Users\Administrator\Desktop\final_work2\Admin\Runtime\Cache\Home\d718aaa6d0b3a4c443afce000ec1de36.php 第 18 行.
NOTIC: [8] Undefined index: name C:\Users\Administrator\Desktop\final_work2\Admin\Runtime\Cache\Home\d718aaa6d0b3a4c443afce000ec1de36.php 第 18 行.
NOTIC: [8] Undefined index: name C:\Users\Administrator\Desktop\final_work2\Admin\Runtime\Cache\Home\d718aaa6d0b3a4c443afce000ec1de36.php 第 18 行.
NOTIC: [8] Undefined index: name C:\Users\Administrator\Desktop\final_work2\Admin\Runtime\Cache\Home\d718aaa6d0b3a4c443afce000ec1de36.php 第 18 行.
NOTIC: [8] Undefined index: name C:\Users\Administrator\Desktop\final_work2\Admin\Runtime\Cache\Home\d718aaa6d0b3a4c443afce000ec1de36.php 第 18 行.
NOTIC: [8] Undefined index: name C:\Users\Administrator\Desktop\final_work2\Admin\Runtime\Cache\Home\d718aaa6d0b3a4c443afce000ec1de36.php 第 18 行.
NOTIC: [8] Undefined index: name C:\Users\Administrator\Desktop\final_work2\Admin\Runtime\Cache\Home\d718aaa6d0b3a4c443afce000ec1de36.php 第 18 行.
NOTIC: [8] Undefined index: name C:\Users\Administrator\Desktop\final_work2\Admin\Runtime\Cache\Home\d718aaa6d0b3a4c443afce000ec1de36.php 第 18 行.
NOTIC: [8] Undefined index: name C:\Users\Administrator\Desktop\final_work2\Admin\Runtime\Cache\Home\d718aaa6d0b3a4c443afce000ec1de36.php 第 18 行.
NOTIC: [8] Undefined index: name C:\Users\Administrator\Desktop\final_work2\Admin\Runtime\Cache\Home\d718aaa6d0b3a4c443afce000ec1de36.php 第 18 行.
NOTIC: [8] Undefined index: name C:\Users\Administrator\Desktop\final_work2\Admin\Runtime\Cache\Home\d718aaa6d0b3a4c443afce000ec1de36.php 第 18 行.
NOTIC: [8] Undefined index: name C:\Users\Administrator\Desktop\final_work2\Admin\Runtime\Cache\Home\d718aaa6d0b3a4c443afce000ec1de36.php 第 18 行.
NOTIC: [8] Undefined index: name C:\Users\Administrator\Desktop\final_work2\Admin\Runtime\Cache\Home\d718aaa6d0b3a4c443afce000ec1de36.php 第 18 行.
INFO: Run Behavior\ParseTemplateBehavior [ RunTime:0.006733s ]
INFO: [ view_parse ] --END-- [ RunTime:0.006766s ]
INFO: [ view_filter ] --START--
INFO: Run Behavior\WriteHtmlCacheBehavior [ RunTime:0.000210s ]
INFO: [ view_filter ] --END-- [ RunTime:0.000235s ]
INFO: [ app_end ] --START--
INFO: Run Behavior\ShowPageTraceBehavior [ RunTime:0.000378s ]
INFO: [ app_end ] --END-- [ RunTime:0.000406s ]

[ 2018-06-07T08:54:11+08:00 ] 127.0.0.1 /final_work2/admin.php?s=/Home/Index/read
INFO: [ app_init ] --START--
INFO: Run Behavior\BuildLiteBehavior [ RunTime:0.000007s ]
INFO: [ app_init ] --END-- [ RunTime:0.000242s ]
INFO: [ app_begin ] --START--
INFO: Run Behavior\ReadHtmlCacheBehavior [ RunTime:0.000336s ]
INFO: [ app_begin ] --END-- [ RunTime:0.000369s ]
SQL: SHOW COLUMNS FROM `search_man` [ RunTime:0.0009s ]
SQL: SELECT * FROM `search_man`  [ RunTime:0.0105s ]
INFO: [ view_parse ] --START--
INFO: [ template_filter ] --START--
INFO: Run Behavior\ContentReplaceBehavior [ RunTime:0.000027s ]
INFO: [ template_filter ] --END-- [ RunTime:0.000059s ]
INFO: Run Behavior\ParseTemplateBehavior [ RunTime:0.006972s ]
INFO: [ view_parse ] --END-- [ RunTime:0.007011s ]
INFO: [ view_filter ] --START--
INFO: Run Behavior\WriteHtmlCacheBehavior [ RunTime:0.000203s ]
INFO: [ view_filter ] --END-- [ RunTime:0.000226s ]
INFO: [ app_end ] --START--
INFO: Run Behavior\ShowPageTraceBehavior [ RunTime:0.000376s ]
INFO: [ app_end ] --END-- [ RunTime:0.000402s ]

[ 2018-06-07T08:54:13+08:00 ] 127.0.0.1 /final_work2/admin.php?s=/Home/Index/read
INFO: [ app_init ] --START--
INFO: Run Behavior\BuildLiteBehavior [ RunTime:0.000008s ]
INFO: [ app_init ] --END-- [ RunTime:0.000250s ]
INFO: [ app_begin ] --START--
INFO: Run Behavior\ReadHtmlCacheBehavior [ RunTime:0.000348s ]
INFO: [ app_begin ] --END-- [ RunTime:0.000384s ]
SQL: SHOW COLUMNS FROM `search_song` [ RunTime:0.0009s ]
SQL: SELECT * FROM `search_song`  [ RunTime:0.0099s ]
INFO: [ view_parse ] --START--
INFO: [ template_filter ] --START--
INFO: Run Behavior\ContentReplaceBehavior [ RunTime:0.000029s ]
INFO: [ template_filter ] --END-- [ RunTime:0.000056s ]
INFO: Run Behavior\ParseTemplateBehavior [ RunTime:0.007593s ]
INFO: [ view_parse ] --END-- [ RunTime:0.007676s ]
INFO: [ view_filter ] --START--
INFO: Run Behavior\WriteHtmlCacheBehavior [ RunTime:0.000317s ]
INFO: [ view_filter ] --END-- [ RunTime:0.000342s ]
INFO: [ app_end ] --START--
INFO: Run Behavior\ShowPageTraceBehavior [ RunTime:0.000435s ]
INFO: [ app_end ] --END-- [ RunTime:0.000466s ]

[ 2018-06-07T08:54:15+08:00 ] 127.0.0.1 /final_work2/admin.php?s=/Home/Index/read
INFO: [ app_init ] --START--
INFO: Run Behavior\BuildLiteBehavior [ RunTime:0.000009s ]
INFO: [ app_init ] --END-- [ RunTime:0.000251s ]
INFO: [ app_begin ] --START--
INFO: Run Behavior\ReadHtmlCacheBehavior [ RunTime:0.000351s ]
INFO: [ app_begin ] --END-- [ RunTime:0.000385s ]
SQL: SHOW COLUMNS FROM `search_zuanji` [ RunTime:0.0006s ]
SQL: SELECT * FROM `search_zuanji`  [ RunTime:0.0187s ]
INFO: [ view_parse ] --START--
INFO: [ template_filter ] --START--
INFO: Run Behavior\ContentReplaceBehavior [ RunTime:0.000028s ]
INFO: [ template_filter ] --END-- [ RunTime:0.000055s ]
INFO: Run Behavior\ParseTemplateBehavior [ RunTime:0.006411s ]
INFO: [ view_parse ] --END-- [ RunTime:0.006454s ]
INFO: [ view_filter ] --START--
INFO: Run Behavior\WriteHtmlCacheBehavior [ RunTime:0.000220s ]
INFO: [ view_filter ] --END-- [ RunTime:0.000242s ]
INFO: [ app_end ] --START--
INFO: Run Behavior\ShowPageTraceBehavior [ RunTime:0.000360s ]
INFO: [ app_end ] --END-- [ RunTime:0.000388s ]

[ 2018-06-07T08:54:22+08:00 ] 127.0.0.1 /final_work2/admin.php?s=/Home/Index/read
INFO: [ app_init ] --START--
INFO: Run Behavior\BuildLiteBehavior [ RunTime:0.000009s ]
INFO: [ app_init ] --END-- [ RunTime:0.000366s ]
INFO: [ app_begin ] --START--
INFO: Run Behavior\ReadHtmlCacheBehavior [ RunTime:0.008130s ]
INFO: [ app_begin ] --END-- [ RunTime:0.008188s ]
SQL: SHOW COLUMNS FROM `admin_user` [ RunTime:0.0005s ]
SQL: SELECT * FROM `admin_user`  [ RunTime:0.0002s ]
INFO: [ view_parse ] --START--
INFO: [ template_filter ] --START--
INFO: Run Behavior\ContentReplaceBehavior [ RunTime:0.000047s ]
INFO: [ template_filter ] --END-- [ RunTime:0.000081s ]
INFO: Run Behavior\ParseTemplateBehavior [ RunTime:0.006963s ]
INFO: [ view_parse ] --END-- [ RunTime:0.007005s ]
INFO: [ view_filter ] --START--
INFO: Run Behavior\WriteHtmlCacheBehavior [ RunTime:0.000216s ]
INFO: [ view_filter ] --END-- [ RunTime:0.000239s ]
INFO: [ app_end ] --START--
INFO: Run Behavior\ShowPageTraceBehavior [ RunTime:0.000360s ]
INFO: [ app_end ] --END-- [ RunTime:0.000388s ]

[ 2018-06-07T08:54:23+08:00 ] 127.0.0.1 /final_work2/admin.php?s=/Home/Index/read
INFO: [ app_init ] --START--
INFO: Run Behavior\BuildLiteBehavior [ RunTime:0.000009s ]
INFO: [ app_init ] --END-- [ RunTime:0.000259s ]
INFO: [ app_begin ] --START--
INFO: Run Behavior\ReadHtmlCacheBehavior [ RunTime:0.000366s ]
INFO: [ app_begin ] --END-- [ RunTime:0.000420s ]
SQL: SHOW COLUMNS FROM `user` [ RunTime:0.0008s ]
SQL: SELECT * FROM `user`  [ RunTime:0.0002s ]
INFO: [ view_parse ] --START--
INFO: [ template_filter ] --START--
INFO: Run Behavior\ContentReplaceBehavior [ RunTime:0.000029s ]
INFO: [ template_filter ] --END-- [ RunTime:0.000061s ]
INFO: Run Behavior\ParseTemplateBehavior [ RunTime:0.005535s ]
INFO: [ view_parse ] --END-- [ RunTime:0.005572s ]
INFO: [ view_filter ] --START--
INFO: Run Behavior\WriteHtmlCacheBehavior [ RunTime:0.000200s ]
INFO: [ view_filter ] --END-- [ RunTime:0.000222s ]
INFO: [ app_end ] --START--
INFO: Run Behavior\ShowPageTraceBehavior [ RunTime:0.000342s ]
INFO: [ app_end ] --END-- [ RunTime:0.000368s ]

[ 2018-06-07T09:02:16+08:00 ] 127.0.0.1 /final_work2/admin.php?s=/Home/Index/check
INFO: [ app_init ] --START--
INFO: Run Behavior\BuildLiteBehavior [ RunTime:0.000024s ]
INFO: [ app_init ] --END-- [ RunTime:0.000712s ]
INFO: [ app_begin ] --START--
INFO: Run Behavior\ReadHtmlCacheBehavior [ RunTime:0.001073s ]
INFO: [ app_begin ] --END-- [ RunTime:0.001186s ]
SQL: SHOW COLUMNS FROM `admin_user` [ RunTime:0.0010s ]
SQL: SELECT * FROM `admin_user` WHERE `name` = 'gong' AND `password` = '16272215' LIMIT 1   [ RunTime:0.0004s ]
INFO: [ view_parse ] --START--
INFO: [ template_filter ] --START--
INFO: Run Behavior\ContentReplaceBehavior [ RunTime:0.000402s ]
INFO: [ template_filter ] --END-- [ RunTime:0.000503s ]
NOTIC: [8] Undefined index: table C:\Users\Administrator\Desktop\final_work2\Admin\Runtime\Cache\Home\b8ffd7f82f0f8c5b9527f277382d136a.php 第 147 行.
NOTIC: [8] Undefined index: table C:\Users\Administrator\Desktop\final_work2\Admin\Runtime\Cache\Home\b8ffd7f82f0f8c5b9527f277382d136a.php 第 308 行.
NOTIC: [8] Undefined index: table C:\Users\Administrator\Desktop\final_work2\Admin\Runtime\Cache\Home\b8ffd7f82f0f8c5b9527f277382d136a.php 第 438 行.
NOTIC: [8] Undefined index: table C:\Users\Administrator\Desktop\final_work2\Admin\Runtime\Cache\Home\b8ffd7f82f0f8c5b9527f277382d136a.php 第 567 行.
NOTIC: [8] Undefined index: table C:\Users\Administrator\Desktop\final_work2\Admin\Runtime\Cache\Home\b8ffd7f82f0f8c5b9527f277382d136a.php 第 700 行.
NOTIC: [8] Undefined index: table C:\Users\Administrator\Desktop\final_work2\Admin\Runtime\Cache\Home\b8ffd7f82f0f8c5b9527f277382d136a.php 第 839 行.
INFO: Run Behavior\ParseTemplateBehavior [ RunTime:0.034549s ]
INFO: [ view_parse ] --END-- [ RunTime:0.034636s ]
INFO: [ view_filter ] --START--
INFO: Run Behavior\WriteHtmlCacheBehavior [ RunTime:0.000705s ]
INFO: [ view_filter ] --END-- [ RunTime:0.000771s ]
INFO: [ app_end ] --START--
INFO: Run Behavior\ShowPageTraceBehavior [ RunTime:0.000947s ]
INFO: [ app_end ] --END-- [ RunTime:0.001018s ]

[ 2018-06-07T09:02:19+08:00 ] 127.0.0.1 /final_work2/admin.php?s=/Home/Index/read
INFO: [ app_init ] --START--
INFO: Run Behavior\BuildLiteBehavior [ RunTime:0.000012s ]
INFO: [ app_init ] --END-- [ RunTime:0.000315s ]
INFO: [ app_begin ] --START--
INFO: Run Behavior\ReadHtmlCacheBehavior [ RunTime:0.000437s ]
INFO: [ app_begin ] --END-- [ RunTime:0.000480s ]
SQL: SHOW COLUMNS FROM `admin_user` [ RunTime:0.0005s ]
SQL: SELECT * FROM `admin_user`  [ RunTime:0.0003s ]
INFO: [ view_parse ] --START--
INFO: [ template_filter ] --START--
INFO: Run Behavior\ContentReplaceBehavior [ RunTime:0.000057s ]
INFO: [ template_filter ] --END-- [ RunTime:0.000100s ]
INFO: Run Behavior\ParseTemplateBehavior [ RunTime:0.008076s ]
INFO: [ view_parse ] --END-- [ RunTime:0.008141s ]
INFO: [ view_filter ] --START--
INFO: Run Behavior\WriteHtmlCacheBehavior [ RunTime:0.000274s ]
INFO: [ view_filter ] --END-- [ RunTime:0.000302s ]
INFO: [ app_end ] --START--
INFO: Run Behavior\ShowPageTraceBehavior [ RunTime:0.000469s ]
INFO: [ app_end ] --END-- [ RunTime:0.000504s ]

[ 2018-06-07T09:02:21+08:00 ] 127.0.0.1 /final_work2/admin.php?s=/Home/Index/read
INFO: [ app_init ] --START--
INFO: Run Behavior\BuildLiteBehavior [ RunTime:0.000010s ]
INFO: [ app_init ] --END-- [ RunTime:0.000352s ]
INFO: [ app_begin ] --START--
INFO: Run Behavior\ReadHtmlCacheBehavior [ RunTime:0.000447s ]
INFO: [ app_begin ] --END-- [ RunTime:0.000504s ]
SQL: SHOW COLUMNS FROM `user` [ RunTime:0.0012s ]
SQL: SELECT * FROM `user`  [ RunTime:0.0003s ]
INFO: [ view_parse ] --START--
INFO: [ template_filter ] --START--
INFO: Run Behavior\ContentReplaceBehavior [ RunTime:0.000052s ]
INFO: [ template_filter ] --END-- [ RunTime:0.000094s ]
INFO: Run Behavior\ParseTemplateBehavior [ RunTime:0.008655s ]
INFO: [ view_parse ] --END-- [ RunTime:0.008720s ]
INFO: [ view_filter ] --START--
INFO: Run Behavior\WriteHtmlCacheBehavior [ RunTime:0.000265s ]
INFO: [ view_filter ] --END-- [ RunTime:0.000293s ]
INFO: [ app_end ] --START--
INFO: Run Behavior\ShowPageTraceBehavior [ RunTime:0.000496s ]
INFO: [ app_end ] --END-- [ RunTime:0.000543s ]

[ 2018-06-07T09:02:31+08:00 ] 127.0.0.1 /final_work2/admin.php?s=/Home/CURD/delete
INFO: [ app_init ] --START--
INFO: Run Behavior\BuildLiteBehavior [ RunTime:0.000010s ]
INFO: [ app_init ] --END-- [ RunTime:0.000311s ]
INFO: [ app_begin ] --START--
INFO: Run Behavior\ReadHtmlCacheBehavior [ RunTime:0.000524s ]
INFO: [ app_begin ] --END-- [ RunTime:0.000566s ]
SQL: SHOW COLUMNS FROM `user` [ RunTime:0.0010s ]
NOTIC: [8] Undefined variable: id C:\Users\Administrator\Desktop\final_work2\Admin\Home\Controller\CURDController.class.php 第 27 行.
ERR: 1064:You have an error in your SQL syntax; check the manual that corresponds to your MySQL server version for the right syntax to use near ')' at line 1
 [ SQL语句 ] : DELETE FROM `user` WHERE ( id= )
ERR: 1064:You have an error in your SQL syntax; check the manual that corresponds to your MySQL server version for the right syntax to use near ')' at line 1
 [ SQL语句 ] : DELETE FROM `user` WHERE ( id= )

[ 2018-06-07T09:02:34+08:00 ] 127.0.0.1 /final_work2/admin.php?s=/Home/Index/read
INFO: [ app_init ] --START--
INFO: Run Behavior\BuildLiteBehavior [ RunTime:0.000009s ]
INFO: [ app_init ] --END-- [ RunTime:0.001981s ]
INFO: [ app_begin ] --START--
INFO: Run Behavior\ReadHtmlCacheBehavior [ RunTime:0.000619s ]
INFO: [ app_begin ] --END-- [ RunTime:0.000674s ]
SQL: SHOW COLUMNS FROM `collect` [ RunTime:0.0013s ]
SQL: SELECT * FROM `collect`  [ RunTime:0.0003s ]
INFO: [ view_parse ] --START--
INFO: [ template_filter ] --START--
INFO: Run Behavior\ContentReplaceBehavior [ RunTime:0.000053s ]
INFO: [ template_filter ] --END-- [ RunTime:0.000113s ]
NOTIC: [8] Undefined index: name C:\Users\Administrator\Desktop\final_work2\Admin\Runtime\Cache\Home\d718aaa6d0b3a4c443afce000ec1de36.php 第 81 行.
NOTIC: [8] Undefined index: name C:\Users\Administrator\Desktop\final_work2\Admin\Runtime\Cache\Home\d718aaa6d0b3a4c443afce000ec1de36.php 第 81 行.
NOTIC: [8] Undefined index: name C:\Users\Administrator\Desktop\final_work2\Admin\Runtime\Cache\Home\d718aaa6d0b3a4c443afce000ec1de36.php 第 81 行.
NOTIC: [8] Undefined index: name C:\Users\Administrator\Desktop\final_work2\Admin\Runtime\Cache\Home\d718aaa6d0b3a4c443afce000ec1de36.php 第 81 行.
NOTIC: [8] Undefined index: name C:\Users\Administrator\Desktop\final_work2\Admin\Runtime\Cache\Home\d718aaa6d0b3a4c443afce000ec1de36.php 第 81 行.
NOTIC: [8] Undefined index: name C:\Users\Administrator\Desktop\final_work2\Admin\Runtime\Cache\Home\d718aaa6d0b3a4c443afce000ec1de36.php 第 81 行.
NOTIC: [8] Undefined index: name C:\Users\Administrator\Desktop\final_work2\Admin\Runtime\Cache\Home\d718aaa6d0b3a4c443afce000ec1de36.php 第 81 行.
NOTIC: [8] Undefined index: name C:\Users\Administrator\Desktop\final_work2\Admin\Runtime\Cache\Home\d718aaa6d0b3a4c443afce000ec1de36.php 第 81 行.
NOTIC: [8] Undefined index: name C:\Users\Administrator\Desktop\final_work2\Admin\Runtime\Cache\Home\d718aaa6d0b3a4c443afce000ec1de36.php 第 81 行.
NOTIC: [8] Undefined index: name C:\Users\Administrator\Desktop\final_work2\Admin\Runtime\Cache\Home\d718aaa6d0b3a4c443afce000ec1de36.php 第 81 行.
NOTIC: [8] Undefined index: name C:\Users\Administrator\Desktop\final_work2\Admin\Runtime\Cache\Home\d718aaa6d0b3a4c443afce000ec1de36.php 第 81 行.
NOTIC: [8] Undefined index: name C:\Users\Administrator\Desktop\final_work2\Admin\Runtime\Cache\Home\d718aaa6d0b3a4c443afce000ec1de36.php 第 81 行.
NOTIC: [8] Undefined index: name C:\Users\Administrator\Desktop\final_work2\Admin\Runtime\Cache\Home\d718aaa6d0b3a4c443afce000ec1de36.php 第 81 行.
NOTIC: [8] Undefined index: name C:\Users\Administrator\Desktop\final_work2\Admin\Runtime\Cache\Home\d718aaa6d0b3a4c443afce000ec1de36.php 第 81 行.
NOTIC: [8] Undefined index: name C:\Users\Administrator\Desktop\final_work2\Admin\Runtime\Cache\Home\d718aaa6d0b3a4c443afce000ec1de36.php 第 81 行.
NOTIC: [8] Undefined index: name C:\Users\Administrator\Desktop\final_work2\Admin\Runtime\Cache\Home\d718aaa6d0b3a4c443afce000ec1de36.php 第 81 行.
NOTIC: [8] Undefined index: name C:\Users\Administrator\Desktop\final_work2\Admin\Runtime\Cache\Home\d718aaa6d0b3a4c443afce000ec1de36.php 第 81 行.
NOTIC: [8] Undefined index: name C:\Users\Administrator\Desktop\final_work2\Admin\Runtime\Cache\Home\d718aaa6d0b3a4c443afce000ec1de36.php 第 81 行.
INFO: Run Behavior\ParseTemplateBehavior [ RunTime:0.105995s ]
INFO: [ view_parse ] --END-- [ RunTime:0.106051s ]
INFO: [ view_filter ] --START--
INFO: Run Behavior\WriteHtmlCacheBehavior [ RunTime:0.000335s ]
INFO: [ view_filter ] --END-- [ RunTime:0.000367s ]
INFO: [ app_end ] --START--
INFO: Run Behavior\ShowPageTraceBehavior [ RunTime:0.000512s ]
INFO: [ app_end ] --END-- [ RunTime:0.000554s ]

[ 2018-06-07T09:02:42+08:00 ] 127.0.0.1 /final_work2/admin.php?s=/Home/Index/read
INFO: [ app_init ] --START--
INFO: Run Behavior\BuildLiteBehavior [ RunTime:0.000018s ]
INFO: [ app_init ] --END-- [ RunTime:0.000479s ]
INFO: [ app_begin ] --START--
INFO: Run Behavior\ReadHtmlCacheBehavior [ RunTime:0.000702s ]
INFO: [ app_begin ] --END-- [ RunTime:0.000766s ]
SQL: SHOW COLUMNS FROM `search_zuanji` [ RunTime:0.0012s ]
SQL: SELECT * FROM `search_zuanji`  [ RunTime:0.0003s ]
INFO: [ view_parse ] --START--
INFO: [ template_filter ] --START--
INFO: Run Behavior\ContentReplaceBehavior [ RunTime:0.000085s ]
INFO: [ template_filter ] --END-- [ RunTime:0.000179s ]
INFO: Run Behavior\ParseTemplateBehavior [ RunTime:0.015196s ]
INFO: [ view_parse ] --END-- [ RunTime:0.015269s ]
INFO: [ view_filter ] --START--
INFO: Run Behavior\WriteHtmlCacheBehavior [ RunTime:0.000406s ]
INFO: [ view_filter ] --END-- [ RunTime:0.000449s ]
INFO: [ app_end ] --START--
INFO: Run Behavior\ShowPageTraceBehavior [ RunTime:0.000600s ]
INFO: [ app_end ] --END-- [ RunTime:0.000652s ]

