[ 2018-06-06T11:42:05+08:00 ] 127.0.0.1 /final_work2/admin.php?_ijt=o9gat02rgsc799hokjsgv5dojq
INFO: [ app_init ] --START--
INFO: Run Behavior\BuildLiteBehavior [ RunTime:0.000021s ]
INFO: [ app_init ] --END-- [ RunTime:0.000821s ]
INFO: [ app_begin ] --START--
INFO: Run Behavior\ReadHtmlCacheBehavior [ RunTime:0.001118s ]
INFO: [ app_begin ] --END-- [ RunTime:0.001207s ]
INFO: [ view_parse ] --START--
INFO: [ template_filter ] --START--
INFO: Run Behavior\ContentReplaceBehavior [ RunTime:0.000097s ]
INFO: [ template_filter ] --END-- [ RunTime:0.000188s ]
INFO: Run Behavior\ParseTemplateBehavior [ RunTime:0.024226s ]
INFO: [ view_parse ] --END-- [ RunTime:0.024333s ]
INFO: [ view_filter ] --START--
INFO: Run Behavior\WriteHtmlCacheBehavior [ RunTime:0.000776s ]
INFO: [ view_filter ] --END-- [ RunTime:0.000841s ]
INFO: [ app_end ] --START--
INFO: Run Behavior\ShowPageTraceBehavior [ RunTime:0.001018s ]
INFO: [ app_end ] --END-- [ RunTime:0.001102s ]

[ 2018-06-06T11:42:15+08:00 ] 127.0.0.1 /final_work2/admin.php?s=/Home/Index/check
INFO: [ app_init ] --START--
INFO: Run Behavior\BuildLiteBehavior [ RunTime:0.000018s ]
INFO: [ app_init ] --END-- [ RunTime:0.000531s ]
INFO: [ app_begin ] --START--
INFO: Run Behavior\ReadHtmlCacheBehavior [ RunTime:0.000756s ]
INFO: [ app_begin ] --END-- [ RunTime:0.000837s ]
ERR: SQLSTATE[HY000] [2002] ÓÉÓÚÄ¿±ê¼ÆËã»ú»ý¼«¾Ü¾ø£¬ÎÞ·¨Á¬½Ó¡£


[ 2018-06-06T11:42:42+08:00 ] 127.0.0.1 /final_work2/admin.php?s=/Home/Index/check
INFO: [ app_init ] --START--
INFO: Run Behavior\BuildLiteBehavior [ RunTime:0.000018s ]
INFO: [ app_init ] --END-- [ RunTime:0.000574s ]
INFO: [ app_begin ] --START--
INFO: Run Behavior\ReadHtmlCacheBehavior [ RunTime:0.000751s ]
INFO: [ app_begin ] --END-- [ RunTime:0.000829s ]
SQL: SHOW COLUMNS FROM `admin_user` [ RunTime:0.0250s ]
SQL: SELECT * FROM `admin_user` WHERE `name` = 'gong' AND `password` = '16272215' LIMIT 1   [ RunTime:0.0005s ]
INFO: [ view_parse ] --START--
INFO: [ template_filter ] --START--
INFO: Run Behavior\ContentReplaceBehavior [ RunTime:0.000120s ]
INFO: [ template_filter ] --END-- [ RunTime:0.000198s ]
NOTIC: [8] Undefined index: table C:\Users\Administrator\Desktop\final_work2\Admin\Runtime\Cache\Home\b8ffd7f82f0f8c5b9527f277382d136a.php ç¬¬ 31 è¡Œ.
NOTIC: [8] Undefined index: table C:\Users\Administrator\Desktop\final_work2\Admin\Runtime\Cache\Home\b8ffd7f82f0f8c5b9527f277382d136a.php ç¬¬ 51 è¡Œ.
NOTIC: [8] Undefined index: table C:\Users\Administrator\Desktop\final_work2\Admin\Runtime\Cache\Home\b8ffd7f82f0f8c5b9527f277382d136a.php ç¬¬ 76 è¡Œ.
NOTIC: [8] Undefined index: table C:\Users\Administrator\Desktop\final_work2\Admin\Runtime\Cache\Home\b8ffd7f82f0f8c5b9527f277382d136a.php ç¬¬ 97 è¡Œ.
NOTIC: [8] Undefined index: table C:\Users\Administrator\Desktop\final_work2\Admin\Runtime\Cache\Home\b8ffd7f82f0f8c5b9527f277382d136a.php ç¬¬ 122 è¡Œ.
NOTIC: [8] Undefined index: table C:\Users\Administrator\Desktop\final_work2\Admin\Runtime\Cache\Home\b8ffd7f82f0f8c5b9527f277382d136a.php ç¬¬ 153 è¡Œ.
INFO: Run Behavior\ParseTemplateBehavior [ RunTime:0.027693s ]
INFO: [ view_parse ] --END-- [ RunTime:0.027766s ]
INFO: [ view_filter ] --START--
INFO: Run Behavior\WriteHtmlCacheBehavior [ RunTime:0.000501s ]
INFO: [ view_filter ] --END-- [ RunTime:0.000552s ]
INFO: [ app_end ] --START--
INFO: Run Behavior\ShowPageTraceBehavior [ RunTime:0.000799s ]
INFO: [ app_end ] --END-- [ RunTime:0.000856s ]

[ 2018-06-06T11:43:39+08:00 ] 127.0.0.1 /final_work2/admin.php?s=/Home/Index/check
INFO: [ app_init ] --START--
INFO: Run Behavior\BuildLiteBehavior [ RunTime:0.000019s ]
INFO: [ app_init ] --END-- [ RunTime:0.000584s ]
INFO: [ app_begin ] --START--
INFO: Run Behavior\ReadHtmlCacheBehavior [ RunTime:0.000858s ]
INFO: [ app_begin ] --END-- [ RunTime:0.000963s ]
SQL: SHOW COLUMNS FROM `admin_user` [ RunTime:0.0018s ]
SQL: SELECT * FROM `admin_user` WHERE `name` = 'gong' AND `password` = '16272215' LIMIT 1   [ RunTime:0.0004s ]
INFO: [ view_parse ] --START--
INFO: [ template_filter ] --START--
INFO: Run Behavior\ContentReplaceBehavior [ RunTime:0.000132s ]
INFO: [ template_filter ] --END-- [ RunTime:0.000238s ]
NOTIC: [8] Undefined index: table C:\Users\Administrator\Desktop\final_work2\Admin\Runtime\Cache\Home\b8ffd7f82f0f8c5b9527f277382d136a.php ç¬¬ 31 è¡Œ.
NOTIC: [8] Undefined index: table C:\Users\Administrator\Desktop\final_work2\Admin\Runtime\Cache\Home\b8ffd7f82f0f8c5b9527f277382d136a.php ç¬¬ 51 è¡Œ.
NOTIC: [8] Undefined index: table C:\Users\Administrator\Desktop\final_work2\Admin\Runtime\Cache\Home\b8ffd7f82f0f8c5b9527f277382d136a.php ç¬¬ 76 è¡Œ.
NOTIC: [8] Undefined index: table C:\Users\Administrator\Desktop\final_work2\Admin\Runtime\Cache\Home\b8ffd7f82f0f8c5b9527f277382d136a.php ç¬¬ 97 è¡Œ.
NOTIC: [8] Undefined index: table C:\Users\Administrator\Desktop\final_work2\Admin\Runtime\Cache\Home\b8ffd7f82f0f8c5b9527f277382d136a.php ç¬¬ 122 è¡Œ.
NOTIC: [8] Undefined index: table C:\Users\Administrator\Desktop\final_work2\Admin\Runtime\Cache\Home\b8ffd7f82f0f8c5b9527f277382d136a.php ç¬¬ 153 è¡Œ.
INFO: Run Behavior\ParseTemplateBehavior [ RunTime:0.026369s ]
INFO: [ view_parse ] --END-- [ RunTime:0.026447s ]
INFO: [ view_filter ] --START--
INFO: Run Behavior\WriteHtmlCacheBehavior [ RunTime:0.000473s ]
INFO: [ view_filter ] --END-- [ RunTime:0.000529s ]
INFO: [ app_end ] --START--
INFO: Run Behavior\ShowPageTraceBehavior [ RunTime:0.000753s ]
INFO: [ app_end ] --END-- [ RunTime:0.000813s ]

[ 2018-06-06T11:44:43+08:00 ] 127.0.0.1 /final_work2/admin.php?s=/Home/Index/check
INFO: [ app_init ] --START--
INFO: Run Behavior\BuildLiteBehavior [ RunTime:0.000018s ]
INFO: [ app_init ] --END-- [ RunTime:0.000633s ]
INFO: [ app_begin ] --START--
INFO: Run Behavior\ReadHtmlCacheBehavior [ RunTime:0.000959s ]
INFO: [ app_begin ] --END-- [ RunTime:0.001040s ]
SQL: SHOW COLUMNS FROM `admin_user` [ RunTime:0.0016s ]
SQL: SELECT * FROM `admin_user` WHERE `name` = 'gong' AND `password` = '16272215' LIMIT 1   [ RunTime:0.0004s ]
INFO: [ view_parse ] --START--
INFO: [ template_filter ] --START--
INFO: Run Behavior\ContentReplaceBehavior [ RunTime:0.000247s ]
INFO: [ template_filter ] --END-- [ RunTime:0.000336s ]
NOTIC: [8] Undefined index: table C:\Users\Administrator\Desktop\final_work2\Admin\Runtime\Cache\Home\b8ffd7f82f0f8c5b9527f277382d136a.php ç¬¬ 31 è¡Œ.
NOTIC: [8] Undefined index: table C:\Users\Administrator\Desktop\final_work2\Admin\Runtime\Cache\Home\b8ffd7f82f0f8c5b9527f277382d136a.php ç¬¬ 51 è¡Œ.
NOTIC: [8] Undefined index: table C:\Users\Administrator\Desktop\final_work2\Admin\Runtime\Cache\Home\b8ffd7f82f0f8c5b9527f277382d136a.php ç¬¬ 76 è¡Œ.
NOTIC: [8] Undefined index: table C:\Users\Administrator\Desktop\final_work2\Admin\Runtime\Cache\Home\b8ffd7f82f0f8c5b9527f277382d136a.php ç¬¬ 97 è¡Œ.
NOTIC: [8] Undefined index: table C:\Users\Administrator\Desktop\final_work2\Admin\Runtime\Cache\Home\b8ffd7f82f0f8c5b9527f277382d136a.php ç¬¬ 122 è¡Œ.
NOTIC: [8] Undefined index: table C:\Users\Administrator\Desktop\final_work2\Admin\Runtime\Cache\Home\b8ffd7f82f0f8c5b9527f277382d136a.php ç¬¬ 153 è¡Œ.
INFO: Run Behavior\ParseTemplateBehavior [ RunTime:0.024605s ]
INFO: [ view_parse ] --END-- [ RunTime:0.024708s ]
INFO: [ view_filter ] --START--
INFO: Run Behavior\WriteHtmlCacheBehavior [ RunTime:0.000629s ]
INFO: [ view_filter ] --END-- [ RunTime:0.000684s ]
INFO: [ app_end ] --START--
INFO: Run Behavior\ShowPageTraceBehavior [ RunTime:0.000916s ]
INFO: [ app_end ] --END-- [ RunTime:0.000975s ]

[ 2018-06-06T11:45:16+08:00 ] 127.0.0.1 /final_work2/admin.php?s=/Home/Index/check
INFO: [ app_init ] --START--
INFO: Run Behavior\BuildLiteBehavior [ RunTime:0.000020s ]
INFO: [ app_init ] --END-- [ RunTime:0.000636s ]
INFO: [ app_begin ] --START--
INFO: Run Behavior\ReadHtmlCacheBehavior [ RunTime:0.000764s ]
INFO: [ app_begin ] --END-- [ RunTime:0.000844s ]
SQL: SHOW COLUMNS FROM `admin_user` [ RunTime:0.0014s ]
SQL: SELECT * FROM `admin_user` WHERE `name` = 'gong' AND `password` = '16272215' LIMIT 1   [ RunTime:0.0004s ]
INFO: [ view_parse ] --START--
INFO: [ template_filter ] --START--
INFO: Run Behavior\ContentReplaceBehavior [ RunTime:0.000116s ]
INFO: [ template_filter ] --END-- [ RunTime:0.000182s ]
NOTIC: [8] Undefined index: table C:\Users\Administrator\Desktop\final_work2\Admin\Runtime\Cache\Home\b8ffd7f82f0f8c5b9527f277382d136a.php ç¬¬ 31 è¡Œ.
NOTIC: [8] Undefined index: table C:\Users\Administrator\Desktop\final_work2\Admin\Runtime\Cache\Home\b8ffd7f82f0f8c5b9527f277382d136a.php ç¬¬ 51 è¡Œ.
NOTIC: [8] Undefined index: table C:\Users\Administrator\Desktop\final_work2\Admin\Runtime\Cache\Home\b8ffd7f82f0f8c5b9527f277382d136a.php ç¬¬ 76 è¡Œ.
NOTIC: [8] Undefined index: table C:\Users\Administrator\Desktop\final_work2\Admin\Runtime\Cache\Home\b8ffd7f82f0f8c5b9527f277382d136a.php ç¬¬ 97 è¡Œ.
NOTIC: [8] Undefined index: table C:\Users\Administrator\Desktop\final_work2\Admin\Runtime\Cache\Home\b8ffd7f82f0f8c5b9527f277382d136a.php ç¬¬ 122 è¡Œ.
NOTIC: [8] Undefined index: table C:\Users\Administrator\Desktop\final_work2\Admin\Runtime\Cache\Home\b8ffd7f82f0f8c5b9527f277382d136a.php ç¬¬ 153 è¡Œ.
INFO: Run Behavior\ParseTemplateBehavior [ RunTime:0.023486s ]
INFO: [ view_parse ] --END-- [ RunTime:0.023561s ]
INFO: [ view_filter ] --START--
INFO: Run Behavior\WriteHtmlCacheBehavior [ RunTime:0.000540s ]
INFO: [ view_filter ] --END-- [ RunTime:0.000608s ]
INFO: [ app_end ] --START--
INFO: Run Behavior\ShowPageTraceBehavior [ RunTime:0.000770s ]
INFO: [ app_end ] --END-- [ RunTime:0.000828s ]

[ 2018-06-06T11:46:46+08:00 ] 127.0.0.1 /final_work2/admin.php?s=/Home/Index/check
INFO: [ app_init ] --START--
INFO: Run Behavior\BuildLiteBehavior [ RunTime:0.000020s ]
INFO: [ app_init ] --END-- [ RunTime:0.000634s ]
INFO: [ app_begin ] --START--
INFO: Run Behavior\ReadHtmlCacheBehavior [ RunTime:0.000959s ]
INFO: [ app_begin ] --END-- [ RunTime:0.001040s ]
SQL: SHOW COLUMNS FROM `admin_user` [ RunTime:0.0017s ]
SQL: SELECT * FROM `admin_user` WHERE `name` = 'gong' AND `password` = '16272215' LIMIT 1   [ RunTime:0.0004s ]
INFO: [ view_parse ] --START--
INFO: [ template_filter ] --START--
INFO: Run Behavior\ContentReplaceBehavior [ RunTime:0.000123s ]
INFO: [ template_filter ] --END-- [ RunTime:0.000198s ]
NOTIC: [8] Undefined index: table C:\Users\Administrator\Desktop\final_work2\Admin\Runtime\Cache\Home\b8ffd7f82f0f8c5b9527f277382d136a.php ç¬¬ 31 è¡Œ.
NOTIC: [8] Undefined index: table C:\Users\Administrator\Desktop\final_work2\Admin\Runtime\Cache\Home\b8ffd7f82f0f8c5b9527f277382d136a.php ç¬¬ 51 è¡Œ.
NOTIC: [8] Undefined index: table C:\Users\Administrator\Desktop\final_work2\Admin\Runtime\Cache\Home\b8ffd7f82f0f8c5b9527f277382d136a.php ç¬¬ 76 è¡Œ.
NOTIC: [8] Undefined index: table C:\Users\Administrator\Desktop\final_work2\Admin\Runtime\Cache\Home\b8ffd7f82f0f8c5b9527f277382d136a.php ç¬¬ 97 è¡Œ.
NOTIC: [8] Undefined index: table C:\Users\Administrator\Desktop\final_work2\Admin\Runtime\Cache\Home\b8ffd7f82f0f8c5b9527f277382d136a.php ç¬¬ 122 è¡Œ.
NOTIC: [8] Undefined index: table C:\Users\Administrator\Desktop\final_work2\Admin\Runtime\Cache\Home\b8ffd7f82f0f8c5b9527f277382d136a.php ç¬¬ 153 è¡Œ.
INFO: Run Behavior\ParseTemplateBehavior [ RunTime:0.024181s ]
INFO: [ view_parse ] --END-- [ RunTime:0.024256s ]
INFO: [ view_filter ] --START--
INFO: Run Behavior\WriteHtmlCacheBehavior [ RunTime:0.000633s ]
INFO: [ view_filter ] --END-- [ RunTime:0.000687s ]
INFO: [ app_end ] --START--
INFO: Run Behavior\ShowPageTraceBehavior [ RunTime:0.000887s ]
INFO: [ app_end ] --END-- [ RunTime:0.000946s ]

[ 2018-06-06T11:47:23+08:00 ] 127.0.0.1 /final_work2/admin.php?s=/Home/Index/check
INFO: [ app_init ] --START--
INFO: Run Behavior\BuildLiteBehavior [ RunTime:0.000019s ]
INFO: [ app_init ] --END-- [ RunTime:0.000539s ]
INFO: [ app_begin ] --START--
INFO: Run Behavior\ReadHtmlCacheBehavior [ RunTime:0.000749s ]
INFO: [ app_begin ] --END-- [ RunTime:0.000830s ]
SQL: SHOW COLUMNS FROM `admin_user` [ RunTime:0.0015s ]
SQL: SELECT * FROM `admin_user` WHERE `name` = 'gong' AND `password` = '16272215' LIMIT 1   [ RunTime:0.0004s ]
INFO: [ view_parse ] --START--
INFO: [ template_filter ] --START--
INFO: Run Behavior\ContentReplaceBehavior [ RunTime:0.000122s ]
INFO: [ template_filter ] --END-- [ RunTime:0.000200s ]
NOTIC: [8] Undefined index: table C:\Users\Administrator\Desktop\final_work2\Admin\Runtime\Cache\Home\b8ffd7f82f0f8c5b9527f277382d136a.php ç¬¬ 32 è¡Œ.
NOTIC: [8] Undefined index: table C:\Users\Administrator\Desktop\final_work2\Admin\Runtime\Cache\Home\b8ffd7f82f0f8c5b9527f277382d136a.php ç¬¬ 52 è¡Œ.
NOTIC: [8] Undefined index: table C:\Users\Administrator\Desktop\final_work2\Admin\Runtime\Cache\Home\b8ffd7f82f0f8c5b9527f277382d136a.php ç¬¬ 77 è¡Œ.
NOTIC: [8] Undefined index: table C:\Users\Administrator\Desktop\final_work2\Admin\Runtime\Cache\Home\b8ffd7f82f0f8c5b9527f277382d136a.php ç¬¬ 98 è¡Œ.
NOTIC: [8] Undefined index: table C:\Users\Administrator\Desktop\final_work2\Admin\Runtime\Cache\Home\b8ffd7f82f0f8c5b9527f277382d136a.php ç¬¬ 123 è¡Œ.
NOTIC: [8] Undefined index: table C:\Users\Administrator\Desktop\final_work2\Admin\Runtime\Cache\Home\b8ffd7f82f0f8c5b9527f277382d136a.php ç¬¬ 154 è¡Œ.
INFO: Run Behavior\ParseTemplateBehavior [ RunTime:0.023762s ]
INFO: [ view_parse ] --END-- [ RunTime:0.023841s ]
INFO: [ view_filter ] --START--
INFO: Run Behavior\WriteHtmlCacheBehavior [ RunTime:0.000477s ]
INFO: [ view_filter ] --END-- [ RunTime:0.000533s ]
INFO: [ app_end ] --START--
INFO: Run Behavior\ShowPageTraceBehavior [ RunTime:0.000743s ]
INFO: [ app_end ] --END-- [ RunTime:0.000800s ]

[ 2018-06-06T11:47:38+08:00 ] 127.0.0.1 /final_work2/admin.php?_ijt=791dmh7hp36gvh3kmj6b9dbq2f
INFO: [ app_init ] --START--
INFO: Run Behavior\BuildLiteBehavior [ RunTime:0.000034s ]
INFO: [ app_init ] --END-- [ RunTime:0.000655s ]
INFO: [ app_begin ] --START--
INFO: Run Behavior\ReadHtmlCacheBehavior [ RunTime:0.000792s ]
INFO: [ app_begin ] --END-- [ RunTime:0.000871s ]
INFO: [ view_parse ] --START--
INFO: [ template_filter ] --START--
INFO: Run Behavior\ContentReplaceBehavior [ RunTime:0.000060s ]
INFO: [ template_filter ] --END-- [ RunTime:0.000137s ]
INFO: Run Behavior\ParseTemplateBehavior [ RunTime:0.011124s ]
INFO: [ view_parse ] --END-- [ RunTime:0.011243s ]
INFO: [ view_filter ] --START--
INFO: Run Behavior\WriteHtmlCacheBehavior [ RunTime:0.000653s ]
INFO: [ view_filter ] --END-- [ RunTime:0.000748s ]
INFO: [ app_end ] --START--
INFO: Run Behavior\ShowPageTraceBehavior [ RunTime:0.000886s ]
INFO: [ app_end ] --END-- [ RunTime:0.001006s ]

[ 2018-06-06T11:47:47+08:00 ] 127.0.0.1 /final_work2/admin.php?s=/Home/Index/check
INFO: [ app_init ] --START--
INFO: Run Behavior\BuildLiteBehavior [ RunTime:0.000016s ]
INFO: [ app_init ] --END-- [ RunTime:0.000529s ]
INFO: [ app_begin ] --START--
INFO: Run Behavior\ReadHtmlCacheBehavior [ RunTime:0.000780s ]
INFO: [ app_begin ] --END-- [ RunTime:0.000861s ]
SQL: SHOW COLUMNS FROM `admin_user` [ RunTime:0.0017s ]
SQL: SELECT * FROM `admin_user` WHERE `name` = 'gong' AND `password` = '16272215' LIMIT 1   [ RunTime:0.0004s ]
INFO: [ view_parse ] --START--
INFO: [ template_filter ] --START--
INFO: Run Behavior\ContentReplaceBehavior [ RunTime:0.000118s ]
INFO: [ template_filter ] --END-- [ RunTime:0.000184s ]
NOTIC: [8] Undefined index: table C:\Users\Administrator\Desktop\final_work2\Admin\Runtime\Cache\Home\b8ffd7f82f0f8c5b9527f277382d136a.php ç¬¬ 32 è¡Œ.
NOTIC: [8] Undefined index: table C:\Users\Administrator\Desktop\final_work2\Admin\Runtime\Cache\Home\b8ffd7f82f0f8c5b9527f277382d136a.php ç¬¬ 52 è¡Œ.
NOTIC: [8] Undefined index: table C:\Users\Administrator\Desktop\final_work2\Admin\Runtime\Cache\Home\b8ffd7f82f0f8c5b9527f277382d136a.php ç¬¬ 77 è¡Œ.
NOTIC: [8] Undefined index: table C:\Users\Administrator\Desktop\final_work2\Admin\Runtime\Cache\Home\b8ffd7f82f0f8c5b9527f277382d136a.php ç¬¬ 98 è¡Œ.
NOTIC: [8] Undefined index: table C:\Users\Administrator\Desktop\final_work2\Admin\Runtime\Cache\Home\b8ffd7f82f0f8c5b9527f277382d136a.php ç¬¬ 123 è¡Œ.
NOTIC: [8] Undefined index: table C:\Users\Administrator\Desktop\final_work2\Admin\Runtime\Cache\Home\b8ffd7f82f0f8c5b9527f277382d136a.php ç¬¬ 154 è¡Œ.
INFO: Run Behavior\ParseTemplateBehavior [ RunTime:0.023347s ]
INFO: [ view_parse ] --END-- [ RunTime:0.023422s ]
INFO: [ view_filter ] --START--
INFO: Run Behavior\WriteHtmlCacheBehavior [ RunTime:0.000465s ]
INFO: [ view_filter ] --END-- [ RunTime:0.000518s ]
INFO: [ app_end ] --START--
INFO: Run Behavior\ShowPageTraceBehavior [ RunTime:0.000727s ]
INFO: [ app_end ] --END-- [ RunTime:0.000785s ]

[ 2018-06-06T11:48:15+08:00 ] 127.0.0.1 /final_work2/admin.php?s=/Home/Index/check
INFO: [ app_init ] --START--
INFO: Run Behavior\BuildLiteBehavior [ RunTime:0.000017s ]
INFO: [ app_init ] --END-- [ RunTime:0.000533s ]
INFO: [ app_begin ] --START--
INFO: Run Behavior\ReadHtmlCacheBehavior [ RunTime:0.000782s ]
INFO: [ app_begin ] --END-- [ RunTime:0.000868s ]
SQL: SHOW COLUMNS FROM `admin_user` [ RunTime:0.0014s ]
SQL: SELECT * FROM `admin_user` WHERE `name` = 'gong' AND `password` = '16272215' LIMIT 1   [ RunTime:0.0004s ]
INFO: [ view_parse ] --START--
INFO: [ template_filter ] --START--
INFO: Run Behavior\ContentReplaceBehavior [ RunTime:0.000116s ]
INFO: [ template_filter ] --END-- [ RunTime:0.000192s ]
NOTIC: [8] Undefined index: table C:\Users\Administrator\Desktop\final_work2\Admin\Runtime\Cache\Home\b8ffd7f82f0f8c5b9527f277382d136a.php ç¬¬ 32 è¡Œ.
NOTIC: [8] Undefined index: table C:\Users\Administrator\Desktop\final_work2\Admin\Runtime\Cache\Home\b8ffd7f82f0f8c5b9527f277382d136a.php ç¬¬ 52 è¡Œ.
NOTIC: [8] Undefined index: table C:\Users\Administrator\Desktop\final_work2\Admin\Runtime\Cache\Home\b8ffd7f82f0f8c5b9527f277382d136a.php ç¬¬ 77 è¡Œ.
NOTIC: [8] Undefined index: table C:\Users\Administrator\Desktop\final_work2\Admin\Runtime\Cache\Home\b8ffd7f82f0f8c5b9527f277382d136a.php ç¬¬ 98 è¡Œ.
NOTIC: [8] Undefined index: table C:\Users\Administrator\Desktop\final_work2\Admin\Runtime\Cache\Home\b8ffd7f82f0f8c5b9527f277382d136a.php ç¬¬ 123 è¡Œ.
NOTIC: [8] Undefined index: table C:\Users\Administrator\Desktop\final_work2\Admin\Runtime\Cache\Home\b8ffd7f82f0f8c5b9527f277382d136a.php ç¬¬ 154 è¡Œ.
INFO: Run Behavior\ParseTemplateBehavior [ RunTime:0.024860s ]
INFO: [ view_parse ] --END-- [ RunTime:0.024933s ]
INFO: [ view_filter ] --START--
INFO: Run Behavior\WriteHtmlCacheBehavior [ RunTime:0.000489s ]
INFO: [ view_filter ] --END-- [ RunTime:0.000543s ]
INFO: [ app_end ] --START--
INFO: Run Behavior\ShowPageTraceBehavior [ RunTime:0.000742s ]
INFO: [ app_end ] --END-- [ RunTime:0.000800s ]

[ 2018-06-06T11:49:33+08:00 ] 127.0.0.1 /final_work2/admin.php?s=/Home/Index/check
INFO: [ app_init ] --START--
INFO: Run Behavior\BuildLiteBehavior [ RunTime:0.000021s ]
INFO: [ app_init ] --END-- [ RunTime:0.000694s ]
INFO: [ app_begin ] --START--
INFO: Run Behavior\ReadHtmlCacheBehavior [ RunTime:0.000971s ]
INFO: [ app_begin ] --END-- [ RunTime:0.001052s ]
SQL: SHOW COLUMNS FROM `admin_user` [ RunTime:0.0016s ]
SQL: SELECT * FROM `admin_user` WHERE `name` = 'gong' AND `password` = '16272215' LIMIT 1   [ RunTime:0.0005s ]
INFO: [ view_parse ] --START--
INFO: [ template_filter ] --START--
INFO: Run Behavior\ContentReplaceBehavior [ RunTime:0.000126s ]
INFO: [ template_filter ] --END-- [ RunTime:0.000211s ]
NOTIC: [8] Undefined index: table C:\Users\Administrator\Desktop\final_work2\Admin\Runtime\Cache\Home\b8ffd7f82f0f8c5b9527f277382d136a.php ç¬¬ 29 è¡Œ.
NOTIC: [8] Undefined index: table C:\Users\Administrator\Desktop\final_work2\Admin\Runtime\Cache\Home\b8ffd7f82f0f8c5b9527f277382d136a.php ç¬¬ 49 è¡Œ.
NOTIC: [8] Undefined index: table C:\Users\Administrator\Desktop\final_work2\Admin\Runtime\Cache\Home\b8ffd7f82f0f8c5b9527f277382d136a.php ç¬¬ 74 è¡Œ.
NOTIC: [8] Undefined index: table C:\Users\Administrator\Desktop\final_work2\Admin\Runtime\Cache\Home\b8ffd7f82f0f8c5b9527f277382d136a.php ç¬¬ 95 è¡Œ.
NOTIC: [8] Undefined index: table C:\Users\Administrator\Desktop\final_work2\Admin\Runtime\Cache\Home\b8ffd7f82f0f8c5b9527f277382d136a.php ç¬¬ 120 è¡Œ.
NOTIC: [8] Undefined index: table C:\Users\Administrator\Desktop\final_work2\Admin\Runtime\Cache\Home\b8ffd7f82f0f8c5b9527f277382d136a.php ç¬¬ 151 è¡Œ.
INFO: Run Behavior\ParseTemplateBehavior [ RunTime:0.026416s ]
INFO: [ view_parse ] --END-- [ RunTime:0.026493s ]
INFO: [ view_filter ] --START--
INFO: Run Behavior\WriteHtmlCacheBehavior [ RunTime:0.000831s ]
INFO: [ view_filter ] --END-- [ RunTime:0.000972s ]
INFO: [ app_end ] --START--
INFO: Run Behavior\ShowPageTraceBehavior [ RunTime:0.000921s ]
INFO: [ app_end ] --END-- [ RunTime:0.000982s ]

[ 2018-06-06T11:52:34+08:00 ] 127.0.0.1 /final_work2/admin.php?s=/Home/Index/check
INFO: [ app_init ] --START--
INFO: Run Behavior\BuildLiteBehavior [ RunTime:0.000019s ]
INFO: [ app_init ] --END-- [ RunTime:0.000640s ]
INFO: [ app_begin ] --START--
INFO: Run Behavior\ReadHtmlCacheBehavior [ RunTime:0.000985s ]
INFO: [ app_begin ] --END-- [ RunTime:0.001070s ]
SQL: SHOW COLUMNS FROM `admin_user` [ RunTime:0.0017s ]
SQL: SELECT * FROM `admin_user` WHERE `name` = 'gong' AND `password` = '16272215' LIMIT 1   [ RunTime:0.0004s ]
INFO: [ view_parse ] --START--
INFO: [ template_filter ] --START--
INFO: Run Behavior\ContentReplaceBehavior [ RunTime:0.000124s ]
INFO: [ template_filter ] --END-- [ RunTime:0.000223s ]
NOTIC: [8] Undefined index: table C:\Users\Administrator\Desktop\final_work2\Admin\Runtime\Cache\Home\b8ffd7f82f0f8c5b9527f277382d136a.php ç¬¬ 32 è¡Œ.
NOTIC: [8] Undefined index: table C:\Users\Administrator\Desktop\final_work2\Admin\Runtime\Cache\Home\b8ffd7f82f0f8c5b9527f277382d136a.php ç¬¬ 52 è¡Œ.
NOTIC: [8] Undefined index: table C:\Users\Administrator\Desktop\final_work2\Admin\Runtime\Cache\Home\b8ffd7f82f0f8c5b9527f277382d136a.php ç¬¬ 77 è¡Œ.
NOTIC: [8] Undefined index: table C:\Users\Administrator\Desktop\final_work2\Admin\Runtime\Cache\Home\b8ffd7f82f0f8c5b9527f277382d136a.php ç¬¬ 98 è¡Œ.
NOTIC: [8] Undefined index: table C:\Users\Administrator\Desktop\final_work2\Admin\Runtime\Cache\Home\b8ffd7f82f0f8c5b9527f277382d136a.php ç¬¬ 123 è¡Œ.
NOTIC: [8] Undefined index: table C:\Users\Administrator\Desktop\final_work2\Admin\Runtime\Cache\Home\b8ffd7f82f0f8c5b9527f277382d136a.php ç¬¬ 154 è¡Œ.
INFO: Run Behavior\ParseTemplateBehavior [ RunTime:0.026059s ]
INFO: [ view_parse ] --END-- [ RunTime:0.026136s ]
INFO: [ view_filter ] --START--
INFO: Run Behavior\WriteHtmlCacheBehavior [ RunTime:0.000671s ]
INFO: [ view_filter ] --END-- [ RunTime:0.000726s ]
INFO: [ app_end ] --START--
INFO: Run Behavior\ShowPageTraceBehavior [ RunTime:0.000931s ]
INFO: [ app_end ] --END-- [ RunTime:0.000990s ]

[ 2018-06-06T11:53:08+08:00 ] 127.0.0.1 /final_work2/admin.php?s=/Home/Index/check
INFO: [ app_init ] --START--
INFO: Run Behavior\BuildLiteBehavior [ RunTime:0.000018s ]
INFO: [ app_init ] --END-- [ RunTime:0.000587s ]
INFO: [ app_begin ] --START--
INFO: Run Behavior\ReadHtmlCacheBehavior [ RunTime:0.000752s ]
INFO: [ app_begin ] --END-- [ RunTime:0.000833s ]
SQL: SHOW COLUMNS FROM `admin_user` [ RunTime:0.0016s ]
SQL: SELECT * FROM `admin_user` WHERE `name` = 'gong' AND `password` = '16272215' LIMIT 1   [ RunTime:0.0004s ]
INFO: [ view_parse ] --START--
INFO: [ template_filter ] --START--
INFO: Run Behavior\ContentReplaceBehavior [ RunTime:0.000122s ]
INFO: [ template_filter ] --END-- [ RunTime:0.000199s ]
NOTIC: [8] Undefined index: table C:\Users\Administrator\Desktop\final_work2\Admin\Runtime\Cache\Home\b8ffd7f82f0f8c5b9527f277382d136a.php ç¬¬ 32 è¡Œ.
NOTIC: [8] Undefined index: table C:\Users\Administrator\Desktop\final_work2\Admin\Runtime\Cache\Home\b8ffd7f82f0f8c5b9527f277382d136a.php ç¬¬ 52 è¡Œ.
NOTIC: [8] Undefined index: table C:\Users\Administrator\Desktop\final_work2\Admin\Runtime\Cache\Home\b8ffd7f82f0f8c5b9527f277382d136a.php ç¬¬ 77 è¡Œ.
NOTIC: [8] Undefined index: table C:\Users\Administrator\Desktop\final_work2\Admin\Runtime\Cache\Home\b8ffd7f82f0f8c5b9527f277382d136a.php ç¬¬ 98 è¡Œ.
NOTIC: [8] Undefined index: table C:\Users\Administrator\Desktop\final_work2\Admin\Runtime\Cache\Home\b8ffd7f82f0f8c5b9527f277382d136a.php ç¬¬ 123 è¡Œ.
NOTIC: [8] Undefined index: table C:\Users\Administrator\Desktop\final_work2\Admin\Runtime\Cache\Home\b8ffd7f82f0f8c5b9527f277382d136a.php ç¬¬ 154 è¡Œ.
INFO: Run Behavior\ParseTemplateBehavior [ RunTime:0.024351s ]
INFO: [ view_parse ] --END-- [ RunTime:0.024429s ]
INFO: [ view_filter ] --START--
INFO: Run Behavior\WriteHtmlCacheBehavior [ RunTime:0.000477s ]
INFO: [ view_filter ] --END-- [ RunTime:0.000530s ]
INFO: [ app_end ] --START--
INFO: Run Behavior\ShowPageTraceBehavior [ RunTime:0.000736s ]
INFO: [ app_end ] --END-- [ RunTime:0.000793s ]

[ 2018-06-06T11:53:10+08:00 ] 127.0.0.1 /final_work2/admin.php?s=/Home/Index/test.html
INFO: [ app_init ] --START--
INFO: Run Behavior\BuildLiteBehavior [ RunTime:0.000017s ]
INFO: [ app_init ] --END-- [ RunTime:0.000548s ]
INFO: [ app_begin ] --START--
INFO: Run Behavior\ReadHtmlCacheBehavior [ RunTime:0.000813s ]
INFO: [ app_begin ] --END-- [ RunTime:0.000898s ]
INFO: [ app_end ] --START--
INFO: Run Behavior\ShowPageTraceBehavior [ RunTime:0.000797s ]
INFO: [ app_end ] --END-- [ RunTime:0.000872s ]

[ 2018-06-06T11:53:11+08:00 ] 127.0.0.1 /final_work2/admin.php?s=/Home/Index/test.html
INFO: [ app_init ] --START--
INFO: Run Behavior\BuildLiteBehavior [ RunTime:0.000017s ]
INFO: [ app_init ] --END-- [ RunTime:0.000503s ]
INFO: [ app_begin ] --START--
INFO: Run Behavior\ReadHtmlCacheBehavior [ RunTime:0.000722s ]
INFO: [ app_begin ] --END-- [ RunTime:0.000783s ]
INFO: [ app_end ] --START--
INFO: Run Behavior\ShowPageTraceBehavior [ RunTime:0.000767s ]
INFO: [ app_end ] --END-- [ RunTime:0.000882s ]

[ 2018-06-06T11:53:13+08:00 ] 127.0.0.1 /final_work2/admin.php?s=/Home/Index/test.html
INFO: [ app_init ] --START--
INFO: Run Behavior\BuildLiteBehavior [ RunTime:0.000017s ]
INFO: [ app_init ] --END-- [ RunTime:0.000503s ]
INFO: [ app_begin ] --START--
INFO: Run Behavior\ReadHtmlCacheBehavior [ RunTime:0.000745s ]
INFO: [ app_begin ] --END-- [ RunTime:0.000808s ]
INFO: [ app_end ] --START--
INFO: Run Behavior\ShowPageTraceBehavior [ RunTime:0.000743s ]
INFO: [ app_end ] --END-- [ RunTime:0.000809s ]

[ 2018-06-06T11:53:14+08:00 ] 127.0.0.1 /final_work2/admin.php?s=/Home/Index/test.html
INFO: [ app_init ] --START--
INFO: Run Behavior\BuildLiteBehavior [ RunTime:0.000019s ]
INFO: [ app_init ] --END-- [ RunTime:0.000514s ]
INFO: [ app_begin ] --START--
INFO: Run Behavior\ReadHtmlCacheBehavior [ RunTime:0.000740s ]
INFO: [ app_begin ] --END-- [ RunTime:0.000804s ]
INFO: [ app_end ] --START--
INFO: Run Behavior\ShowPageTraceBehavior [ RunTime:0.000758s ]
INFO: [ app_end ] --END-- [ RunTime:0.000827s ]

[ 2018-06-06T11:53:18+08:00 ] 127.0.0.1 /final_work2/admin.php?s=/Home/Index/check
INFO: [ app_init ] --START--
INFO: Run Behavior\BuildLiteBehavior [ RunTime:0.000017s ]
INFO: [ app_init ] --END-- [ RunTime:0.000523s ]
INFO: [ app_begin ] --START--
INFO: Run Behavior\ReadHtmlCacheBehavior [ RunTime:0.000761s ]
INFO: [ app_begin ] --END-- [ RunTime:0.000840s ]
SQL: SHOW COLUMNS FROM `admin_user` [ RunTime:0.0014s ]
SQL: SELECT * FROM `admin_user` WHERE `name` = 'gong' AND `password` = '16272215' LIMIT 1   [ RunTime:0.0004s ]
INFO: [ view_parse ] --START--
INFO: [ template_filter ] --START--
INFO: Run Behavior\ContentReplaceBehavior [ RunTime:0.000118s ]
INFO: [ template_filter ] --END-- [ RunTime:0.000190s ]
NOTIC: [8] Undefined index: table C:\Users\Administrator\Desktop\final_work2\Admin\Runtime\Cache\Home\b8ffd7f82f0f8c5b9527f277382d136a.php ç¬¬ 32 è¡Œ.
NOTIC: [8] Undefined index: table C:\Users\Administrator\Desktop\final_work2\Admin\Runtime\Cache\Home\b8ffd7f82f0f8c5b9527f277382d136a.php ç¬¬ 52 è¡Œ.
NOTIC: [8] Undefined index: table C:\Users\Administrator\Desktop\final_work2\Admin\Runtime\Cache\Home\b8ffd7f82f0f8c5b9527f277382d136a.php ç¬¬ 77 è¡Œ.
NOTIC: [8] Undefined index: table C:\Users\Administrator\Desktop\final_work2\Admin\Runtime\Cache\Home\b8ffd7f82f0f8c5b9527f277382d136a.php ç¬¬ 98 è¡Œ.
NOTIC: [8] Undefined index: table C:\Users\Administrator\Desktop\final_work2\Admin\Runtime\Cache\Home\b8ffd7f82f0f8c5b9527f277382d136a.php ç¬¬ 123 è¡Œ.
NOTIC: [8] Undefined index: table C:\Users\Administrator\Desktop\final_work2\Admin\Runtime\Cache\Home\b8ffd7f82f0f8c5b9527f277382d136a.php ç¬¬ 154 è¡Œ.
INFO: Run Behavior\ParseTemplateBehavior [ RunTime:0.024920s ]
INFO: [ view_parse ] --END-- [ RunTime:0.024997s ]
INFO: [ view_filter ] --START--
INFO: Run Behavior\WriteHtmlCacheBehavior [ RunTime:0.000480s ]
INFO: [ view_filter ] --END-- [ RunTime:0.000534s ]
INFO: [ app_end ] --START--
INFO: Run Behavior\ShowPageTraceBehavior [ RunTime:0.000745s ]
INFO: [ app_end ] --END-- [ RunTime:0.000803s ]

[ 2018-06-06T11:53:21+08:00 ] 127.0.0.1 /final_work2/admin.php?s=/Home/Index/test.html
INFO: [ app_init ] --START--
INFO: Run Behavior\BuildLiteBehavior [ RunTime:0.000018s ]
INFO: [ app_init ] --END-- [ RunTime:0.000570s ]
INFO: [ app_begin ] --START--
INFO: Run Behavior\ReadHtmlCacheBehavior [ RunTime:0.000766s ]
INFO: [ app_begin ] --END-- [ RunTime:0.000837s ]
INFO: [ app_end ] --START--
INFO: Run Behavior\ShowPageTraceBehavior [ RunTime:0.000783s ]
INFO: [ app_end ] --END-- [ RunTime:0.000856s ]

[ 2018-06-06T11:53:22+08:00 ] 127.0.0.1 /final_work2/admin.php?s=/Home/Index/test.html
INFO: [ app_init ] --START--
INFO: Run Behavior\BuildLiteBehavior [ RunTime:0.000018s ]
INFO: [ app_init ] --END-- [ RunTime:0.000521s ]
INFO: [ app_begin ] --START--
INFO: Run Behavior\ReadHtmlCacheBehavior [ RunTime:0.000724s ]
INFO: [ app_begin ] --END-- [ RunTime:0.000786s ]
INFO: [ app_end ] --START--
INFO: Run Behavior\ShowPageTraceBehavior [ RunTime:0.000742s ]
INFO: [ app_end ] --END-- [ RunTime:0.000808s ]

[ 2018-06-06T11:55:59+08:00 ] 127.0.0.1 /final_work2/admin.php?s=/Home/Index/test.html
INFO: [ app_init ] --START--
INFO: Run Behavior\BuildLiteBehavior [ RunTime:0.000020s ]
INFO: [ app_init ] --END-- [ RunTime:0.000623s ]
INFO: [ app_begin ] --START--
INFO: Run Behavior\ReadHtmlCacheBehavior [ RunTime:0.000992s ]
INFO: [ app_begin ] --END-- [ RunTime:0.001061s ]
INFO: [ app_end ] --START--
INFO: Run Behavior\ShowPageTraceBehavior [ RunTime:0.000915s ]
INFO: [ app_end ] --END-- [ RunTime:0.000982s ]

[ 2018-06-06T11:57:56+08:00 ] 127.0.0.1 /final_work2/admin.php?s=/Home/Index/test.html
INFO: [ app_init ] --START--
INFO: Run Behavior\BuildLiteBehavior [ RunTime:0.000029s ]
INFO: [ app_init ] --END-- [ RunTime:0.000830s ]
INFO: [ app_begin ] --START--
INFO: Run Behavior\ReadHtmlCacheBehavior [ RunTime:0.001214s ]
INFO: [ app_begin ] --END-- [ RunTime:0.001315s ]
INFO: [ app_end ] --START--
INFO: Run Behavior\ShowPageTraceBehavior [ RunTime:0.000766s ]
INFO: [ app_end ] --END-- [ RunTime:0.000836s ]

[ 2018-06-06T11:58:31+08:00 ] 127.0.0.1 /final_work2/admin.php?s=/Home/Index/curd/table/user.html
INFO: [ app_init ] --START--
INFO: Run Behavior\BuildLiteBehavior [ RunTime:0.000017s ]
INFO: [ app_init ] --END-- [ RunTime:0.000591s ]
INFO: [ app_begin ] --START--
INFO: Run Behavior\ReadHtmlCacheBehavior [ RunTime:0.001025s ]
INFO: [ app_begin ] --END-- [ RunTime:0.001102s ]
SQL: SHOW COLUMNS FROM `user` [ RunTime:0.0506s ]
SQL: SELECT * FROM `user`  [ RunTime:0.0004s ]
INFO: [ view_parse ] --START--
INFO: [ template_filter ] --START--
INFO: Run Behavior\ContentReplaceBehavior [ RunTime:0.000128s ]
INFO: [ template_filter ] --END-- [ RunTime:0.000202s ]
INFO: Run Behavior\ParseTemplateBehavior [ RunTime:0.026962s ]
INFO: [ view_parse ] --END-- [ RunTime:0.027047s ]
INFO: [ view_filter ] --START--
INFO: Run Behavior\WriteHtmlCacheBehavior [ RunTime:0.000637s ]
INFO: [ view_filter ] --END-- [ RunTime:0.000692s ]
INFO: [ app_end ] --START--
INFO: Run Behavior\ShowPageTraceBehavior [ RunTime:0.000966s ]
INFO: [ app_end ] --END-- [ RunTime:0.001026s ]

[ 2018-06-06T11:58:33+08:00 ] 127.0.0.1 /final_work2/admin.php?s=/Home/Index/curd/table/admin_user.html
INFO: [ app_init ] --START--
INFO: Run Behavior\BuildLiteBehavior [ RunTime:0.000018s ]
INFO: [ app_init ] --END-- [ RunTime:0.000532s ]
INFO: [ app_begin ] --START--
INFO: Run Behavior\ReadHtmlCacheBehavior [ RunTime:0.000763s ]
INFO: [ app_begin ] --END-- [ RunTime:0.000839s ]
SQL: SHOW COLUMNS FROM `admin_user` [ RunTime:0.0015s ]
SQL: SELECT * FROM `admin_user`  [ RunTime:0.0003s ]
INFO: [ view_parse ] --START--
INFO: [ template_filter ] --START--
INFO: Run Behavior\ContentReplaceBehavior [ RunTime:0.000118s ]
INFO: [ template_filter ] --END-- [ RunTime:0.000190s ]
INFO: Run Behavior\ParseTemplateBehavior [ RunTime:0.023716s ]
INFO: [ view_parse ] --END-- [ RunTime:0.023795s ]
INFO: [ view_filter ] --START--
INFO: Run Behavior\WriteHtmlCacheBehavior [ RunTime:0.000454s ]
INFO: [ view_filter ] --END-- [ RunTime:0.000508s ]
INFO: [ app_end ] --START--
INFO: Run Behavior\ShowPageTraceBehavior [ RunTime:0.000755s ]
INFO: [ app_end ] --END-- [ RunTime:0.000813s ]

[ 2018-06-06T11:58:35+08:00 ] 127.0.0.1 /final_work2/admin.php?s=/Home/Index/curd/table/collect.html
INFO: [ app_init ] --START--
INFO: Run Behavior\BuildLiteBehavior [ RunTime:0.000019s ]
INFO: [ app_init ] --END-- [ RunTime:0.000532s ]
INFO: [ app_begin ] --START--
INFO: Run Behavior\ReadHtmlCacheBehavior [ RunTime:0.000764s ]
INFO: [ app_begin ] --END-- [ RunTime:0.000841s ]
SQL: SHOW COLUMNS FROM `collect` [ RunTime:0.1027s ]
SQL: SELECT * FROM `collect`  [ RunTime:0.0005s ]
INFO: [ view_parse ] --START--
INFO: [ template_filter ] --START--
INFO: Run Behavior\ContentReplaceBehavior [ RunTime:0.000123s ]
INFO: [ template_filter ] --END-- [ RunTime:0.000204s ]
NOTIC: [8] Undefined index: name C:\Users\Administrator\Desktop\final_work2\Admin\Runtime\Cache\Home\b8ffd7f82f0f8c5b9527f277382d136a.php ç¬¬ 69 è¡Œ.
NOTIC: [8] Undefined index: name C:\Users\Administrator\Desktop\final_work2\Admin\Runtime\Cache\Home\b8ffd7f82f0f8c5b9527f277382d136a.php ç¬¬ 69 è¡Œ.
NOTIC: [8] Undefined index: name C:\Users\Administrator\Desktop\final_work2\Admin\Runtime\Cache\Home\b8ffd7f82f0f8c5b9527f277382d136a.php ç¬¬ 69 è¡Œ.
NOTIC: [8] Undefined index: name C:\Users\Administrator\Desktop\final_work2\Admin\Runtime\Cache\Home\b8ffd7f82f0f8c5b9527f277382d136a.php ç¬¬ 69 è¡Œ.
NOTIC: [8] Undefined index: name C:\Users\Administrator\Desktop\final_work2\Admin\Runtime\Cache\Home\b8ffd7f82f0f8c5b9527f277382d136a.php ç¬¬ 69 è¡Œ.
NOTIC: [8] Undefined index: name C:\Users\Administrator\Desktop\final_work2\Admin\Runtime\Cache\Home\b8ffd7f82f0f8c5b9527f277382d136a.php ç¬¬ 69 è¡Œ.
NOTIC: [8] Undefined index: name C:\Users\Administrator\Desktop\final_work2\Admin\Runtime\Cache\Home\b8ffd7f82f0f8c5b9527f277382d136a.php ç¬¬ 69 è¡Œ.
NOTIC: [8] Undefined index: name C:\Users\Administrator\Desktop\final_work2\Admin\Runtime\Cache\Home\b8ffd7f82f0f8c5b9527f277382d136a.php ç¬¬ 69 è¡Œ.
NOTIC: [8] Undefined index: name C:\Users\Administrator\Desktop\final_work2\Admin\Runtime\Cache\Home\b8ffd7f82f0f8c5b9527f277382d136a.php ç¬¬ 69 è¡Œ.
NOTIC: [8] Undefined index: name C:\Users\Administrator\Desktop\final_work2\Admin\Runtime\Cache\Home\b8ffd7f82f0f8c5b9527f277382d136a.php ç¬¬ 69 è¡Œ.
NOTIC: [8] Undefined index: name C:\Users\Administrator\Desktop\final_work2\Admin\Runtime\Cache\Home\b8ffd7f82f0f8c5b9527f277382d136a.php ç¬¬ 69 è¡Œ.
NOTIC: [8] Undefined index: name C:\Users\Administrator\Desktop\final_work2\Admin\Runtime\Cache\Home\b8ffd7f82f0f8c5b9527f277382d136a.php ç¬¬ 69 è¡Œ.
NOTIC: [8] Undefined index: name C:\Users\Administrator\Desktop\final_work2\Admin\Runtime\Cache\Home\b8ffd7f82f0f8c5b9527f277382d136a.php ç¬¬ 69 è¡Œ.
NOTIC: [8] Undefined index: name C:\Users\Administrator\Desktop\final_work2\Admin\Runtime\Cache\Home\b8ffd7f82f0f8c5b9527f277382d136a.php ç¬¬ 69 è¡Œ.
NOTIC: [8] Undefined index: name C:\Users\Administrator\Desktop\final_work2\Admin\Runtime\Cache\Home\b8ffd7f82f0f8c5b9527f277382d136a.php ç¬¬ 69 è¡Œ.
NOTIC: [8] Undefined index: name C:\Users\Administrator\Desktop\final_work2\Admin\Runtime\Cache\Home\b8ffd7f82f0f8c5b9527f277382d136a.php ç¬¬ 69 è¡Œ.
NOTIC: [8] Undefined index: name C:\Users\Administrator\Desktop\final_work2\Admin\Runtime\Cache\Home\b8ffd7f82f0f8c5b9527f277382d136a.php ç¬¬ 69 è¡Œ.
NOTIC: [8] Undefined index: name C:\Users\Administrator\Desktop\final_work2\Admin\Runtime\Cache\Home\b8ffd7f82f0f8c5b9527f277382d136a.php ç¬¬ 69 è¡Œ.
INFO: Run Behavior\ParseTemplateBehavior [ RunTime:0.028241s ]
INFO: [ view_parse ] --END-- [ RunTime:0.028316s ]
INFO: [ view_filter ] --START--
INFO: Run Behavior\WriteHtmlCacheBehavior [ RunTime:0.000539s ]
INFO: [ view_filter ] --END-- [ RunTime:0.000596s ]
INFO: [ app_end ] --START--
INFO: Run Behavior\ShowPageTraceBehavior [ RunTime:0.000881s ]
INFO: [ app_end ] --END-- [ RunTime:0.000963s ]

[ 2018-06-06T11:58:38+08:00 ] 127.0.0.1 /final_work2/admin.php?s=/Home/Index/curd/table/user.html
INFO: [ app_init ] --START--
INFO: Run Behavior\BuildLiteBehavior [ RunTime:0.000019s ]
INFO: [ app_init ] --END-- [ RunTime:0.000634s ]
INFO: [ app_begin ] --START--
INFO: Run Behavior\ReadHtmlCacheBehavior [ RunTime:0.000785s ]
INFO: [ app_begin ] --END-- [ RunTime:0.000863s ]
SQL: SHOW COLUMNS FROM `user` [ RunTime:0.0014s ]
SQL: SELECT * FROM `user`  [ RunTime:0.0003s ]
INFO: [ view_parse ] --START--
INFO: [ template_filter ] --START--
INFO: Run Behavior\ContentReplaceBehavior [ RunTime:0.000122s ]
INFO: [ template_filter ] --END-- [ RunTime:0.000193s ]
INFO: Run Behavior\ParseTemplateBehavior [ RunTime:0.024838s ]
INFO: [ view_parse ] --END-- [ RunTime:0.024924s ]
INFO: [ view_filter ] --START--
INFO: Run Behavior\WriteHtmlCacheBehavior [ RunTime:0.000468s ]
INFO: [ view_filter ] --END-- [ RunTime:0.000521s ]
INFO: [ app_end ] --START--
INFO: Run Behavior\ShowPageTraceBehavior [ RunTime:0.000785s ]
INFO: [ app_end ] --END-- [ RunTime:0.000842s ]

[ 2018-06-06T11:58:39+08:00 ] 127.0.0.1 /final_work2/admin.php?s=/Home/Index/curd/table/search_man.html
INFO: [ app_init ] --START--
INFO: Run Behavior\BuildLiteBehavior [ RunTime:0.000019s ]
INFO: [ app_init ] --END-- [ RunTime:0.000543s ]
INFO: [ app_begin ] --START--
INFO: Run Behavior\ReadHtmlCacheBehavior [ RunTime:0.000831s ]
INFO: [ app_begin ] --END-- [ RunTime:0.000908s ]
SQL: SHOW COLUMNS FROM `search_man` [ RunTime:0.0140s ]
SQL: SELECT * FROM `search_man`  [ RunTime:0.0004s ]
INFO: [ view_parse ] --START--
INFO: [ template_filter ] --START--
INFO: Run Behavior\ContentReplaceBehavior [ RunTime:0.000124s ]
INFO: [ template_filter ] --END-- [ RunTime:0.000199s ]
INFO: Run Behavior\ParseTemplateBehavior [ RunTime:0.024446s ]
INFO: [ view_parse ] --END-- [ RunTime:0.024534s ]
INFO: [ view_filter ] --START--
INFO: Run Behavior\WriteHtmlCacheBehavior [ RunTime:0.000891s ]
INFO: [ view_filter ] --END-- [ RunTime:0.000965s ]
INFO: [ app_end ] --START--
INFO: Run Behavior\ShowPageTraceBehavior [ RunTime:0.000846s ]
INFO: [ app_end ] --END-- [ RunTime:0.000904s ]

[ 2018-06-06T11:58:40+08:00 ] 127.0.0.1 /final_work2/admin.php?s=/Home/Index/curd/table/search_song.html
INFO: [ app_init ] --START--
INFO: Run Behavior\BuildLiteBehavior [ RunTime:0.000019s ]
INFO: [ app_init ] --END-- [ RunTime:0.000535s ]
INFO: [ app_begin ] --START--
INFO: Run Behavior\ReadHtmlCacheBehavior [ RunTime:0.000762s ]
INFO: [ app_begin ] --END-- [ RunTime:0.000840s ]
SQL: SHOW COLUMNS FROM `search_song` [ RunTime:0.0582s ]
SQL: SELECT * FROM `search_song`  [ RunTime:0.0004s ]
INFO: [ view_parse ] --START--
INFO: [ template_filter ] --START--
INFO: Run Behavior\ContentReplaceBehavior [ RunTime:0.000119s ]
INFO: [ template_filter ] --END-- [ RunTime:0.000190s ]
INFO: Run Behavior\ParseTemplateBehavior [ RunTime:0.024695s ]
INFO: [ view_parse ] --END-- [ RunTime:0.024781s ]
INFO: [ view_filter ] --START--
INFO: Run Behavior\WriteHtmlCacheBehavior [ RunTime:0.000471s ]
INFO: [ view_filter ] --END-- [ RunTime:0.000525s ]
INFO: [ app_end ] --START--
INFO: Run Behavior\ShowPageTraceBehavior [ RunTime:0.000762s ]
INFO: [ app_end ] --END-- [ RunTime:0.000822s ]

[ 2018-06-06T11:58:41+08:00 ] 127.0.0.1 /final_work2/admin.php?s=/Home/Index/curd/table/search_zuanji.html
INFO: [ app_init ] --START--
INFO: Run Behavior\BuildLiteBehavior [ RunTime:0.000018s ]
INFO: [ app_init ] --END-- [ RunTime:0.000554s ]
INFO: [ app_begin ] --START--
INFO: Run Behavior\ReadHtmlCacheBehavior [ RunTime:0.000837s ]
INFO: [ app_begin ] --END-- [ RunTime:0.000942s ]
SQL: SHOW COLUMNS FROM `search_zuanji` [ RunTime:0.0239s ]
SQL: SELECT * FROM `search_zuanji`  [ RunTime:0.0005s ]
INFO: [ view_parse ] --START--
INFO: [ template_filter ] --START--
INFO: Run Behavior\ContentReplaceBehavior [ RunTime:0.000202s ]
INFO: [ template_filter ] --END-- [ RunTime:0.000326s ]
INFO: Run Behavior\ParseTemplateBehavior [ RunTime:0.030796s ]
INFO: [ view_parse ] --END-- [ RunTime:0.030889s ]
INFO: [ view_filter ] --START--
INFO: Run Behavior\WriteHtmlCacheBehavior [ RunTime:0.000501s ]
INFO: [ view_filter ] --END-- [ RunTime:0.000568s ]
INFO: [ app_end ] --START--
INFO: Run Behavior\ShowPageTraceBehavior [ RunTime:0.000905s ]
INFO: [ app_end ] --END-- [ RunTime:0.000984s ]

[ 2018-06-06T11:58:52+08:00 ] 127.0.0.1 /final_work2/admin.php?s=/Home/Index/curd/table/admin_user.html
INFO: [ app_init ] --START--
INFO: Run Behavior\BuildLiteBehavior [ RunTime:0.000017s ]
INFO: [ app_init ] --END-- [ RunTime:0.000528s ]
INFO: [ app_begin ] --START--
INFO: Run Behavior\ReadHtmlCacheBehavior [ RunTime:0.000773s ]
INFO: [ app_begin ] --END-- [ RunTime:0.000849s ]
SQL: SHOW COLUMNS FROM `admin_user` [ RunTime:0.0009s ]
SQL: SELECT * FROM `admin_user`  [ RunTime:0.0003s ]
INFO: [ view_parse ] --START--
INFO: [ template_filter ] --START--
INFO: Run Behavior\ContentReplaceBehavior [ RunTime:0.000117s ]
INFO: [ template_filter ] --END-- [ RunTime:0.000192s ]
INFO: Run Behavior\ParseTemplateBehavior [ RunTime:0.031778s ]
INFO: [ view_parse ] --END-- [ RunTime:0.031863s ]
INFO: [ view_filter ] --START--
INFO: Run Behavior\WriteHtmlCacheBehavior [ RunTime:0.000451s ]
INFO: [ view_filter ] --END-- [ RunTime:0.000505s ]
INFO: [ app_end ] --START--
INFO: Run Behavior\ShowPageTraceBehavior [ RunTime:0.000732s ]
INFO: [ app_end ] --END-- [ RunTime:0.000797s ]

[ 2018-06-06T11:58:58+08:00 ] 127.0.0.1 /final_work2/admin.php?s=/Home/Index/curd/table/admin_user.html
INFO: [ app_init ] --START--
INFO: Run Behavior\BuildLiteBehavior [ RunTime:0.000018s ]
INFO: [ app_init ] --END-- [ RunTime:0.000575s ]
INFO: [ app_begin ] --START--
INFO: Run Behavior\ReadHtmlCacheBehavior [ RunTime:0.000759s ]
INFO: [ app_begin ] --END-- [ RunTime:0.000837s ]
SQL: SHOW COLUMNS FROM `admin_user` [ RunTime:0.0008s ]
SQL: SELECT * FROM `admin_user`  [ RunTime:0.0003s ]
INFO: [ view_parse ] --START--
INFO: [ template_filter ] --START--
INFO: Run Behavior\ContentReplaceBehavior [ RunTime:0.000196s ]
INFO: [ template_filter ] --END-- [ RunTime:0.000290s ]
INFO: Run Behavior\ParseTemplateBehavior [ RunTime:0.025300s ]
INFO: [ view_parse ] --END-- [ RunTime:0.025387s ]
INFO: [ view_filter ] --START--
INFO: Run Behavior\WriteHtmlCacheBehavior [ RunTime:0.000557s ]
INFO: [ view_filter ] --END-- [ RunTime:0.000618s ]
INFO: [ app_end ] --START--
INFO: Run Behavior\ShowPageTraceBehavior [ RunTime:0.000745s ]
INFO: [ app_end ] --END-- [ RunTime:0.000802s ]

[ 2018-06-06T12:00:50+08:00 ] 127.0.0.1 /final_work2/admin.php?_ijt=bf1lqooou2g0rf50jls9dql1bt
INFO: [ app_init ] --START--
INFO: Run Behavior\BuildLiteBehavior [ RunTime:0.000027s ]
INFO: [ app_init ] --END-- [ RunTime:0.000935s ]
INFO: [ app_begin ] --START--
INFO: Run Behavior\ReadHtmlCacheBehavior [ RunTime:0.001455s ]
INFO: [ app_begin ] --END-- [ RunTime:0.001572s ]
INFO: [ view_parse ] --START--
INFO: [ template_filter ] --START--
INFO: Run Behavior\ContentReplaceBehavior [ RunTime:0.000195s ]
INFO: [ template_filter ] --END-- [ RunTime:0.000360s ]
INFO: Run Behavior\ParseTemplateBehavior [ RunTime:0.018140s ]
INFO: [ view_parse ] --END-- [ RunTime:0.018330s ]
INFO: [ view_filter ] --START--
INFO: Run Behavior\WriteHtmlCacheBehavior [ RunTime:0.001143s ]
INFO: [ view_filter ] --END-- [ RunTime:0.001287s ]
INFO: [ app_end ] --START--
INFO: Run Behavior\ShowPageTraceBehavior [ RunTime:0.001605s ]
INFO: [ app_end ] --END-- [ RunTime:0.001735s ]

[ 2018-06-06T12:00:58+08:00 ] 127.0.0.1 /final_work2/admin.php?s=/Home/Index/check
INFO: [ app_init ] --START--
INFO: Run Behavior\BuildLiteBehavior [ RunTime:0.000028s ]
INFO: [ app_init ] --END-- [ RunTime:0.000786s ]
INFO: [ app_begin ] --START--
INFO: Run Behavior\ReadHtmlCacheBehavior [ RunTime:0.001128s ]
INFO: [ app_begin ] --END-- [ RunTime:0.001244s ]
SQL: SHOW COLUMNS FROM `admin_user` [ RunTime:0.0010s ]
SQL: SELECT * FROM `admin_user` WHERE `name` = 'gong' AND `password` = '16272215' LIMIT 1   [ RunTime:0.0004s ]
INFO: [ view_parse ] --START--
INFO: [ template_filter ] --START--
INFO: Run Behavior\ContentReplaceBehavior [ RunTime:0.000130s ]
INFO: [ template_filter ] --END-- [ RunTime:0.000204s ]
NOTIC: [8] Undefined index: table C:\Users\Administrator\Desktop\final_work2\Admin\Runtime\Cache\Home\b8ffd7f82f0f8c5b9527f277382d136a.php ç¬¬ 37 è¡Œ.
NOTIC: [8] Undefined index: table C:\Users\Administrator\Desktop\final_work2\Admin\Runtime\Cache\Home\b8ffd7f82f0f8c5b9527f277382d136a.php ç¬¬ 57 è¡Œ.
NOTIC: [8] Undefined index: table C:\Users\Administrator\Desktop\final_work2\Admin\Runtime\Cache\Home\b8ffd7f82f0f8c5b9527f277382d136a.php ç¬¬ 82 è¡Œ.
NOTIC: [8] Undefined index: table C:\Users\Administrator\Desktop\final_work2\Admin\Runtime\Cache\Home\b8ffd7f82f0f8c5b9527f277382d136a.php ç¬¬ 103 è¡Œ.
NOTIC: [8] Undefined index: table C:\Users\Administrator\Desktop\final_work2\Admin\Runtime\Cache\Home\b8ffd7f82f0f8c5b9527f277382d136a.php ç¬¬ 128 è¡Œ.
NOTIC: [8] Undefined index: table C:\Users\Administrator\Desktop\final_work2\Admin\Runtime\Cache\Home\b8ffd7f82f0f8c5b9527f277382d136a.php ç¬¬ 159 è¡Œ.
INFO: Run Behavior\ParseTemplateBehavior [ RunTime:0.024400s ]
INFO: [ view_parse ] --END-- [ RunTime:0.024471s ]
INFO: [ view_filter ] --START--
INFO: Run Behavior\WriteHtmlCacheBehavior [ RunTime:0.000461s ]
INFO: [ view_filter ] --END-- [ RunTime:0.000514s ]
INFO: [ app_end ] --START--
INFO: Run Behavior\ShowPageTraceBehavior [ RunTime:0.000726s ]
INFO: [ app_end ] --END-- [ RunTime:0.000783s ]

[ 2018-06-06T12:01:26+08:00 ] 127.0.0.1 /final_work2/admin.php?s=/Home/Index/check
INFO: [ app_init ] --START--
INFO: Run Behavior\BuildLiteBehavior [ RunTime:0.000019s ]
INFO: [ app_init ] --END-- [ RunTime:0.000553s ]
INFO: [ app_begin ] --START--
INFO: Run Behavior\ReadHtmlCacheBehavior [ RunTime:0.000912s ]
INFO: [ app_begin ] --END-- [ RunTime:0.000998s ]
SQL: SHOW COLUMNS FROM `admin_user` [ RunTime:0.0008s ]
SQL: SELECT * FROM `admin_user` WHERE `name` = 'gong' AND `password` = '16272215' LIMIT 1   [ RunTime:0.0004s ]
INFO: [ view_parse ] --START--
INFO: [ template_filter ] --START--
INFO: Run Behavior\ContentReplaceBehavior [ RunTime:0.000129s ]
INFO: [ template_filter ] --END-- [ RunTime:0.000201s ]
NOTIC: [8] Undefined index: table C:\Users\Administrator\Desktop\final_work2\Admin\Runtime\Cache\Home\b8ffd7f82f0f8c5b9527f277382d136a.php ç¬¬ 37 è¡Œ.
NOTIC: [8] Undefined index: table C:\Users\Administrator\Desktop\final_work2\Admin\Runtime\Cache\Home\b8ffd7f82f0f8c5b9527f277382d136a.php ç¬¬ 57 è¡Œ.
NOTIC: [8] Undefined index: table C:\Users\Administrator\Desktop\final_work2\Admin\Runtime\Cache\Home\b8ffd7f82f0f8c5b9527f277382d136a.php ç¬¬ 82 è¡Œ.
NOTIC: [8] Undefined index: table C:\Users\Administrator\Desktop\final_work2\Admin\Runtime\Cache\Home\b8ffd7f82f0f8c5b9527f277382d136a.php ç¬¬ 103 è¡Œ.
NOTIC: [8] Undefined index: table C:\Users\Administrator\Desktop\final_work2\Admin\Runtime\Cache\Home\b8ffd7f82f0f8c5b9527f277382d136a.php ç¬¬ 128 è¡Œ.
NOTIC: [8] Undefined index: table C:\Users\Administrator\Desktop\final_work2\Admin\Runtime\Cache\Home\b8ffd7f82f0f8c5b9527f277382d136a.php ç¬¬ 159 è¡Œ.
INFO: Run Behavior\ParseTemplateBehavior [ RunTime:0.025456s ]
INFO: [ view_parse ] --END-- [ RunTime:0.025534s ]
INFO: [ view_filter ] --START--
INFO: Run Behavior\WriteHtmlCacheBehavior [ RunTime:0.000475s ]
INFO: [ view_filter ] --END-- [ RunTime:0.000529s ]
INFO: [ app_end ] --START--
INFO: Run Behavior\ShowPageTraceBehavior [ RunTime:0.000780s ]
INFO: [ app_end ] --END-- [ RunTime:0.000840s ]

[ 2018-06-06T12:01:29+08:00 ] 127.0.0.1 /final_work2/admin.php?s=/Home/Index/test.html
INFO: [ app_init ] --START--
INFO: Run Behavior\BuildLiteBehavior [ RunTime:0.000016s ]
INFO: [ app_init ] --END-- [ RunTime:0.000532s ]
INFO: [ app_begin ] --START--
INFO: Run Behavior\ReadHtmlCacheBehavior [ RunTime:0.010784s ]
INFO: [ app_begin ] --END-- [ RunTime:0.010858s ]
INFO: [ app_end ] --START--
INFO: Run Behavior\ShowPageTraceBehavior [ RunTime:0.000783s ]
INFO: [ app_end ] --END-- [ RunTime:0.000858s ]

[ 2018-06-06T12:01:31+08:00 ] 127.0.0.1 /final_work2/admin.php?s=/Home/Index/login.html
INFO: [ app_init ] --START--
INFO: Run Behavior\BuildLiteBehavior [ RunTime:0.000017s ]
INFO: [ app_init ] --END-- [ RunTime:0.000505s ]
INFO: [ app_begin ] --START--
INFO: Run Behavior\ReadHtmlCacheBehavior [ RunTime:0.000720s ]
INFO: [ app_begin ] --END-- [ RunTime:0.000784s ]
INFO: [ view_parse ] --START--
INFO: [ template_filter ] --START--
INFO: Run Behavior\ContentReplaceBehavior [ RunTime:0.000059s ]
INFO: [ template_filter ] --END-- [ RunTime:0.000120s ]
INFO: Run Behavior\ParseTemplateBehavior [ RunTime:0.009866s ]
INFO: [ view_parse ] --END-- [ RunTime:0.009937s ]
INFO: [ view_filter ] --START--
INFO: Run Behavior\WriteHtmlCacheBehavior [ RunTime:0.000429s ]
INFO: [ view_filter ] --END-- [ RunTime:0.000478s ]
INFO: [ app_end ] --START--
INFO: Run Behavior\ShowPageTraceBehavior [ RunTime:0.000748s ]
INFO: [ app_end ] --END-- [ RunTime:0.000807s ]

[ 2018-06-06T12:01:34+08:00 ] 127.0.0.1 /final_work2/admin.php?s=/Home/Index/test.html
INFO: [ app_init ] --START--
INFO: Run Behavior\BuildLiteBehavior [ RunTime:0.000017s ]
INFO: [ app_init ] --END-- [ RunTime:0.000529s ]
INFO: [ app_begin ] --START--
INFO: Run Behavior\ReadHtmlCacheBehavior [ RunTime:0.000756s ]
INFO: [ app_begin ] --END-- [ RunTime:0.000829s ]
INFO: [ app_end ] --START--
INFO: Run Behavior\ShowPageTraceBehavior [ RunTime:0.000814s ]
INFO: [ app_end ] --END-- [ RunTime:0.000888s ]

[ 2018-06-06T12:01:35+08:00 ] 127.0.0.1 /final_work2/admin.php?s=/Home/Index/test.html
INFO: [ app_init ] --START--
INFO: Run Behavior\BuildLiteBehavior [ RunTime:0.000019s ]
INFO: [ app_init ] --END-- [ RunTime:0.000519s ]
INFO: [ app_begin ] --START--
INFO: Run Behavior\ReadHtmlCacheBehavior [ RunTime:0.000737s ]
INFO: [ app_begin ] --END-- [ RunTime:0.000800s ]
INFO: [ app_end ] --START--
INFO: Run Behavior\ShowPageTraceBehavior [ RunTime:0.000740s ]
INFO: [ app_end ] --END-- [ RunTime:0.000805s ]

[ 2018-06-06T12:01:36+08:00 ] 127.0.0.1 /final_work2/admin.php?s=/Home/Index/login.html
INFO: [ app_init ] --START--
INFO: Run Behavior\BuildLiteBehavior [ RunTime:0.000017s ]
INFO: [ app_init ] --END-- [ RunTime:0.000501s ]
INFO: [ app_begin ] --START--
INFO: Run Behavior\ReadHtmlCacheBehavior [ RunTime:0.000723s ]
INFO: [ app_begin ] --END-- [ RunTime:0.000786s ]
INFO: [ view_parse ] --START--
INFO: [ template_filter ] --START--
INFO: Run Behavior\ContentReplaceBehavior [ RunTime:0.000057s ]
INFO: [ template_filter ] --END-- [ RunTime:0.000118s ]
INFO: Run Behavior\ParseTemplateBehavior [ RunTime:0.009574s ]
INFO: [ view_parse ] --END-- [ RunTime:0.009648s ]
INFO: [ view_filter ] --START--
INFO: Run Behavior\WriteHtmlCacheBehavior [ RunTime:0.000437s ]
INFO: [ view_filter ] --END-- [ RunTime:0.000486s ]
INFO: [ app_end ] --START--
INFO: Run Behavior\ShowPageTraceBehavior [ RunTime:0.000747s ]
INFO: [ app_end ] --END-- [ RunTime:0.000806s ]

[ 2018-06-06T12:01:37+08:00 ] 127.0.0.1 /final_work2/admin.php?s=/Home/Index/login.html
INFO: [ app_init ] --START--
INFO: Run Behavior\BuildLiteBehavior [ RunTime:0.000017s ]
INFO: [ app_init ] --END-- [ RunTime:0.000527s ]
INFO: [ app_begin ] --START--
INFO: Run Behavior\ReadHtmlCacheBehavior [ RunTime:0.000755s ]
INFO: [ app_begin ] --END-- [ RunTime:0.000830s ]
INFO: [ view_parse ] --START--
INFO: [ template_filter ] --START--
INFO: Run Behavior\ContentReplaceBehavior [ RunTime:0.000054s ]
INFO: [ template_filter ] --END-- [ RunTime:0.000116s ]
INFO: Run Behavior\ParseTemplateBehavior [ RunTime:0.009606s ]
INFO: [ view_parse ] --END-- [ RunTime:0.009687s ]
INFO: [ view_filter ] --START--
INFO: Run Behavior\WriteHtmlCacheBehavior [ RunTime:0.000437s ]
INFO: [ view_filter ] --END-- [ RunTime:0.000485s ]
INFO: [ app_end ] --START--
INFO: Run Behavior\ShowPageTraceBehavior [ RunTime:0.000750s ]
INFO: [ app_end ] --END-- [ RunTime:0.000808s ]

[ 2018-06-06T12:01:38+08:00 ] 127.0.0.1 /final_work2/admin.php?s=/Home/Index/test.html
INFO: [ app_init ] --START--
INFO: Run Behavior\BuildLiteBehavior [ RunTime:0.000016s ]
INFO: [ app_init ] --END-- [ RunTime:0.000522s ]
INFO: [ app_begin ] --START--
INFO: Run Behavior\ReadHtmlCacheBehavior [ RunTime:0.000758s ]
INFO: [ app_begin ] --END-- [ RunTime:0.000830s ]
INFO: [ app_end ] --START--
INFO: Run Behavior\ShowPageTraceBehavior [ RunTime:0.000781s ]
INFO: [ app_end ] --END-- [ RunTime:0.000856s ]

[ 2018-06-06T12:01:40+08:00 ] 127.0.0.1 /final_work2/admin.php?s=/Home/Index/login.html
INFO: [ app_init ] --START--
INFO: Run Behavior\BuildLiteBehavior [ RunTime:0.000017s ]
INFO: [ app_init ] --END-- [ RunTime:0.000512s ]
INFO: [ app_begin ] --START--
INFO: Run Behavior\ReadHtmlCacheBehavior [ RunTime:0.000724s ]
INFO: [ app_begin ] --END-- [ RunTime:0.000785s ]
INFO: [ view_parse ] --START--
INFO: [ template_filter ] --START--
INFO: Run Behavior\ContentReplaceBehavior [ RunTime:0.000055s ]
INFO: [ template_filter ] --END-- [ RunTime:0.000117s ]
INFO: Run Behavior\ParseTemplateBehavior [ RunTime:0.009546s ]
INFO: [ view_parse ] --END-- [ RunTime:0.009616s ]
INFO: [ view_filter ] --START--
INFO: Run Behavior\WriteHtmlCacheBehavior [ RunTime:0.000423s ]
INFO: [ view_filter ] --END-- [ RunTime:0.000471s ]
INFO: [ app_end ] --START--
INFO: Run Behavior\ShowPageTraceBehavior [ RunTime:0.000745s ]
INFO: [ app_end ] --END-- [ RunTime:0.000804s ]

[ 2018-06-06T12:01:41+08:00 ] 127.0.0.1 /final_work2/admin.php?s=/Home/Index/login.html
INFO: [ app_init ] --START--
INFO: Run Behavior\BuildLiteBehavior [ RunTime:0.000017s ]
INFO: [ app_init ] --END-- [ RunTime:0.000522s ]
INFO: [ app_begin ] --START--
INFO: Run Behavior\ReadHtmlCacheBehavior [ RunTime:0.000782s ]
INFO: [ app_begin ] --END-- [ RunTime:0.000854s ]
INFO: [ view_parse ] --START--
INFO: [ template_filter ] --START--
INFO: Run Behavior\ContentReplaceBehavior [ RunTime:0.000055s ]
INFO: [ template_filter ] --END-- [ RunTime:0.000117s ]
INFO: Run Behavior\ParseTemplateBehavior [ RunTime:0.009694s ]
INFO: [ view_parse ] --END-- [ RunTime:0.009770s ]
INFO: [ view_filter ] --START--
INFO: Run Behavior\WriteHtmlCacheBehavior [ RunTime:0.000442s ]
INFO: [ view_filter ] --END-- [ RunTime:0.000492s ]
INFO: [ app_end ] --START--
INFO: Run Behavior\ShowPageTraceBehavior [ RunTime:0.000770s ]
INFO: [ app_end ] --END-- [ RunTime:0.000828s ]

[ 2018-06-06T12:02:13+08:00 ] 127.0.0.1 /final_work2/admin.php?s=/Home/Index/curd/table/admin_user.html
INFO: [ app_init ] --START--
INFO: Run Behavior\BuildLiteBehavior [ RunTime:0.000018s ]
INFO: [ app_init ] --END-- [ RunTime:0.000536s ]
INFO: [ app_begin ] --START--
INFO: Run Behavior\ReadHtmlCacheBehavior [ RunTime:0.000766s ]
INFO: [ app_begin ] --END-- [ RunTime:0.000845s ]
SQL: SHOW COLUMNS FROM `admin_user` [ RunTime:0.0008s ]
SQL: SELECT * FROM `admin_user`  [ RunTime:0.0003s ]
INFO: [ view_parse ] --START--
INFO: [ template_filter ] --START--
INFO: Run Behavior\ContentReplaceBehavior [ RunTime:0.000127s ]
INFO: [ template_filter ] --END-- [ RunTime:0.000203s ]
INFO: Run Behavior\ParseTemplateBehavior [ RunTime:0.031794s ]
INFO: [ view_parse ] --END-- [ RunTime:0.031878s ]
INFO: [ view_filter ] --START--
INFO: Run Behavior\WriteHtmlCacheBehavior [ RunTime:0.000451s ]
INFO: [ view_filter ] --END-- [ RunTime:0.000506s ]
INFO: [ app_end ] --START--
INFO: Run Behavior\ShowPageTraceBehavior [ RunTime:0.000949s ]
INFO: [ app_end ] --END-- [ RunTime:0.001020s ]

[ 2018-06-06T12:02:15+08:00 ] 127.0.0.1 /final_work2/admin.php?s=/Home/Index/test.html
INFO: [ app_init ] --START--
INFO: Run Behavior\BuildLiteBehavior [ RunTime:0.000018s ]
INFO: [ app_init ] --END-- [ RunTime:0.000528s ]
INFO: [ app_begin ] --START--
INFO: Run Behavior\ReadHtmlCacheBehavior [ RunTime:0.000752s ]
INFO: [ app_begin ] --END-- [ RunTime:0.000822s ]
INFO: [ app_end ] --START--
INFO: Run Behavior\ShowPageTraceBehavior [ RunTime:0.000776s ]
INFO: [ app_end ] --END-- [ RunTime:0.000847s ]

[ 2018-06-06T12:02:17+08:00 ] 127.0.0.1 /final_work2/admin.php?s=/Home/Index/login.html
INFO: [ app_init ] --START--
INFO: Run Behavior\BuildLiteBehavior [ RunTime:0.000017s ]
INFO: [ app_init ] --END-- [ RunTime:0.000503s ]
INFO: [ app_begin ] --START--
INFO: Run Behavior\ReadHtmlCacheBehavior [ RunTime:0.000725s ]
INFO: [ app_begin ] --END-- [ RunTime:0.000787s ]
INFO: [ view_parse ] --START--
INFO: [ template_filter ] --START--
INFO: Run Behavior\ContentReplaceBehavior [ RunTime:0.000051s ]
INFO: [ template_filter ] --END-- [ RunTime:0.000112s ]
INFO: Run Behavior\ParseTemplateBehavior [ RunTime:0.009521s ]
INFO: [ view_parse ] --END-- [ RunTime:0.009594s ]
INFO: [ view_filter ] --START--
INFO: Run Behavior\WriteHtmlCacheBehavior [ RunTime:0.000430s ]
INFO: [ view_filter ] --END-- [ RunTime:0.000478s ]
INFO: [ app_end ] --START--
INFO: Run Behavior\ShowPageTraceBehavior [ RunTime:0.000746s ]
INFO: [ app_end ] --END-- [ RunTime:0.000806s ]

[ 2018-06-06T12:02:18+08:00 ] 127.0.0.1 /final_work2/admin.php?s=/Home/Index/login.html
INFO: [ app_init ] --START--
INFO: Run Behavior\BuildLiteBehavior [ RunTime:0.000019s ]
INFO: [ app_init ] --END-- [ RunTime:0.000535s ]
INFO: [ app_begin ] --START--
INFO: Run Behavior\ReadHtmlCacheBehavior [ RunTime:0.000770s ]
INFO: [ app_begin ] --END-- [ RunTime:0.000842s ]
INFO: [ view_parse ] --START--
INFO: [ template_filter ] --START--
INFO: Run Behavior\ContentReplaceBehavior [ RunTime:0.000054s ]
INFO: [ template_filter ] --END-- [ RunTime:0.000122s ]
INFO: Run Behavior\ParseTemplateBehavior [ RunTime:0.009597s ]
INFO: [ view_parse ] --END-- [ RunTime:0.009677s ]
INFO: [ view_filter ] --START--
INFO: Run Behavior\WriteHtmlCacheBehavior [ RunTime:0.000534s ]
INFO: [ view_filter ] --END-- [ RunTime:0.000592s ]
INFO: [ app_end ] --START--
INFO: Run Behavior\ShowPageTraceBehavior [ RunTime:0.000787s ]
INFO: [ app_end ] --END-- [ RunTime:0.000847s ]

[ 2018-06-06T12:02:20+08:00 ] 127.0.0.1 /final_work2/admin.php?s=/Home/Index/test.html
INFO: [ app_init ] --START--
INFO: Run Behavior\BuildLiteBehavior [ RunTime:0.000030s ]
INFO: [ app_init ] --END-- [ RunTime:0.000537s ]
INFO: [ app_begin ] --START--
INFO: Run Behavior\ReadHtmlCacheBehavior [ RunTime:0.000825s ]
INFO: [ app_begin ] --END-- [ RunTime:0.000897s ]
INFO: [ app_end ] --START--
INFO: Run Behavior\ShowPageTraceBehavior [ RunTime:0.000813s ]
INFO: [ app_end ] --END-- [ RunTime:0.000889s ]

[ 2018-06-06T12:02:21+08:00 ] 127.0.0.1 /final_work2/admin.php?s=/Home/Index/login.html
INFO: [ app_init ] --START--
INFO: Run Behavior\BuildLiteBehavior [ RunTime:0.000017s ]
INFO: [ app_init ] --END-- [ RunTime:0.000504s ]
INFO: [ app_begin ] --START--
INFO: Run Behavior\ReadHtmlCacheBehavior [ RunTime:0.000743s ]
INFO: [ app_begin ] --END-- [ RunTime:0.000805s ]
INFO: [ view_parse ] --START--
INFO: [ template_filter ] --START--
INFO: Run Behavior\ContentReplaceBehavior [ RunTime:0.000056s ]
INFO: [ template_filter ] --END-- [ RunTime:0.000117s ]
INFO: Run Behavior\ParseTemplateBehavior [ RunTime:0.009463s ]
INFO: [ view_parse ] --END-- [ RunTime:0.009536s ]
INFO: [ view_filter ] --START--
INFO: Run Behavior\WriteHtmlCacheBehavior [ RunTime:0.000433s ]
INFO: [ view_filter ] --END-- [ RunTime:0.000482s ]
INFO: [ app_end ] --START--
INFO: Run Behavior\ShowPageTraceBehavior [ RunTime:0.000744s ]
INFO: [ app_end ] --END-- [ RunTime:0.000803s ]

[ 2018-06-06T12:08:08+08:00 ] 127.0.0.1 /final_work2/admin.php?s=/Home/Index/test.html
INFO: [ app_init ] --START--
INFO: Run Behavior\BuildLiteBehavior [ RunTime:0.000016s ]
INFO: [ app_init ] --END-- [ RunTime:0.000621s ]
INFO: [ app_begin ] --START--
INFO: Run Behavior\ReadHtmlCacheBehavior [ RunTime:0.000981s ]
INFO: [ app_begin ] --END-- [ RunTime:0.001054s ]
INFO: [ app_end ] --START--
INFO: Run Behavior\ShowPageTraceBehavior [ RunTime:0.000965s ]
INFO: [ app_end ] --END-- [ RunTime:0.001039s ]

[ 2018-06-06T12:08:09+08:00 ] 127.0.0.1 /final_work2/admin.php?s=/Home/Index/curd/table/admin_user.html
INFO: [ app_init ] --START--
INFO: Run Behavior\BuildLiteBehavior [ RunTime:0.000017s ]
INFO: [ app_init ] --END-- [ RunTime:0.000501s ]
INFO: [ app_begin ] --START--
INFO: Run Behavior\ReadHtmlCacheBehavior [ RunTime:0.000723s ]
INFO: [ app_begin ] --END-- [ RunTime:0.000792s ]
SQL: SHOW COLUMNS FROM `admin_user` [ RunTime:0.0010s ]
SQL: SELECT * FROM `admin_user`  [ RunTime:0.0003s ]
INFO: [ view_parse ] --START--
INFO: [ template_filter ] --START--
INFO: Run Behavior\ContentReplaceBehavior [ RunTime:0.000138s ]
INFO: [ template_filter ] --END-- [ RunTime:0.000212s ]
INFO: Run Behavior\ParseTemplateBehavior [ RunTime:0.024997s ]
INFO: [ view_parse ] --END-- [ RunTime:0.025086s ]
INFO: [ view_filter ] --START--
INFO: Run Behavior\WriteHtmlCacheBehavior [ RunTime:0.000640s ]
INFO: [ view_filter ] --END-- [ RunTime:0.000697s ]
INFO: [ app_end ] --START--
INFO: Run Behavior\ShowPageTraceBehavior [ RunTime:0.000736s ]
INFO: [ app_end ] --END-- [ RunTime:0.000792s ]

[ 2018-06-06T12:08:12+08:00 ] 127.0.0.1 /final_work2/admin.php?s=/Home/Index/test.html
INFO: [ app_init ] --START--
INFO: Run Behavior\BuildLiteBehavior [ RunTime:0.000017s ]
INFO: [ app_init ] --END-- [ RunTime:0.000529s ]
INFO: [ app_begin ] --START--
INFO: Run Behavior\ReadHtmlCacheBehavior [ RunTime:0.000764s ]
INFO: [ app_begin ] --END-- [ RunTime:0.000835s ]
INFO: [ app_end ] --START--
INFO: Run Behavior\ShowPageTraceBehavior [ RunTime:0.000783s ]
INFO: [ app_end ] --END-- [ RunTime:0.000856s ]

[ 2018-06-06T12:08:14+08:00 ] 127.0.0.1 /final_work2/admin.php?s=/Home/Index/test
INFO: [ app_init ] --START--
INFO: Run Behavior\BuildLiteBehavior [ RunTime:0.000020s ]
INFO: [ app_init ] --END-- [ RunTime:0.000582s ]
INFO: [ app_begin ] --START--
INFO: Run Behavior\ReadHtmlCacheBehavior [ RunTime:0.000754s ]
INFO: [ app_begin ] --END-- [ RunTime:0.000826s ]
NOTIC: [2] session_start(): Cannot send session cache limiter - headers already sent C:\Users\Administrator\Desktop\final_work2\ThinkPHP\Common\functions.php ç¬¬ 1263 è¡Œ.
INFO: [ app_end ] --START--
INFO: Run Behavior\ShowPageTraceBehavior [ RunTime:0.000765s ]
INFO: [ app_end ] --END-- [ RunTime:0.000834s ]

[ 2018-06-06T12:08:33+08:00 ] 127.0.0.1 /final_work2/admin.php?s=/Home/Index/test.html
INFO: [ app_init ] --START--
INFO: Run Behavior\BuildLiteBehavior [ RunTime:0.000017s ]
INFO: [ app_init ] --END-- [ RunTime:0.000504s ]
INFO: [ app_begin ] --START--
INFO: Run Behavior\ReadHtmlCacheBehavior [ RunTime:0.000722s ]
INFO: [ app_begin ] --END-- [ RunTime:0.000785s ]
INFO: [ app_end ] --START--
INFO: Run Behavior\ShowPageTraceBehavior [ RunTime:0.000741s ]
INFO: [ app_end ] --END-- [ RunTime:0.000804s ]

[ 2018-06-06T12:08:34+08:00 ] 127.0.0.1 /final_work2/admin.php?s=/Home/Index/test.html
INFO: [ app_init ] --START--
INFO: Run Behavior\BuildLiteBehavior [ RunTime:0.000019s ]
INFO: [ app_init ] --END-- [ RunTime:0.000589s ]
INFO: [ app_begin ] --START--
INFO: Run Behavior\ReadHtmlCacheBehavior [ RunTime:0.000726s ]
INFO: [ app_begin ] --END-- [ RunTime:0.000789s ]
INFO: [ app_end ] --START--
INFO: Run Behavior\ShowPageTraceBehavior [ RunTime:0.000747s ]
INFO: [ app_end ] --END-- [ RunTime:0.000811s ]

[ 2018-06-06T12:09:12+08:00 ] 127.0.0.1 /final_work2/admin.php?s=/Home/Index/curd/table/admin_user.html
INFO: [ app_init ] --START--
INFO: Run Behavior\BuildLiteBehavior [ RunTime:0.000019s ]
INFO: [ app_init ] --END-- [ RunTime:0.000586s ]
INFO: [ app_begin ] --START--
INFO: Run Behavior\ReadHtmlCacheBehavior [ RunTime:0.000733s ]
INFO: [ app_begin ] --END-- [ RunTime:0.000805s ]
SQL: SHOW COLUMNS FROM `admin_user` [ RunTime:0.0009s ]
SQL: SELECT * FROM `admin_user`  [ RunTime:0.0003s ]
INFO: [ view_parse ] --START--
INFO: [ template_filter ] --START--
INFO: Run Behavior\ContentReplaceBehavior [ RunTime:0.000143s ]
INFO: [ template_filter ] --END-- [ RunTime:0.000218s ]
INFO: Run Behavior\ParseTemplateBehavior [ RunTime:0.024005s ]
INFO: [ view_parse ] --END-- [ RunTime:0.024086s ]
INFO: [ view_filter ] --START--
INFO: Run Behavior\WriteHtmlCacheBehavior [ RunTime:0.000452s ]
INFO: [ view_filter ] --END-- [ RunTime:0.000504s ]
INFO: [ app_end ] --START--
INFO: Run Behavior\ShowPageTraceBehavior [ RunTime:0.000723s ]
INFO: [ app_end ] --END-- [ RunTime:0.000780s ]

[ 2018-06-06T12:09:14+08:00 ] 127.0.0.1 /final_work2/admin.php?s=/Home/Index/test.html
INFO: [ app_init ] --START--
INFO: Run Behavior\BuildLiteBehavior [ RunTime:0.000016s ]
INFO: [ app_init ] --END-- [ RunTime:0.000523s ]
INFO: [ app_begin ] --START--
INFO: Run Behavior\ReadHtmlCacheBehavior [ RunTime:0.000763s ]
INFO: [ app_begin ] --END-- [ RunTime:0.000832s ]
INFO: [ app_end ] --START--
INFO: Run Behavior\ShowPageTraceBehavior [ RunTime:0.000773s ]
INFO: [ app_end ] --END-- [ RunTime:0.000845s ]

[ 2018-06-06T12:09:16+08:00 ] 127.0.0.1 /final_work2/admin.php?s=/Home/Index/test
INFO: [ app_init ] --START--
INFO: Run Behavior\BuildLiteBehavior [ RunTime:0.000017s ]
INFO: [ app_init ] --END-- [ RunTime:0.000549s ]
INFO: [ app_begin ] --START--
INFO: Run Behavior\ReadHtmlCacheBehavior [ RunTime:0.000712s ]
INFO: [ app_begin ] --END-- [ RunTime:0.000776s ]
NOTIC: [2] session_start(): Cannot send session cache limiter - headers already sent C:\Users\Administrator\Desktop\final_work2\ThinkPHP\Common\functions.php ç¬¬ 1263 è¡Œ.
INFO: [ app_end ] --START--
INFO: Run Behavior\ShowPageTraceBehavior [ RunTime:0.000744s ]
INFO: [ app_end ] --END-- [ RunTime:0.000809s ]

[ 2018-06-06T12:09:18+08:00 ] 127.0.0.1 /final_work2/admin.php?s=/Home/Index/test.html
INFO: [ app_init ] --START--
INFO: Run Behavior\BuildLiteBehavior [ RunTime:0.000017s ]
INFO: [ app_init ] --END-- [ RunTime:0.000500s ]
INFO: [ app_begin ] --START--
INFO: Run Behavior\ReadHtmlCacheBehavior [ RunTime:0.000719s ]
INFO: [ app_begin ] --END-- [ RunTime:0.000781s ]
INFO: [ app_end ] --START--
INFO: Run Behavior\ShowPageTraceBehavior [ RunTime:0.000739s ]
INFO: [ app_end ] --END-- [ RunTime:0.000802s ]

[ 2018-06-06T12:10:28+08:00 ] 127.0.0.1 /final_work2/admin.php?s=/Home/Index/curd/table/admin_user.html
INFO: [ app_init ] --START--
INFO: Run Behavior\BuildLiteBehavior [ RunTime:0.000019s ]
INFO: [ app_init ] --END-- [ RunTime:0.000595s ]
INFO: [ app_begin ] --START--
INFO: Run Behavior\ReadHtmlCacheBehavior [ RunTime:0.000957s ]
INFO: [ app_begin ] --END-- [ RunTime:0.001026s ]
SQL: SHOW COLUMNS FROM `admin_user` [ RunTime:0.0010s ]
SQL: SELECT * FROM `admin_user`  [ RunTime:0.0003s ]
INFO: [ view_parse ] --START--
INFO: [ template_filter ] --START--
INFO: Run Behavior\ContentReplaceBehavior [ RunTime:0.000130s ]
INFO: [ template_filter ] --END-- [ RunTime:0.000205s ]
INFO: Run Behavior\ParseTemplateBehavior [ RunTime:0.024873s ]
INFO: [ view_parse ] --END-- [ RunTime:0.024950s ]
INFO: [ view_filter ] --START--
INFO: Run Behavior\WriteHtmlCacheBehavior [ RunTime:0.000633s ]
INFO: [ view_filter ] --END-- [ RunTime:0.000691s ]
INFO: [ app_end ] --START--
INFO: Run Behavior\ShowPageTraceBehavior [ RunTime:0.000974s ]
INFO: [ app_end ] --END-- [ RunTime:0.001051s ]

[ 2018-06-06T12:10:30+08:00 ] 127.0.0.1 /final_work2/admin.php?s=/Home/Index/test
INFO: [ app_init ] --START--
INFO: Run Behavior\BuildLiteBehavior [ RunTime:0.000016s ]
INFO: [ app_init ] --END-- [ RunTime:0.000520s ]
INFO: [ app_begin ] --START--
INFO: Run Behavior\ReadHtmlCacheBehavior [ RunTime:0.000738s ]
INFO: [ app_begin ] --END-- [ RunTime:0.000811s ]
NOTIC: [2] session_start(): Cannot send session cache limiter - headers already sent C:\Users\Administrator\Desktop\final_work2\ThinkPHP\Common\functions.php ç¬¬ 1263 è¡Œ.
INFO: [ app_end ] --START--
INFO: Run Behavior\ShowPageTraceBehavior [ RunTime:0.000771s ]
INFO: [ app_end ] --END-- [ RunTime:0.000843s ]

[ 2018-06-06T12:10:37+08:00 ] 127.0.0.1 /final_work2/admin.php?s=/Home/Index/test.html
INFO: [ app_init ] --START--
INFO: Run Behavior\BuildLiteBehavior [ RunTime:0.000017s ]
INFO: [ app_init ] --END-- [ RunTime:0.000501s ]
INFO: [ app_begin ] --START--
INFO: Run Behavior\ReadHtmlCacheBehavior [ RunTime:0.000730s ]
INFO: [ app_begin ] --END-- [ RunTime:0.000792s ]
INFO: [ app_end ] --START--
INFO: Run Behavior\ShowPageTraceBehavior [ RunTime:0.000767s ]
INFO: [ app_end ] --END-- [ RunTime:0.000830s ]

[ 2018-06-06T12:10:38+08:00 ] 127.0.0.1 /final_work2/admin.php?s=/Home/Index/test.html
INFO: [ app_init ] --START--
INFO: Run Behavior\BuildLiteBehavior [ RunTime:0.000019s ]
INFO: [ app_init ] --END-- [ RunTime:0.000509s ]
INFO: [ app_begin ] --START--
INFO: Run Behavior\ReadHtmlCacheBehavior [ RunTime:0.000734s ]
INFO: [ app_begin ] --END-- [ RunTime:0.000796s ]
INFO: [ app_end ] --START--
INFO: Run Behavior\ShowPageTraceBehavior [ RunTime:0.000745s ]
INFO: [ app_end ] --END-- [ RunTime:0.000808s ]

[ 2018-06-06T12:11:03+08:00 ] 127.0.0.1 /final_work2/admin.php?s=/Home/Index/curd/table/admin_user.html
INFO: [ app_init ] --START--
INFO: Run Behavior\BuildLiteBehavior [ RunTime:0.000019s ]
INFO: [ app_init ] --END-- [ RunTime:0.000526s ]
INFO: [ app_begin ] --START--
INFO: Run Behavior\ReadHtmlCacheBehavior [ RunTime:0.000740s ]
INFO: [ app_begin ] --END-- [ RunTime:0.000809s ]
SQL: SHOW COLUMNS FROM `admin_user` [ RunTime:0.0008s ]
SQL: SELECT * FROM `admin_user`  [ RunTime:0.0003s ]
INFO: [ view_parse ] --START--
INFO: [ template_filter ] --START--
INFO: Run Behavior\ContentReplaceBehavior [ RunTime:0.000137s ]
INFO: [ template_filter ] --END-- [ RunTime:0.000220s ]
INFO: Run Behavior\ParseTemplateBehavior [ RunTime:0.030544s ]
INFO: [ view_parse ] --END-- [ RunTime:0.030631s ]
INFO: [ view_filter ] --START--
INFO: Run Behavior\WriteHtmlCacheBehavior [ RunTime:0.000460s ]
INFO: [ view_filter ] --END-- [ RunTime:0.000515s ]
INFO: [ app_end ] --START--
INFO: Run Behavior\ShowPageTraceBehavior [ RunTime:0.000746s ]
INFO: [ app_end ] --END-- [ RunTime:0.000804s ]

[ 2018-06-06T12:11:05+08:00 ] 127.0.0.1 /final_work2/admin.php?s=/Home/Index/test.html
INFO: [ app_init ] --START--
INFO: Run Behavior\BuildLiteBehavior [ RunTime:0.000016s ]
INFO: [ app_init ] --END-- [ RunTime:0.000522s ]
INFO: [ app_begin ] --START--
INFO: Run Behavior\ReadHtmlCacheBehavior [ RunTime:0.000750s ]
INFO: [ app_begin ] --END-- [ RunTime:0.000821s ]
INFO: [ app_end ] --START--
INFO: Run Behavior\ShowPageTraceBehavior [ RunTime:0.000767s ]
INFO: [ app_end ] --END-- [ RunTime:0.000839s ]

[ 2018-06-06T12:11:06+08:00 ] 127.0.0.1 /final_work2/admin.php?s=/Home/Index/test.html
INFO: [ app_init ] --START--
INFO: Run Behavior\BuildLiteBehavior [ RunTime:0.000018s ]
INFO: [ app_init ] --END-- [ RunTime:0.000517s ]
INFO: [ app_begin ] --START--
INFO: Run Behavior\ReadHtmlCacheBehavior [ RunTime:0.000728s ]
INFO: [ app_begin ] --END-- [ RunTime:0.000789s ]
INFO: [ app_end ] --START--
INFO: Run Behavior\ShowPageTraceBehavior [ RunTime:0.000913s ]
INFO: [ app_end ] --END-- [ RunTime:0.000978s ]

[ 2018-06-06T12:11:10+08:00 ] 127.0.0.1 /final_work2/admin.php?s=/Home/Index/test.html
INFO: [ app_init ] --START--
INFO: Run Behavior\BuildLiteBehavior [ RunTime:0.000017s ]
INFO: [ app_init ] --END-- [ RunTime:0.000498s ]
INFO: [ app_begin ] --START--
INFO: Run Behavior\ReadHtmlCacheBehavior [ RunTime:0.000720s ]
INFO: [ app_begin ] --END-- [ RunTime:0.000780s ]
INFO: [ app_end ] --START--
INFO: Run Behavior\ShowPageTraceBehavior [ RunTime:0.000738s ]
INFO: [ app_end ] --END-- [ RunTime:0.000802s ]

[ 2018-06-06T12:12:07+08:00 ] 127.0.0.1 /final_work2/admin.php?s=/Home/Index/curd/table/admin_user.html
INFO: [ app_init ] --START--
INFO: Run Behavior\BuildLiteBehavior [ RunTime:0.000022s ]
INFO: [ app_init ] --END-- [ RunTime:0.000553s ]
INFO: [ app_begin ] --START--
INFO: Run Behavior\ReadHtmlCacheBehavior [ RunTime:0.000741s ]
INFO: [ app_begin ] --END-- [ RunTime:0.000813s ]
SQL: SHOW COLUMNS FROM `admin_user` [ RunTime:0.0017s ]
SQL: SELECT * FROM `admin_user`  [ RunTime:0.0003s ]
INFO: [ view_parse ] --START--
INFO: [ template_filter ] --START--
INFO: Run Behavior\ContentReplaceBehavior [ RunTime:0.000165s ]
INFO: [ template_filter ] --END-- [ RunTime:0.000256s ]
INFO: Run Behavior\ParseTemplateBehavior [ RunTime:0.037733s ]
INFO: [ view_parse ] --END-- [ RunTime:0.037826s ]
INFO: [ view_filter ] --START--
INFO: Run Behavior\WriteHtmlCacheBehavior [ RunTime:0.000478s ]
INFO: [ view_filter ] --END-- [ RunTime:0.000535s ]
INFO: [ app_end ] --START--
INFO: Run Behavior\ShowPageTraceBehavior [ RunTime:0.000757s ]
INFO: [ app_end ] --END-- [ RunTime:0.000816s ]

[ 2018-06-06T12:12:11+08:00 ] 127.0.0.1 /final_work2/admin.php?s=/Home/Index/test
INFO: [ app_init ] --START--
INFO: Run Behavior\BuildLiteBehavior [ RunTime:0.000016s ]
INFO: [ app_init ] --END-- [ RunTime:0.000522s ]
INFO: [ app_begin ] --START--
INFO: Run Behavior\ReadHtmlCacheBehavior [ RunTime:0.000737s ]
INFO: [ app_begin ] --END-- [ RunTime:0.000810s ]
NOTIC: [2] session_start(): Cannot send session cache limiter - headers already sent C:\Users\Administrator\Desktop\final_work2\ThinkPHP\Common\functions.php ç¬¬ 1263 è¡Œ.
INFO: [ app_end ] --START--
INFO: Run Behavior\ShowPageTraceBehavior [ RunTime:0.000773s ]
INFO: [ app_end ] --END-- [ RunTime:0.000845s ]

[ 2018-06-06T12:12:13+08:00 ] 127.0.0.1 /final_work2/admin.php?s=/Home/Index/test
INFO: [ app_init ] --START--
INFO: Run Behavior\BuildLiteBehavior [ RunTime:0.000017s ]
INFO: [ app_init ] --END-- [ RunTime:0.000497s ]
INFO: [ app_begin ] --START--
INFO: Run Behavior\ReadHtmlCacheBehavior [ RunTime:0.000713s ]
INFO: [ app_begin ] --END-- [ RunTime:0.000778s ]
NOTIC: [2] session_start(): Cannot send session cache limiter - headers already sent C:\Users\Administrator\Desktop\final_work2\ThinkPHP\Common\functions.php ç¬¬ 1263 è¡Œ.
INFO: [ app_end ] --START--
INFO: Run Behavior\ShowPageTraceBehavior [ RunTime:0.000738s ]
INFO: [ app_end ] --END-- [ RunTime:0.000802s ]

[ 2018-06-06T12:13:42+08:00 ] 127.0.0.1 /final_work2/admin.php?s=/Home/Index/curd/table/admin_user.html
INFO: [ app_init ] --START--
INFO: Run Behavior\BuildLiteBehavior [ RunTime:0.000018s ]
INFO: [ app_init ] --END-- [ RunTime:0.000598s ]
INFO: [ app_begin ] --START--
INFO: Run Behavior\ReadHtmlCacheBehavior [ RunTime:0.001049s ]
INFO: [ app_begin ] --END-- [ RunTime:0.001119s ]
SQL: SHOW COLUMNS FROM `admin_user` [ RunTime:0.0010s ]
SQL: SELECT * FROM `admin_user`  [ RunTime:0.0003s ]
INFO: [ view_parse ] --START--
INFO: [ template_filter ] --START--
INFO: Run Behavior\ContentReplaceBehavior [ RunTime:0.000138s ]
INFO: [ template_filter ] --END-- [ RunTime:0.000213s ]
INFO: Run Behavior\ParseTemplateBehavior [ RunTime:0.025065s ]
INFO: [ view_parse ] --END-- [ RunTime:0.025154s ]
INFO: [ view_filter ] --START--
INFO: Run Behavior\WriteHtmlCacheBehavior [ RunTime:0.000631s ]
INFO: [ view_filter ] --END-- [ RunTime:0.000686s ]
INFO: [ app_end ] --START--
INFO: Run Behavior\ShowPageTraceBehavior [ RunTime:0.001202s ]
INFO: [ app_end ] --END-- [ RunTime:0.001263s ]

[ 2018-06-06T12:13:45+08:00 ] 127.0.0.1 /final_work2/admin.php?s=/Home/Index/test
INFO: [ app_init ] --START--
INFO: Run Behavior\BuildLiteBehavior [ RunTime:0.000017s ]
INFO: [ app_init ] --END-- [ RunTime:0.000522s ]
INFO: [ app_begin ] --START--
INFO: Run Behavior\ReadHtmlCacheBehavior [ RunTime:0.000738s ]
INFO: [ app_begin ] --END-- [ RunTime:0.000810s ]
INFO: [ app_end ] --START--
INFO: Run Behavior\ShowPageTraceBehavior [ RunTime:0.000775s ]
INFO: [ app_end ] --END-- [ RunTime:0.000849s ]

[ 2018-06-06T12:13:48+08:00 ] 127.0.0.1 /final_work2/admin.php?s=/Home/Index/test
INFO: [ app_init ] --START--
INFO: Run Behavior\BuildLiteBehavior [ RunTime:0.000018s ]
INFO: [ app_init ] --END-- [ RunTime:0.000529s ]
INFO: [ app_begin ] --START--
INFO: Run Behavior\ReadHtmlCacheBehavior [ RunTime:0.000761s ]
INFO: [ app_begin ] --END-- [ RunTime:0.000827s ]
INFO: [ app_end ] --START--
INFO: Run Behavior\ShowPageTraceBehavior [ RunTime:0.000764s ]
INFO: [ app_end ] --END-- [ RunTime:0.000829s ]

[ 2018-06-06T12:14:38+08:00 ] 127.0.0.1 /final_work2/admin.php?s=/Home/Index/curd/table/admin_user.html
INFO: [ app_init ] --START--
INFO: Run Behavior\BuildLiteBehavior [ RunTime:0.000018s ]
INFO: [ app_init ] --END-- [ RunTime:0.000515s ]
INFO: [ app_begin ] --START--
INFO: Run Behavior\ReadHtmlCacheBehavior [ RunTime:0.000725s ]
INFO: [ app_begin ] --END-- [ RunTime:0.000793s ]
SQL: SHOW COLUMNS FROM `admin_user` [ RunTime:0.0016s ]
SQL: SELECT * FROM `admin_user`  [ RunTime:0.0003s ]
INFO: [ view_parse ] --START--
INFO: [ template_filter ] --START--
INFO: Run Behavior\ContentReplaceBehavior [ RunTime:0.000136s ]
INFO: [ template_filter ] --END-- [ RunTime:0.000209s ]
INFO: Run Behavior\ParseTemplateBehavior [ RunTime:0.024195s ]
INFO: [ view_parse ] --END-- [ RunTime:0.024281s ]
INFO: [ view_filter ] --START--
INFO: Run Behavior\WriteHtmlCacheBehavior [ RunTime:0.000450s ]
INFO: [ view_filter ] --END-- [ RunTime:0.000502s ]
INFO: [ app_end ] --START--
INFO: Run Behavior\ShowPageTraceBehavior [ RunTime:0.000734s ]
INFO: [ app_end ] --END-- [ RunTime:0.000790s ]

[ 2018-06-06T12:14:40+08:00 ] 127.0.0.1 /final_work2/admin.php?s=/Home/Index/curd
INFO: [ app_init ] --START--
INFO: Run Behavior\BuildLiteBehavior [ RunTime:0.000016s ]
INFO: [ app_init ] --END-- [ RunTime:0.000522s ]
INFO: [ app_begin ] --START--
INFO: Run Behavior\ReadHtmlCacheBehavior [ RunTime:0.000740s ]
INFO: [ app_begin ] --END-- [ RunTime:0.000813s ]
NOTIC: [8] Undefined index: table C:\Users\Administrator\Desktop\final_work2\Admin\Home\Controller\IndexController.class.php ç¬¬ 28 è¡Œ.
INFO: [ view_parse ] --START--
INFO: [ template_filter ] --START--
INFO: Run Behavior\ContentReplaceBehavior [ RunTime:0.000129s ]
INFO: [ template_filter ] --END-- [ RunTime:0.000186s ]
NOTIC: [8] Undefined index: table C:\Users\Administrator\Desktop\final_work2\Admin\Runtime\Cache\Home\b8ffd7f82f0f8c5b9527f277382d136a.php ç¬¬ 44 è¡Œ.
NOTIC: [8] Undefined index: table C:\Users\Administrator\Desktop\final_work2\Admin\Runtime\Cache\Home\b8ffd7f82f0f8c5b9527f277382d136a.php ç¬¬ 64 è¡Œ.
NOTIC: [8] Undefined index: table C:\Users\Administrator\Desktop\final_work2\Admin\Runtime\Cache\Home\b8ffd7f82f0f8c5b9527f277382d136a.php ç¬¬ 89 è¡Œ.
NOTIC: [8] Undefined index: table C:\Users\Administrator\Desktop\final_work2\Admin\Runtime\Cache\Home\b8ffd7f82f0f8c5b9527f277382d136a.php ç¬¬ 110 è¡Œ.
NOTIC: [8] Undefined index: table C:\Users\Administrator\Desktop\final_work2\Admin\Runtime\Cache\Home\b8ffd7f82f0f8c5b9527f277382d136a.php ç¬¬ 135 è¡Œ.
NOTIC: [8] Undefined index: table C:\Users\Administrator\Desktop\final_work2\Admin\Runtime\Cache\Home\b8ffd7f82f0f8c5b9527f277382d136a.php ç¬¬ 166 è¡Œ.
INFO: Run Behavior\ParseTemplateBehavior [ RunTime:0.023419s ]
INFO: [ view_parse ] --END-- [ RunTime:0.023484s ]
INFO: [ view_filter ] --START--
INFO: Run Behavior\WriteHtmlCacheBehavior [ RunTime:0.000456s ]
INFO: [ view_filter ] --END-- [ RunTime:0.000503s ]
INFO: [ app_end ] --START--
INFO: Run Behavior\ShowPageTraceBehavior [ RunTime:0.000721s ]
INFO: [ app_end ] --END-- [ RunTime:0.000777s ]

[ 2018-06-06T12:14:53+08:00 ] 127.0.0.1 /final_work2/admin.php?s=/Home/Index/curd
INFO: [ app_init ] --START--
INFO: Run Behavior\BuildLiteBehavior [ RunTime:0.000018s ]
INFO: [ app_init ] --END-- [ RunTime:0.000539s ]
INFO: [ app_begin ] --START--
INFO: Run Behavior\ReadHtmlCacheBehavior [ RunTime:0.000800s ]
INFO: [ app_begin ] --END-- [ RunTime:0.000877s ]
NOTIC: [8] Undefined index: table C:\Users\Administrator\Desktop\final_work2\Admin\Home\Controller\IndexController.class.php ç¬¬ 28 è¡Œ.
INFO: [ view_parse ] --START--
INFO: [ template_filter ] --START--
INFO: Run Behavior\ContentReplaceBehavior [ RunTime:0.000132s ]
INFO: [ template_filter ] --END-- [ RunTime:0.000200s ]
NOTIC: [8] Undefined index: table C:\Users\Administrator\Desktop\final_work2\Admin\Runtime\Cache\Home\b8ffd7f82f0f8c5b9527f277382d136a.php ç¬¬ 44 è¡Œ.
NOTIC: [8] Undefined index: table C:\Users\Administrator\Desktop\final_work2\Admin\Runtime\Cache\Home\b8ffd7f82f0f8c5b9527f277382d136a.php ç¬¬ 64 è¡Œ.
NOTIC: [8] Undefined index: table C:\Users\Administrator\Desktop\final_work2\Admin\Runtime\Cache\Home\b8ffd7f82f0f8c5b9527f277382d136a.php ç¬¬ 89 è¡Œ.
NOTIC: [8] Undefined index: table C:\Users\Administrator\Desktop\final_work2\Admin\Runtime\Cache\Home\b8ffd7f82f0f8c5b9527f277382d136a.php ç¬¬ 110 è¡Œ.
NOTIC: [8] Undefined index: table C:\Users\Administrator\Desktop\final_work2\Admin\Runtime\Cache\Home\b8ffd7f82f0f8c5b9527f277382d136a.php ç¬¬ 135 è¡Œ.
NOTIC: [8] Undefined index: table C:\Users\Administrator\Desktop\final_work2\Admin\Runtime\Cache\Home\b8ffd7f82f0f8c5b9527f277382d136a.php ç¬¬ 166 è¡Œ.
INFO: Run Behavior\ParseTemplateBehavior [ RunTime:0.023656s ]
INFO: [ view_parse ] --END-- [ RunTime:0.023722s ]
INFO: [ view_filter ] --START--
INFO: Run Behavior\WriteHtmlCacheBehavior [ RunTime:0.000448s ]
INFO: [ view_filter ] --END-- [ RunTime:0.000493s ]
INFO: [ app_end ] --START--
INFO: Run Behavior\ShowPageTraceBehavior [ RunTime:0.000727s ]
INFO: [ app_end ] --END-- [ RunTime:0.000785s ]

[ 2018-06-06T12:14:54+08:00 ] 127.0.0.1 /final_work2/admin.php?s=/Home/Index/curd
INFO: [ app_init ] --START--
INFO: Run Behavior\BuildLiteBehavior [ RunTime:0.000017s ]
INFO: [ app_init ] --END-- [ RunTime:0.000531s ]
INFO: [ app_begin ] --START--
INFO: Run Behavior\ReadHtmlCacheBehavior [ RunTime:0.000783s ]
INFO: [ app_begin ] --END-- [ RunTime:0.000858s ]
NOTIC: [8] Undefined index: table C:\Users\Administrator\Desktop\final_work2\Admin\Home\Controller\IndexController.class.php ç¬¬ 28 è¡Œ.
INFO: [ view_parse ] --START--
INFO: [ template_filter ] --START--
INFO: Run Behavior\ContentReplaceBehavior [ RunTime:0.000131s ]
INFO: [ template_filter ] --END-- [ RunTime:0.000197s ]
NOTIC: [8] Undefined index: table C:\Users\Administrator\Desktop\final_work2\Admin\Runtime\Cache\Home\b8ffd7f82f0f8c5b9527f277382d136a.php ç¬¬ 44 è¡Œ.
NOTIC: [8] Undefined index: table C:\Users\Administrator\Desktop\final_work2\Admin\Runtime\Cache\Home\b8ffd7f82f0f8c5b9527f277382d136a.php ç¬¬ 64 è¡Œ.
NOTIC: [8] Undefined index: table C:\Users\Administrator\Desktop\final_work2\Admin\Runtime\Cache\Home\b8ffd7f82f0f8c5b9527f277382d136a.php ç¬¬ 89 è¡Œ.
NOTIC: [8] Undefined index: table C:\Users\Administrator\Desktop\final_work2\Admin\Runtime\Cache\Home\b8ffd7f82f0f8c5b9527f277382d136a.php ç¬¬ 110 è¡Œ.
NOTIC: [8] Undefined index: table C:\Users\Administrator\Desktop\final_work2\Admin\Runtime\Cache\Home\b8ffd7f82f0f8c5b9527f277382d136a.php ç¬¬ 135 è¡Œ.
NOTIC: [8] Undefined index: table C:\Users\Administrator\Desktop\final_work2\Admin\Runtime\Cache\Home\b8ffd7f82f0f8c5b9527f277382d136a.php ç¬¬ 166 è¡Œ.
INFO: Run Behavior\ParseTemplateBehavior [ RunTime:0.023503s ]
INFO: [ view_parse ] --END-- [ RunTime:0.023571s ]
INFO: [ view_filter ] --START--
INFO: Run Behavior\WriteHtmlCacheBehavior [ RunTime:0.000445s ]
INFO: [ view_filter ] --END-- [ RunTime:0.000493s ]
INFO: [ app_end ] --START--
INFO: Run Behavior\ShowPageTraceBehavior [ RunTime:0.000725s ]
INFO: [ app_end ] --END-- [ RunTime:0.000783s ]

[ 2018-06-06T12:16:41+08:00 ] 127.0.0.1 /final_work2/admin.php?s=/Home/Index/curd/table/admin_user.html
INFO: [ app_init ] --START--
INFO: Run Behavior\BuildLiteBehavior [ RunTime:0.000017s ]
INFO: [ app_init ] --END-- [ RunTime:0.000608s ]
INFO: [ app_begin ] --START--
INFO: Run Behavior\ReadHtmlCacheBehavior [ RunTime:0.000998s ]
INFO: [ app_begin ] --END-- [ RunTime:0.001080s ]
SQL: SHOW COLUMNS FROM `admin_user` [ RunTime:0.0017s ]
SQL: SELECT * FROM `admin_user`  [ RunTime:0.0003s ]
INFO: [ view_parse ] --START--
INFO: [ template_filter ] --START--
INFO: Run Behavior\ContentReplaceBehavior [ RunTime:0.000135s ]
INFO: [ template_filter ] --END-- [ RunTime:0.000211s ]
INFO: Run Behavior\ParseTemplateBehavior [ RunTime:0.025201s ]
INFO: [ view_parse ] --END-- [ RunTime:0.025287s ]
INFO: [ view_filter ] --START--
INFO: Run Behavior\WriteHtmlCacheBehavior [ RunTime:0.000629s ]
INFO: [ view_filter ] --END-- [ RunTime:0.000684s ]
INFO: [ app_end ] --START--
INFO: Run Behavior\ShowPageTraceBehavior [ RunTime:0.000888s ]
INFO: [ app_end ] --END-- [ RunTime:0.000950s ]

[ 2018-06-06T12:16:43+08:00 ] 127.0.0.1 /final_work2/admin.php?s=/Home/Index/read
INFO: [ app_init ] --START--
INFO: Run Behavior\BuildLiteBehavior [ RunTime:0.000017s ]
INFO: [ app_init ] --END-- [ RunTime:0.000521s ]
INFO: [ app_begin ] --START--
INFO: Run Behavior\ReadHtmlCacheBehavior [ RunTime:0.000758s ]
INFO: [ app_begin ] --END-- [ RunTime:0.000832s ]
ERR: å‚æ•°é”™è¯¯æˆ–è€…æœªå®šä¹‰:str

[ 2018-06-06T12:16:48+08:00 ] 127.0.0.1 /final_work2/admin.php?s=/Home/Index/read
INFO: [ app_init ] --START--
INFO: Run Behavior\BuildLiteBehavior [ RunTime:0.000020s ]
INFO: [ app_init ] --END-- [ RunTime:0.000524s ]
INFO: [ app_begin ] --START--
INFO: Run Behavior\ReadHtmlCacheBehavior [ RunTime:0.000753s ]
INFO: [ app_begin ] --END-- [ RunTime:0.000819s ]
ERR: å‚æ•°é”™è¯¯æˆ–è€…æœªå®šä¹‰:str

[ 2018-06-06T12:16:48+08:00 ] 127.0.0.1 /final_work2/admin.php?s=/Home/Index/read
INFO: [ app_init ] --START--
INFO: Run Behavior\BuildLiteBehavior [ RunTime:0.000018s ]
INFO: [ app_init ] --END-- [ RunTime:0.000507s ]
INFO: [ app_begin ] --START--
INFO: Run Behavior\ReadHtmlCacheBehavior [ RunTime:0.000728s ]
INFO: [ app_begin ] --END-- [ RunTime:0.000793s ]
ERR: å‚æ•°é”™è¯¯æˆ–è€…æœªå®šä¹‰:str

[ 2018-06-06T12:16:48+08:00 ] 127.0.0.1 /final_work2/admin.php?s=/Home/Index/read
INFO: [ app_init ] --START--
INFO: Run Behavior\BuildLiteBehavior [ RunTime:0.000017s ]
INFO: [ app_init ] --END-- [ RunTime:0.000501s ]
INFO: [ app_begin ] --START--
INFO: Run Behavior\ReadHtmlCacheBehavior [ RunTime:0.000732s ]
INFO: [ app_begin ] --END-- [ RunTime:0.000814s ]
ERR: å‚æ•°é”™è¯¯æˆ–è€…æœªå®šä¹‰:str

[ 2018-06-06T12:17:40+08:00 ] 127.0.0.1 /final_work2/admin.php?s=/Home/Index/read
INFO: [ app_init ] --START--
INFO: Run Behavior\BuildLiteBehavior [ RunTime:0.000020s ]
INFO: [ app_init ] --END-- [ RunTime:0.000533s ]
INFO: [ app_begin ] --START--
INFO: Run Behavior\ReadHtmlCacheBehavior [ RunTime:0.000726s ]
INFO: [ app_begin ] --END-- [ RunTime:0.000794s ]
SQL: SHOW COLUMNS FROM `admin_user` [ RunTime:0.0010s ]
SQL: SELECT * FROM `admin_user`  [ RunTime:0.0003s ]
INFO: [ app_end ] --START--
INFO: Run Behavior\ShowPageTraceBehavior [ RunTime:0.000865s ]
INFO: [ app_end ] --END-- [ RunTime:0.000934s ]

[ 2018-06-06T12:17:40+08:00 ] 127.0.0.1 /final_work2/admin.php?s=/Home/Index/curd/table/admin_user.html
INFO: [ app_init ] --START--
INFO: Run Behavior\BuildLiteBehavior [ RunTime:0.000020s ]
INFO: [ app_init ] --END-- [ RunTime:0.000537s ]
INFO: [ app_begin ] --START--
INFO: Run Behavior\ReadHtmlCacheBehavior [ RunTime:0.000797s ]
INFO: [ app_begin ] --END-- [ RunTime:0.000875s ]
NOTIC: [8] Undefined index: table C:\Users\Administrator\Desktop\final_work2\Admin\Home\Controller\IndexController.class.php ç¬¬ 59 è¡Œ.
ERR: 1103:Incorrect table name ''
 [ SQLè¯­å¥ ] : SELECT * FROM `` 
ERR: 1103:Incorrect table name ''
 [ SQLè¯­å¥ ] : SELECT * FROM `` 

[ 2018-06-06T12:18:04+08:00 ] 127.0.0.1 /final_work2/admin.php?s=/Home/Index/login.html
INFO: [ app_init ] --START--
INFO: Run Behavior\BuildLiteBehavior [ RunTime:0.000017s ]
INFO: [ app_init ] --END-- [ RunTime:0.000527s ]
INFO: [ app_begin ] --START--
INFO: Run Behavior\ReadHtmlCacheBehavior [ RunTime:0.000752s ]
INFO: [ app_begin ] --END-- [ RunTime:0.000823s ]
INFO: [ view_parse ] --START--
INFO: [ template_filter ] --START--
INFO: Run Behavior\ContentReplaceBehavior [ RunTime:0.000063s ]
INFO: [ template_filter ] --END-- [ RunTime:0.000125s ]
INFO: Run Behavior\ParseTemplateBehavior [ RunTime:0.009556s ]
INFO: [ view_parse ] --END-- [ RunTime:0.009633s ]
INFO: [ view_filter ] --START--
INFO: Run Behavior\WriteHtmlCacheBehavior [ RunTime:0.000437s ]
INFO: [ view_filter ] --END-- [ RunTime:0.000491s ]
INFO: [ app_end ] --START--
INFO: Run Behavior\ShowPageTraceBehavior [ RunTime:0.000750s ]
INFO: [ app_end ] --END-- [ RunTime:0.000808s ]

[ 2018-06-06T12:18:07+08:00 ] 127.0.0.1 /final_work2/admin.php?s=/Home/Index/test.html
INFO: [ app_init ] --START--
INFO: Run Behavior\BuildLiteBehavior [ RunTime:0.000016s ]
INFO: [ app_init ] --END-- [ RunTime:0.000520s ]
INFO: [ app_begin ] --START--
INFO: Run Behavior\ReadHtmlCacheBehavior [ RunTime:0.000762s ]
INFO: [ app_begin ] --END-- [ RunTime:0.000833s ]
INFO: [ app_end ] --START--
INFO: Run Behavior\ShowPageTraceBehavior [ RunTime:0.000821s ]
INFO: [ app_end ] --END-- [ RunTime:0.000894s ]

[ 2018-06-06T12:18:10+08:00 ] 127.0.0.1 /final_work2/admin.php?s=/Home/Index/check
INFO: [ app_init ] --START--
INFO: Run Behavior\BuildLiteBehavior [ RunTime:0.000018s ]
INFO: [ app_init ] --END-- [ RunTime:0.000504s ]
INFO: [ app_begin ] --START--
INFO: Run Behavior\ReadHtmlCacheBehavior [ RunTime:0.000741s ]
INFO: [ app_begin ] --END-- [ RunTime:0.000811s ]
SQL: SHOW COLUMNS FROM `admin_user` [ RunTime:0.0008s ]
SQL: SELECT * FROM `admin_user` WHERE `name` = 'gong' AND `password` = '16272215' LIMIT 1   [ RunTime:0.0004s ]
INFO: [ view_parse ] --START--
INFO: [ template_filter ] --START--
INFO: Run Behavior\ContentReplaceBehavior [ RunTime:0.000135s ]
INFO: [ template_filter ] --END-- [ RunTime:0.000210s ]
NOTIC: [8] Undefined index: table C:\Users\Administrator\Desktop\final_work2\Admin\Runtime\Cache\Home\b8ffd7f82f0f8c5b9527f277382d136a.php ç¬¬ 44 è¡Œ.
NOTIC: [8] Undefined index: table C:\Users\Administrator\Desktop\final_work2\Admin\Runtime\Cache\Home\b8ffd7f82f0f8c5b9527f277382d136a.php ç¬¬ 64 è¡Œ.
NOTIC: [8] Undefined index: table C:\Users\Administrator\Desktop\final_work2\Admin\Runtime\Cache\Home\b8ffd7f82f0f8c5b9527f277382d136a.php ç¬¬ 89 è¡Œ.
NOTIC: [8] Undefined index: table C:\Users\Administrator\Desktop\final_work2\Admin\Runtime\Cache\Home\b8ffd7f82f0f8c5b9527f277382d136a.php ç¬¬ 110 è¡Œ.
NOTIC: [8] Undefined index: table C:\Users\Administrator\Desktop\final_work2\Admin\Runtime\Cache\Home\b8ffd7f82f0f8c5b9527f277382d136a.php ç¬¬ 135 è¡Œ.
NOTIC: [8] Undefined index: table C:\Users\Administrator\Desktop\final_work2\Admin\Runtime\Cache\Home\b8ffd7f82f0f8c5b9527f277382d136a.php ç¬¬ 166 è¡Œ.
INFO: Run Behavior\ParseTemplateBehavior [ RunTime:0.024322s ]
INFO: [ view_parse ] --END-- [ RunTime:0.024399s ]
INFO: [ view_filter ] --START--
INFO: Run Behavior\WriteHtmlCacheBehavior [ RunTime:0.000536s ]
INFO: [ view_filter ] --END-- [ RunTime:0.000592s ]
INFO: [ app_end ] --START--
INFO: Run Behavior\ShowPageTraceBehavior [ RunTime:0.000752s ]
INFO: [ app_end ] --END-- [ RunTime:0.000812s ]

[ 2018-06-06T12:18:12+08:00 ] 127.0.0.1 /final_work2/admin.php?s=/Home/Index/read
INFO: [ app_init ] --START--
INFO: Run Behavior\BuildLiteBehavior [ RunTime:0.000018s ]
INFO: [ app_init ] --END-- [ RunTime:0.000534s ]
INFO: [ app_begin ] --START--
INFO: Run Behavior\ReadHtmlCacheBehavior [ RunTime:0.000739s ]
INFO: [ app_begin ] --END-- [ RunTime:0.000812s ]
SQL: SHOW COLUMNS FROM `admin_user` [ RunTime:0.0009s ]
SQL: SELECT * FROM `admin_user`  [ RunTime:0.0003s ]
INFO: [ app_end ] --START--
INFO: Run Behavior\ShowPageTraceBehavior [ RunTime:0.000954s ]
INFO: [ app_end ] --END-- [ RunTime:0.001024s ]

[ 2018-06-06T12:21:26+08:00 ] 127.0.0.1 /final_work2/admin.php?s=/Home/Index/check
INFO: [ app_init ] --START--
INFO: Run Behavior\BuildLiteBehavior [ RunTime:0.000019s ]
INFO: [ app_init ] --END-- [ RunTime:0.000629s ]
INFO: [ app_begin ] --START--
INFO: Run Behavior\ReadHtmlCacheBehavior [ RunTime:0.000952s ]
INFO: [ app_begin ] --END-- [ RunTime:0.001032s ]
SQL: SHOW COLUMNS FROM `admin_user` [ RunTime:0.0010s ]
SQL: SELECT * FROM `admin_user` WHERE `name` = 'gong' AND `password` = '16272215' LIMIT 1   [ RunTime:0.0005s ]
INFO: [ view_parse ] --START--
INFO: [ template_filter ] --START--
INFO: Run Behavior\ContentReplaceBehavior [ RunTime:0.000134s ]
INFO: [ template_filter ] --END-- [ RunTime:0.000207s ]
NOTIC: [8] Undefined index: table C:\Users\Administrator\Desktop\final_work2\Admin\Runtime\Cache\Home\b8ffd7f82f0f8c5b9527f277382d136a.php ç¬¬ 44 è¡Œ.
NOTIC: [8] Undefined index: table C:\Users\Administrator\Desktop\final_work2\Admin\Runtime\Cache\Home\b8ffd7f82f0f8c5b9527f277382d136a.php ç¬¬ 64 è¡Œ.
NOTIC: [8] Undefined index: table C:\Users\Administrator\Desktop\final_work2\Admin\Runtime\Cache\Home\b8ffd7f82f0f8c5b9527f277382d136a.php ç¬¬ 89 è¡Œ.
NOTIC: [8] Undefined index: table C:\Users\Administrator\Desktop\final_work2\Admin\Runtime\Cache\Home\b8ffd7f82f0f8c5b9527f277382d136a.php ç¬¬ 110 è¡Œ.
NOTIC: [8] Undefined index: table C:\Users\Administrator\Desktop\final_work2\Admin\Runtime\Cache\Home\b8ffd7f82f0f8c5b9527f277382d136a.php ç¬¬ 135 è¡Œ.
NOTIC: [8] Undefined index: table C:\Users\Administrator\Desktop\final_work2\Admin\Runtime\Cache\Home\b8ffd7f82f0f8c5b9527f277382d136a.php ç¬¬ 166 è¡Œ.
INFO: Run Behavior\ParseTemplateBehavior [ RunTime:0.025142s ]
INFO: [ view_parse ] --END-- [ RunTime:0.025219s ]
INFO: [ view_filter ] --START--
INFO: Run Behavior\WriteHtmlCacheBehavior [ RunTime:0.000809s ]
INFO: [ view_filter ] --END-- [ RunTime:0.000866s ]
INFO: [ app_end ] --START--
INFO: Run Behavior\ShowPageTraceBehavior [ RunTime:0.000903s ]
INFO: [ app_end ] --END-- [ RunTime:0.000963s ]

[ 2018-06-06T12:21:28+08:00 ] 127.0.0.1 /final_work2/admin.php?s=/Home/Index/read
INFO: [ app_init ] --START--
INFO: Run Behavior\BuildLiteBehavior [ RunTime:0.000017s ]
INFO: [ app_init ] --END-- [ RunTime:0.000523s ]
INFO: [ app_begin ] --START--
INFO: Run Behavior\ReadHtmlCacheBehavior [ RunTime:0.000750s ]
INFO: [ app_begin ] --END-- [ RunTime:0.000822s ]
SQL: SHOW COLUMNS FROM `admin_user` [ RunTime:0.0007s ]
SQL: SELECT * FROM `admin_user`  [ RunTime:0.0003s ]
INFO: [ view_parse ] --START--
INFO: [ template_filter ] --START--
INFO: Run Behavior\ContentReplaceBehavior [ RunTime:0.000050s ]
INFO: [ template_filter ] --END-- [ RunTime:0.000111s ]
INFO: Run Behavior\ParseTemplateBehavior [ RunTime:0.010989s ]
INFO: [ view_parse ] --END-- [ RunTime:0.011084s ]
INFO: [ view_filter ] --START--
INFO: Run Behavior\WriteHtmlCacheBehavior [ RunTime:0.000434s ]
INFO: [ view_filter ] --END-- [ RunTime:0.000485s ]
INFO: [ app_end ] --START--
INFO: Run Behavior\ShowPageTraceBehavior [ RunTime:0.000744s ]
INFO: [ app_end ] --END-- [ RunTime:0.000803s ]

